[0.473s] Invoking command in '/home/alejandro/ros2_ws/phantom_ws/build/phantom_description': CONDA_PROMPT_MODIFIER=(ros_env) /home/alejandro/.local/share/mamba/envs/ros_env/bin/cmake --build /home/alejandro/ros2_ws/phantom_ws/build/phantom_description -- -j8 -l8
[1.125s] Invoked command in '/home/alejandro/ros2_ws/phantom_ws/build/phantom_description' returned '0': CONDA_PROMPT_MODIFIER=(ros_env) /home/alejandro/.local/share/mamba/envs/ros_env/bin/cmake --build /home/alejandro/ros2_ws/phantom_ws/build/phantom_description -- -j8 -l8
[1.312s] Invoking command in '/home/alejandro/ros2_ws/phantom_ws/build/phantom_description': CONDA_PROMPT_MODIFIER=(ros_env) /home/alejandro/.local/share/mamba/envs/ros_env/bin/cmake --install /home/alejandro/ros2_ws/phantom_ws/build/phantom_description
[1.322s] -- Install configuration: ""
[1.327s] -- Execute custom install script
[1.336s] -- Up-to-date symlink: /home/alejandro/ros2_ws/phantom_ws/install/phantom_description/share/phantom_description//launch/viz_launch.py
[1.339s] -- Up-to-date symlink: /home/alejandro/ros2_ws/phantom_ws/install/phantom_description/share/phantom_description//urdf/arm_hardware.xacro
[1.340s] -- Up-to-date symlink: /home/alejandro/ros2_ws/phantom_ws/install/phantom_description/share/phantom_description//urdf/pincher_arm.urdf
[1.344s] -- Up-to-date symlink: /home/alejandro/ros2_ws/phantom_ws/install/phantom_description/share/phantom_description//urdf/pincher_arm.urdf.xacro
[1.346s] -- Up-to-date symlink: /home/alejandro/ros2_ws/phantom_ws/install/phantom_description/share/phantom_description//urdf/pincher_gripper.xacro
[1.352s] -- Up-to-date symlink: /home/alejandro/ros2_ws/phantom_ws/install/phantom_description/share/phantom_description//urdf/px100/px100.urdf.xacro
[1.356s] -- Up-to-date symlink: /home/alejandro/ros2_ws/phantom_ws/install/phantom_description/share/phantom_description//urdf/turtlebot_arm.urdf
[1.357s] -- Up-to-date symlink: /home/alejandro/ros2_ws/phantom_ws/install/phantom_description/share/phantom_description//urdf/turtlebot_arm.urdf.xacro
[1.358s] -- Up-to-date symlink: /home/alejandro/ros2_ws/phantom_ws/install/phantom_description/share/phantom_description//urdf/turtlebot_arm.xacro
[1.358s] -- Up-to-date symlink: /home/alejandro/ros2_ws/phantom_ws/install/phantom_description/share/phantom_description//urdf/turtlebot_gripper.xacro
[1.361s] -- Up-to-date symlink: /home/alejandro/ros2_ws/phantom_ws/install/phantom_description/share/phantom_description//config/a.rviz
[1.362s] -- Up-to-date symlink: /home/alejandro/ros2_ws/phantom_ws/install/phantom_description/share/phantom_description//config/rviz_px100.rviz
[1.369s] -- Up-to-date symlink: /home/alejandro/ros2_ws/phantom_ws/install/phantom_description/share/phantom_description//meshes/interbotix_black.png
[1.373s] -- Up-to-date symlink: /home/alejandro/ros2_ws/phantom_ws/install/phantom_description/share/phantom_description//meshes/px_100/px100_1_base.stl
[1.377s] -- Up-to-date symlink: /home/alejandro/ros2_ws/phantom_ws/install/phantom_description/share/phantom_description//meshes/px_100/px100_2_shoulder.stl
[1.378s] -- Up-to-date symlink: /home/alejandro/ros2_ws/phantom_ws/install/phantom_description/share/phantom_description//meshes/px_100/px100_3_upper_arm.stl
[1.379s] -- Up-to-date symlink: /home/alejandro/ros2_ws/phantom_ws/install/phantom_description/share/phantom_description//meshes/px_100/px100_4_forearm.stl
[1.380s] -- Up-to-date symlink: /home/alejandro/ros2_ws/phantom_ws/install/phantom_description/share/phantom_description//meshes/px_100/px100_5_gripper.stl
[1.381s] -- Up-to-date symlink: /home/alejandro/ros2_ws/phantom_ws/install/phantom_description/share/phantom_description//meshes/px_100/px100_6_gripper_prop.stl
[1.382s] -- Up-to-date symlink: /home/alejandro/ros2_ws/phantom_ws/install/phantom_description/share/phantom_description//meshes/px_100/px100_7_gripper_bar.stl
[1.383s] -- Up-to-date symlink: /home/alejandro/ros2_ws/phantom_ws/install/phantom_description/share/phantom_description//meshes/px_100/px100_8_gripper_finger.stl
[1.385s] -- Up-to-date symlink: /home/alejandro/ros2_ws/phantom_ws/install/phantom_description/share/phantom_description//meshes/px_100/px100_9_ar_tag.stl
[1.388s] -- Up-to-date symlink: /home/alejandro/ros2_ws/phantom_ws/install/phantom_description/share/phantom_description//meshes/turtle_bot/F10.stl
[1.390s] -- Up-to-date symlink: /home/alejandro/ros2_ws/phantom_ws/install/phantom_description/share/phantom_description//meshes/turtle_bot/F2.stl
[1.391s] -- Up-to-date symlink: /home/alejandro/ros2_ws/phantom_ws/install/phantom_description/share/phantom_description//meshes/turtle_bot/F3.stl
[1.392s] -- Up-to-date symlink: /home/alejandro/ros2_ws/phantom_ws/install/phantom_description/share/phantom_description//meshes/turtle_bot/F4.stl
[1.394s] -- Up-to-date symlink: /home/alejandro/ros2_ws/phantom_ws/install/phantom_description/share/phantom_description//meshes/turtle_bot/README
[1.395s] -- Up-to-date symlink: /home/alejandro/ros2_ws/phantom_ws/install/phantom_description/share/phantom_description//meshes/turtle_bot/ax12_box.stl
[1.396s] -- Up-to-date symlink: /home/alejandro/ros2_ws/phantom_ws/install/phantom_description/share/phantom_description//meshes/turtle_bot/mount.stl
[1.397s] -- Up-to-date symlink: /home/alejandro/ros2_ws/phantom_ws/install/phantom_description/share/phantom_description//meshes/turtle_bot/pincher_finger.stl
[1.399s] -- Up-to-date symlink: /home/alejandro/ros2_ws/phantom_ws/install/phantom_description/share/phantom_description//meshes/turtle_bot/pincher_finger_base.stl
[1.400s] -- Up-to-date symlink: /home/alejandro/ros2_ws/phantom_ws/install/phantom_description/share/phantom_description//meshes/turtle_bot/turtlebot_finger.stl
[1.403s] -- Up-to-date symlink: /home/alejandro/ros2_ws/phantom_ws/install/phantom_description/share/ament_index/resource_index/package_run_dependencies/phantom_description
[1.405s] -- Up-to-date symlink: /home/alejandro/ros2_ws/phantom_ws/install/phantom_description/share/ament_index/resource_index/parent_prefix_path/phantom_description
[1.406s] -- Up-to-date symlink: /home/alejandro/ros2_ws/phantom_ws/install/phantom_description/share/phantom_description/environment/ament_prefix_path.sh
[1.406s] -- Up-to-date symlink: /home/alejandro/ros2_ws/phantom_ws/install/phantom_description/share/phantom_description/environment/ament_prefix_path.dsv
[1.407s] -- Up-to-date symlink: /home/alejandro/ros2_ws/phantom_ws/install/phantom_description/share/phantom_description/environment/path.sh
[1.407s] -- Up-to-date symlink: /home/alejandro/ros2_ws/phantom_ws/install/phantom_description/share/phantom_description/environment/path.dsv
[1.409s] -- Up-to-date symlink: /home/alejandro/ros2_ws/phantom_ws/install/phantom_description/share/phantom_description/local_setup.bash
[1.411s] -- Up-to-date symlink: /home/alejandro/ros2_ws/phantom_ws/install/phantom_description/share/phantom_description/local_setup.sh
[1.412s] -- Up-to-date symlink: /home/alejandro/ros2_ws/phantom_ws/install/phantom_description/share/phantom_description/local_setup.zsh
[1.412s] -- Up-to-date symlink: /home/alejandro/ros2_ws/phantom_ws/install/phantom_description/share/phantom_description/local_setup.dsv
[1.412s] -- Symlinking: /home/alejandro/ros2_ws/phantom_ws/install/phantom_description/share/phantom_description/package.dsv
[1.420s] -- Up-to-date symlink: /home/alejandro/ros2_ws/phantom_ws/install/phantom_description/share/ament_index/resource_index/packages/phantom_description
[1.425s] -- Up-to-date symlink: /home/alejandro/ros2_ws/phantom_ws/install/phantom_description/share/phantom_description/cmake/phantom_descriptionConfig.cmake
[1.428s] -- Up-to-date symlink: /home/alejandro/ros2_ws/phantom_ws/install/phantom_description/share/phantom_description/cmake/phantom_descriptionConfig-version.cmake
[1.429s] -- Up-to-date symlink: /home/alejandro/ros2_ws/phantom_ws/install/phantom_description/share/phantom_description/package.xml
[1.437s] Invoked command in '/home/alejandro/ros2_ws/phantom_ws/build/phantom_description' returned '0': CONDA_PROMPT_MODIFIER=(ros_env) /home/alejandro/.local/share/mamba/envs/ros_env/bin/cmake --install /home/alejandro/ros2_ws/phantom_ws/build/phantom_description
