[0.039s] Invoking command in '/home/alejandro/ros2_ws/phantom_ws/build/phantom_coppelia': CONDA_PROMPT_MODIFIER=(ros_env) /home/alejandro/.local/share/mamba/envs/ros_env/bin/cmake /home/alejandro/ros2_ws/phantom_ws/src/phantomx-workbench/phantom_coppelia -DCMAKE_INSTALL_PREFIX=/home/alejandro/ros2_ws/phantom_ws/install/phantom_coppelia
[0.212s] [0mCMake Deprecation Warning at CMakeLists.txt:1 (cmake_minimum_required):
[0.212s]   Compatibility with CMake < 3.10 will be removed from a future version of
[0.212s]   CMake.
[0.212s] 
[0.212s]   Update the VERSION argument <min> value.  Or, use the <min>...<max> syntax
[0.212s]   to tell CMake that the project requires at least <min> but has been updated
[0.212s]   to work with policies introduced by <max> or earlier.
[0.212s] 
[0.212s] [0m
[0.346s] -- Found ament_cmake: 1.3.11 (/home/alejandro/.local/share/mamba/envs/ros_env/share/ament_cmake/cmake)
[1.149s] -- Override CMake install command with custom implementation using symlinks instead of copying resources
[1.247s] -- Found rclcpp: 16.0.11 (/home/alejandro/.local/share/mamba/envs/ros_env/share/rclcpp/cmake)
[1.362s] -- Found rosidl_generator_c: 3.1.6 (/home/alejandro/.local/share/mamba/envs/ros_env/share/rosidl_generator_c/cmake)
[1.390s] -- Found rosidl_adapter: 3.1.6 (/home/alejandro/.local/share/mamba/envs/ros_env/share/rosidl_adapter/cmake)
[1.432s] -- Found rosidl_generator_cpp: 3.1.6 (/home/alejandro/.local/share/mamba/envs/ros_env/share/rosidl_generator_cpp/cmake)
[1.483s] -- Using all available rosidl_typesupport_c: rosidl_typesupport_fastrtps_c;rosidl_typesupport_introspection_c
[1.528s] -- Using all available rosidl_typesupport_cpp: rosidl_typesupport_fastrtps_cpp;rosidl_typesupport_introspection_cpp
[1.727s] -- Found rmw_implementation_cmake: 6.1.2 (/home/alejandro/.local/share/mamba/envs/ros_env/share/rmw_implementation_cmake/cmake)
[1.743s] -- Found rmw_fastrtps_cpp: 6.2.7 (/home/alejandro/.local/share/mamba/envs/ros_env/share/rmw_fastrtps_cpp/cmake)
[2.315s] -- Using RMW implementation 'rmw_fastrtps_cpp' as default
[2.584s] -- Found std_msgs: 4.2.4 (/home/alejandro/.local/share/mamba/envs/ros_env/share/std_msgs/cmake)
[2.617s] -- Found sensor_msgs: 4.2.4 (/home/alejandro/.local/share/mamba/envs/ros_env/share/sensor_msgs/cmake)
[2.829s] -- Found ament_lint_auto: 0.12.11 (/home/alejandro/.local/share/mamba/envs/ros_env/share/ament_lint_auto/cmake)
[3.163s] -- Added test 'flake8' to check Python code syntax and style conventions
[3.163s] -- Added test 'lint_cmake' to check CMake code style
[3.163s] -- Added test 'pep257' to check Python code against some of the docstring style conventions in PEP 257
[3.164s] -- Added test 'xmllint' to check XML markup files
[3.191s] -- Configuring done (3.0s)
[3.409s] -- Generating done (0.2s)
[3.496s] -- Build files have been written to: /home/alejandro/ros2_ws/phantom_ws/build/phantom_coppelia
[3.497s] Invoked command in '/home/alejandro/ros2_ws/phantom_ws/build/phantom_coppelia' returned '0': CONDA_PROMPT_MODIFIER=(ros_env) /home/alejandro/.local/share/mamba/envs/ros_env/bin/cmake /home/alejandro/ros2_ws/phantom_ws/src/phantomx-workbench/phantom_coppelia -DCMAKE_INSTALL_PREFIX=/home/alejandro/ros2_ws/phantom_ws/install/phantom_coppelia
[3.498s] Invoking command in '/home/alejandro/ros2_ws/phantom_ws/build/phantom_coppelia': CONDA_PROMPT_MODIFIER=(ros_env) /home/alejandro/.local/share/mamba/envs/ros_env/bin/cmake --build /home/alejandro/ros2_ws/phantom_ws/build/phantom_coppelia -- -j8 -l8
[3.561s] Invoked command in '/home/alejandro/ros2_ws/phantom_ws/build/phantom_coppelia' returned '0': CONDA_PROMPT_MODIFIER=(ros_env) /home/alejandro/.local/share/mamba/envs/ros_env/bin/cmake --build /home/alejandro/ros2_ws/phantom_ws/build/phantom_coppelia -- -j8 -l8
[3.599s] Invoking command in '/home/alejandro/ros2_ws/phantom_ws/build/phantom_coppelia': CONDA_PROMPT_MODIFIER=(ros_env) /home/alejandro/.local/share/mamba/envs/ros_env/bin/cmake --install /home/alejandro/ros2_ws/phantom_ws/build/phantom_coppelia
[3.619s] -- Install configuration: ""
[3.619s] -- Execute custom install script
[3.619s] -- Up-to-date symlink: /home/alejandro/ros2_ws/phantom_ws/install/phantom_coppelia/share/phantom_coppelia//launch/bringup_launch.py
[3.620s] -- Up-to-date symlink: /home/alejandro/ros2_ws/phantom_ws/install/phantom_coppelia/share/phantom_coppelia//scenes/spheres.ttt
[3.626s] -- Up-to-date symlink: /home/alejandro/ros2_ws/phantom_ws/install/phantom_coppelia/share/ament_index/resource_index/package_run_dependencies/phantom_coppelia
[3.627s] -- Up-to-date symlink: /home/alejandro/ros2_ws/phantom_ws/install/phantom_coppelia/share/ament_index/resource_index/parent_prefix_path/phantom_coppelia
[3.628s] -- Up-to-date symlink: /home/alejandro/ros2_ws/phantom_ws/install/phantom_coppelia/share/phantom_coppelia/environment/ament_prefix_path.sh
[3.628s] -- Up-to-date symlink: /home/alejandro/ros2_ws/phantom_ws/install/phantom_coppelia/share/phantom_coppelia/environment/ament_prefix_path.dsv
[3.629s] -- Up-to-date symlink: /home/alejandro/ros2_ws/phantom_ws/install/phantom_coppelia/share/phantom_coppelia/environment/path.sh
[3.631s] -- Up-to-date symlink: /home/alejandro/ros2_ws/phantom_ws/install/phantom_coppelia/share/phantom_coppelia/environment/path.dsv
[3.636s] -- Up-to-date symlink: /home/alejandro/ros2_ws/phantom_ws/install/phantom_coppelia/share/phantom_coppelia/local_setup.bash
[3.641s] -- Up-to-date symlink: /home/alejandro/ros2_ws/phantom_ws/install/phantom_coppelia/share/phantom_coppelia/local_setup.sh
[3.644s] -- Up-to-date symlink: /home/alejandro/ros2_ws/phantom_ws/install/phantom_coppelia/share/phantom_coppelia/local_setup.zsh
[3.645s] -- Up-to-date symlink: /home/alejandro/ros2_ws/phantom_ws/install/phantom_coppelia/share/phantom_coppelia/local_setup.dsv
[3.645s] -- Symlinking: /home/alejandro/ros2_ws/phantom_ws/install/phantom_coppelia/share/phantom_coppelia/package.dsv
[3.651s] -- Up-to-date symlink: /home/alejandro/ros2_ws/phantom_ws/install/phantom_coppelia/share/ament_index/resource_index/packages/phantom_coppelia
[3.652s] -- Up-to-date symlink: /home/alejandro/ros2_ws/phantom_ws/install/phantom_coppelia/share/phantom_coppelia/cmake/phantom_coppeliaConfig.cmake
[3.653s] -- Up-to-date symlink: /home/alejandro/ros2_ws/phantom_ws/install/phantom_coppelia/share/phantom_coppelia/cmake/phantom_coppeliaConfig-version.cmake
[3.654s] -- Up-to-date symlink: /home/alejandro/ros2_ws/phantom_ws/install/phantom_coppelia/share/phantom_coppelia/package.xml
[3.656s] Invoked command in '/home/alejandro/ros2_ws/phantom_ws/build/phantom_coppelia' returned '0': CONDA_PROMPT_MODIFIER=(ros_env) /home/alejandro/.local/share/mamba/envs/ros_env/bin/cmake --install /home/alejandro/ros2_ws/phantom_ws/build/phantom_coppelia
