[0.204s] Invoking command in '/home/alejandro/ros2_ws/phantom_ws/build/phantom_coppelia': CMAKE_PREFIX_PATH=${CMAKE_PREFIX_PATH}:/home/alejandro/ros2_ws/phantom_ws/install/my_first_package CONDA_PROMPT_MODIFIER=(ros_env) /home/alejandro/.local/share/mamba/envs/ros_env/bin/cmake --build /home/alejandro/ros2_ws/phantom_ws/build/phantom_coppelia -- -j8 -l8
[0.244s] Invoked command in '/home/alejandro/ros2_ws/phantom_ws/build/phantom_coppelia' returned '0': CMAKE_PREFIX_PATH=${CMAKE_PREFIX_PATH}:/home/alejandro/ros2_ws/phantom_ws/install/my_first_package CONDA_PROMPT_MODIFIER=(ros_env) /home/alejandro/.local/share/mamba/envs/ros_env/bin/cmake --build /home/alejandro/ros2_ws/phantom_ws/build/phantom_coppelia -- -j8 -l8
[0.286s] Invoking command in '/home/alejandro/ros2_ws/phantom_ws/build/phantom_coppelia': CMAKE_PREFIX_PATH=${CMAKE_PREFIX_PATH}:/home/alejandro/ros2_ws/phantom_ws/install/my_first_package CONDA_PROMPT_MODIFIER=(ros_env) /home/alejandro/.local/share/mamba/envs/ros_env/bin/cmake --install /home/alejandro/ros2_ws/phantom_ws/build/phantom_coppelia
[0.294s] -- Install configuration: ""
[0.295s] -- Execute custom install script
[0.295s] -- Up-to-date symlink: /home/alejandro/ros2_ws/phantom_ws/install/phantom_coppelia/share/phantom_coppelia//launch/bringup_launch.py
[0.296s] -- Up-to-date symlink: /home/alejandro/ros2_ws/phantom_ws/install/phantom_coppelia/share/phantom_coppelia//scenes/spheres.ttt
[0.296s] -- Up-to-date symlink: /home/alejandro/ros2_ws/phantom_ws/install/phantom_coppelia/share/ament_index/resource_index/package_run_dependencies/phantom_coppelia
[0.297s] -- Up-to-date symlink: /home/alejandro/ros2_ws/phantom_ws/install/phantom_coppelia/share/ament_index/resource_index/parent_prefix_path/phantom_coppelia
[0.298s] -- Up-to-date symlink: /home/alejandro/ros2_ws/phantom_ws/install/phantom_coppelia/share/phantom_coppelia/environment/ament_prefix_path.sh
[0.298s] -- Up-to-date symlink: /home/alejandro/ros2_ws/phantom_ws/install/phantom_coppelia/share/phantom_coppelia/environment/ament_prefix_path.dsv
[0.298s] -- Up-to-date symlink: /home/alejandro/ros2_ws/phantom_ws/install/phantom_coppelia/share/phantom_coppelia/environment/path.sh
[0.299s] -- Up-to-date symlink: /home/alejandro/ros2_ws/phantom_ws/install/phantom_coppelia/share/phantom_coppelia/environment/path.dsv
[0.299s] -- Up-to-date symlink: /home/alejandro/ros2_ws/phantom_ws/install/phantom_coppelia/share/phantom_coppelia/local_setup.bash
[0.299s] -- Up-to-date symlink: /home/alejandro/ros2_ws/phantom_ws/install/phantom_coppelia/share/phantom_coppelia/local_setup.sh
[0.299s] -- Up-to-date symlink: /home/alejandro/ros2_ws/phantom_ws/install/phantom_coppelia/share/phantom_coppelia/local_setup.zsh
[0.300s] -- Up-to-date symlink: /home/alejandro/ros2_ws/phantom_ws/install/phantom_coppelia/share/phantom_coppelia/local_setup.dsv
[0.300s] -- Symlinking: /home/alejandro/ros2_ws/phantom_ws/install/phantom_coppelia/share/phantom_coppelia/package.dsv
[0.312s] -- Up-to-date symlink: /home/alejandro/ros2_ws/phantom_ws/install/phantom_coppelia/share/ament_index/resource_index/packages/phantom_coppelia
[0.312s] -- Up-to-date symlink: /home/alejandro/ros2_ws/phantom_ws/install/phantom_coppelia/share/phantom_coppelia/cmake/phantom_coppeliaConfig.cmake
[0.313s] -- Up-to-date symlink: /home/alejandro/ros2_ws/phantom_ws/install/phantom_coppelia/share/phantom_coppelia/cmake/phantom_coppeliaConfig-version.cmake
[0.313s] -- Up-to-date symlink: /home/alejandro/ros2_ws/phantom_ws/install/phantom_coppelia/share/phantom_coppelia/package.xml
[0.316s] Invoked command in '/home/alejandro/ros2_ws/phantom_ws/build/phantom_coppelia' returned '0': CMAKE_PREFIX_PATH=${CMAKE_PREFIX_PATH}:/home/alejandro/ros2_ws/phantom_ws/install/my_first_package CONDA_PROMPT_MODIFIER=(ros_env) /home/alejandro/.local/share/mamba/envs/ros_env/bin/cmake --install /home/alejandro/ros2_ws/phantom_ws/build/phantom_coppelia
