[0.195s] Invoking command in '/home/alejandro/ros2_ws/phantom_ws/build/phantom_coppelia': CONDA_PROMPT_MODIFIER=(ros_env) /home/alejandro/.local/share/mamba/envs/ros_env/bin/cmake --build /home/alejandro/ros2_ws/phantom_ws/build/phantom_coppelia -- -j8 -l8
[0.448s] Invoked command in '/home/alejandro/ros2_ws/phantom_ws/build/phantom_coppelia' returned '0': CONDA_PROMPT_MODIFIER=(ros_env) /home/alejandro/.local/share/mamba/envs/ros_env/bin/cmake --build /home/alejandro/ros2_ws/phantom_ws/build/phantom_coppelia -- -j8 -l8
[0.597s] Invoking command in '/home/alejandro/ros2_ws/phantom_ws/build/phantom_coppelia': CONDA_PROMPT_MODIFIER=(ros_env) /home/alejandro/.local/share/mamba/envs/ros_env/bin/cmake --install /home/alejandro/ros2_ws/phantom_ws/build/phantom_coppelia
[0.696s] -- Install configuration: ""
[0.698s] -- Execute custom install script
[0.698s] -- Up-to-date symlink: /home/alejandro/ros2_ws/phantom_ws/install/phantom_coppelia/share/phantom_coppelia//launch/bringup_launch.py
[0.698s] -- Up-to-date symlink: /home/alejandro/ros2_ws/phantom_ws/install/phantom_coppelia/share/phantom_coppelia//scenes/spheres.ttt
[0.699s] -- Up-to-date symlink: /home/alejandro/ros2_ws/phantom_ws/install/phantom_coppelia/share/ament_index/resource_index/package_run_dependencies/phantom_coppelia
[0.699s] -- Up-to-date symlink: /home/alejandro/ros2_ws/phantom_ws/install/phantom_coppelia/share/ament_index/resource_index/parent_prefix_path/phantom_coppelia
[0.699s] -- Up-to-date symlink: /home/alejandro/ros2_ws/phantom_ws/install/phantom_coppelia/share/phantom_coppelia/environment/ament_prefix_path.sh
[0.699s] -- Up-to-date symlink: /home/alejandro/ros2_ws/phantom_ws/install/phantom_coppelia/share/phantom_coppelia/environment/ament_prefix_path.dsv
[0.699s] -- Up-to-date symlink: /home/alejandro/ros2_ws/phantom_ws/install/phantom_coppelia/share/phantom_coppelia/environment/path.sh
[0.702s] -- Up-to-date symlink: /home/alejandro/ros2_ws/phantom_ws/install/phantom_coppelia/share/phantom_coppelia/environment/path.dsv
[0.710s] -- Up-to-date symlink: /home/alejandro/ros2_ws/phantom_ws/install/phantom_coppelia/share/phantom_coppelia/local_setup.bash
[0.711s] -- Up-to-date symlink: /home/alejandro/ros2_ws/phantom_ws/install/phantom_coppelia/share/phantom_coppelia/local_setup.sh
[0.714s] -- Up-to-date symlink: /home/alejandro/ros2_ws/phantom_ws/install/phantom_coppelia/share/phantom_coppelia/local_setup.zsh
[0.714s] -- Up-to-date symlink: /home/alejandro/ros2_ws/phantom_ws/install/phantom_coppelia/share/phantom_coppelia/local_setup.dsv
[0.715s] -- Symlinking: /home/alejandro/ros2_ws/phantom_ws/install/phantom_coppelia/share/phantom_coppelia/package.dsv
[0.775s] -- Up-to-date symlink: /home/alejandro/ros2_ws/phantom_ws/install/phantom_coppelia/share/ament_index/resource_index/packages/phantom_coppelia
[0.779s] -- Up-to-date symlink: /home/alejandro/ros2_ws/phantom_ws/install/phantom_coppelia/share/phantom_coppelia/cmake/phantom_coppeliaConfig.cmake
[0.780s] -- Up-to-date symlink: /home/alejandro/ros2_ws/phantom_ws/install/phantom_coppelia/share/phantom_coppelia/cmake/phantom_coppeliaConfig-version.cmake
[0.783s] -- Up-to-date symlink: /home/alejandro/ros2_ws/phantom_ws/install/phantom_coppelia/share/phantom_coppelia/package.xml
[0.838s] Invoked command in '/home/alejandro/ros2_ws/phantom_ws/build/phantom_coppelia' returned '0': CONDA_PROMPT_MODIFIER=(ros_env) /home/alejandro/.local/share/mamba/envs/ros_env/bin/cmake --install /home/alejandro/ros2_ws/phantom_ws/build/phantom_coppelia
