[1.346s] Invoking command in '/home/alejandro/ros2_ws/phantom_ws/build/phantom_vision': CMAKE_PREFIX_PATH=${CMAKE_PREFIX_PATH}:/home/alejandro/ros2_ws/phantom_ws/install/my_first_package CONDA_PROMPT_MODIFIER=(ros_env) /home/alejandro/.local/share/mamba/envs/ros_env/bin/cmake --build /home/alejandro/ros2_ws/phantom_ws/build/phantom_vision -- -j8 -l8
[1.722s] [100%] Built target ball_finder
[1.781s] Invoked command in '/home/alejandro/ros2_ws/phantom_ws/build/phantom_vision' returned '0': CMAKE_PREFIX_PATH=${CMAKE_PREFIX_PATH}:/home/alejandro/ros2_ws/phantom_ws/install/my_first_package CONDA_PROMPT_MODIFIER=(ros_env) /home/alejandro/.local/share/mamba/envs/ros_env/bin/cmake --build /home/alejandro/ros2_ws/phantom_ws/build/phantom_vision -- -j8 -l8
[2.022s] Invoking command in '/home/alejandro/ros2_ws/phantom_ws/build/phantom_vision': CMAKE_PREFIX_PATH=${CMAKE_PREFIX_PATH}:/home/alejandro/ros2_ws/phantom_ws/install/my_first_package CONDA_PROMPT_MODIFIER=(ros_env) /home/alejandro/.local/share/mamba/envs/ros_env/bin/cmake --install /home/alejandro/ros2_ws/phantom_ws/build/phantom_vision
[2.057s] -- Install configuration: ""
[2.063s] -- Execute custom install script
[2.065s] -- Up-to-date symlink: /home/alejandro/ros2_ws/phantom_ws/install/phantom_vision/lib/phantom_vision/ball_finder
[2.072s] -- Up-to-date symlink: /home/alejandro/ros2_ws/phantom_ws/install/phantom_vision/share/ament_index/resource_index/package_run_dependencies/phantom_vision
[2.077s] -- Up-to-date symlink: /home/alejandro/ros2_ws/phantom_ws/install/phantom_vision/share/ament_index/resource_index/parent_prefix_path/phantom_vision
[2.081s] -- Up-to-date symlink: /home/alejandro/ros2_ws/phantom_ws/install/phantom_vision/share/phantom_vision/environment/ament_prefix_path.sh
[2.082s] -- Up-to-date symlink: /home/alejandro/ros2_ws/phantom_ws/install/phantom_vision/share/phantom_vision/environment/ament_prefix_path.dsv
[2.082s] -- Up-to-date symlink: /home/alejandro/ros2_ws/phantom_ws/install/phantom_vision/share/phantom_vision/environment/path.sh
[2.083s] -- Up-to-date symlink: /home/alejandro/ros2_ws/phantom_ws/install/phantom_vision/share/phantom_vision/environment/path.dsv
[2.083s] -- Up-to-date symlink: /home/alejandro/ros2_ws/phantom_ws/install/phantom_vision/share/phantom_vision/local_setup.bash
[2.083s] -- Up-to-date symlink: /home/alejandro/ros2_ws/phantom_ws/install/phantom_vision/share/phantom_vision/local_setup.sh
[2.084s] -- Up-to-date symlink: /home/alejandro/ros2_ws/phantom_ws/install/phantom_vision/share/phantom_vision/local_setup.zsh
[2.085s] -- Up-to-date symlink: /home/alejandro/ros2_ws/phantom_ws/install/phantom_vision/share/phantom_vision/local_setup.dsv
[2.088s] -- Symlinking: /home/alejandro/ros2_ws/phantom_ws/install/phantom_vision/share/phantom_vision/package.dsv
[2.136s] -- Up-to-date symlink: /home/alejandro/ros2_ws/phantom_ws/install/phantom_vision/share/ament_index/resource_index/packages/phantom_vision
[2.138s] -- Up-to-date symlink: /home/alejandro/ros2_ws/phantom_ws/install/phantom_vision/share/phantom_vision/cmake/phantom_visionConfig.cmake
[2.144s] -- Up-to-date symlink: /home/alejandro/ros2_ws/phantom_ws/install/phantom_vision/share/phantom_vision/cmake/phantom_visionConfig-version.cmake
[2.145s] -- Up-to-date symlink: /home/alejandro/ros2_ws/phantom_ws/install/phantom_vision/share/phantom_vision/package.xml
[2.223s] Invoked command in '/home/alejandro/ros2_ws/phantom_ws/build/phantom_vision' returned '0': CMAKE_PREFIX_PATH=${CMAKE_PREFIX_PATH}:/home/alejandro/ros2_ws/phantom_ws/install/my_first_package CONDA_PROMPT_MODIFIER=(ros_env) /home/alejandro/.local/share/mamba/envs/ros_env/bin/cmake --install /home/alejandro/ros2_ws/phantom_ws/build/phantom_vision
