[0.011s] Invoking command in '/home/alejandro/ros2_ws/phantom_ws/build/phantom_coppelia': CONDA_PROMPT_MODIFIER=(ros_env) /home/alejandro/.local/share/mamba/envs/ros_env/bin/cmake /home/alejandro/ros2_ws/phantom_ws/src/phantomx-workbench/phantom_coppelia -DAMENT_CMAKE_SYMLINK_INSTALL=1 -DCMAKE_INSTALL_PREFIX=/home/alejandro/ros2_ws/phantom_ws/install/phantom_coppelia
[0.017s] [0mCMake Deprecation Warning at CMakeLists.txt:1 (cmake_minimum_required):
[0.017s]   Compatibility with CMake < 3.10 will be removed from a future version of
[0.018s]   CMake.
[0.018s] 
[0.018s]   Update the VERSION argument <min> value.  Or, use the <min>...<max> syntax
[0.018s]   to tell CMake that the project requires at least <min> but has been updated
[0.018s]   to work with policies introduced by <max> or earlier.
[0.018s] 
[0.019s] [0m
[0.142s] -- The C compiler identification is GNU 13.3.0
[0.286s] -- The CXX compiler identification is GNU 13.3.0
[0.309s] -- Detecting C compiler ABI info
[0.438s] -- Detecting C compiler ABI info - done
[0.472s] -- Check for working C compiler: /home/alejandro/.local/share/mamba/envs/ros_env/bin/x86_64-conda-linux-gnu-cc - skipped
[0.472s] -- Detecting C compile features
[0.473s] -- Detecting C compile features - done
[0.491s] -- Detecting CXX compiler ABI info
[0.648s] -- Detecting CXX compiler ABI info - done
[0.707s] -- Check for working CXX compiler: /home/alejandro/.local/share/mamba/envs/ros_env/bin/x86_64-conda-linux-gnu-c++ - skipped
[0.707s] -- Detecting CXX compile features
[0.708s] -- Detecting CXX compile features - done
[0.733s] -- Found ament_cmake: 1.3.11 (/home/alejandro/.local/share/mamba/envs/ros_env/share/ament_cmake/cmake)
[0.909s] -- Found Python3: /home/alejandro/.local/share/mamba/envs/ros_env/bin/python3 (found version "3.11.11") found components: Interpreter
[0.986s] -- Override CMake install command with custom implementation using symlinks instead of copying resources
[1.047s] -- Found rclcpp: 16.0.11 (/home/alejandro/.local/share/mamba/envs/ros_env/share/rclcpp/cmake)
[1.154s] -- Found rosidl_generator_c: 3.1.6 (/home/alejandro/.local/share/mamba/envs/ros_env/share/rosidl_generator_c/cmake)
[1.163s] -- Found rosidl_adapter: 3.1.6 (/home/alejandro/.local/share/mamba/envs/ros_env/share/rosidl_adapter/cmake)
[1.176s] -- Found rosidl_generator_cpp: 3.1.6 (/home/alejandro/.local/share/mamba/envs/ros_env/share/rosidl_generator_cpp/cmake)
[1.209s] -- Using all available rosidl_typesupport_c: rosidl_typesupport_fastrtps_c;rosidl_typesupport_introspection_c
[1.250s] -- Using all available rosidl_typesupport_cpp: rosidl_typesupport_fastrtps_cpp;rosidl_typesupport_introspection_cpp
[1.375s] -- Checking for module 'yaml-0.1'
[1.504s] --   Found yaml-0.1, version 0.2.5
[1.761s] -- Found rmw_implementation_cmake: 6.1.2 (/home/alejandro/.local/share/mamba/envs/ros_env/share/rmw_implementation_cmake/cmake)
[1.766s] -- Found rmw_fastrtps_cpp: 6.2.7 (/home/alejandro/.local/share/mamba/envs/ros_env/share/rmw_fastrtps_cpp/cmake)
[2.248s] -- Found OpenSSL: /home/alejandro/.local/share/mamba/envs/ros_env/lib/libcrypto.so (found version "3.4.1")
[2.308s] -- Found FastRTPS: /home/alejandro/.local/share/mamba/envs/ros_env/include
[2.389s] -- Using RMW implementation 'rmw_fastrtps_cpp' as default
[2.400s] -- Performing Test CMAKE_HAVE_LIBC_PTHREAD
[2.519s] -- Performing Test CMAKE_HAVE_LIBC_PTHREAD - Failed
[2.520s] -- Looking for pthread_create in pthreads
[2.621s] -- Looking for pthread_create in pthreads - not found
[2.621s] -- Looking for pthread_create in pthread
[2.726s] -- Looking for pthread_create in pthread - found
[2.727s] -- Found Threads: TRUE
[2.850s] -- Found std_msgs: 4.2.4 (/home/alejandro/.local/share/mamba/envs/ros_env/share/std_msgs/cmake)
[2.875s] -- Found sensor_msgs: 4.2.4 (/home/alejandro/.local/share/mamba/envs/ros_env/share/sensor_msgs/cmake)
[2.987s] -- Found ament_lint_auto: 0.12.11 (/home/alejandro/.local/share/mamba/envs/ros_env/share/ament_lint_auto/cmake)
[3.160s] -- Added test 'flake8' to check Python code syntax and style conventions
[3.160s] -- Added test 'lint_cmake' to check CMake code style
[3.161s] -- Added test 'pep257' to check Python code against some of the docstring style conventions in PEP 257
[3.161s] -- Added test 'xmllint' to check XML markup files
[3.162s] -- Configuring done (3.1s)
[3.168s] -- Generating done (0.0s)
[3.169s] -- Build files have been written to: /home/alejandro/ros2_ws/phantom_ws/build/phantom_coppelia
