/home/alejandro/ros2_ws/phantom_ws/install/my_first_package/lib/python3.11/site-packages/my_first_package/PhantomXController.py
/home/alejandro/ros2_ws/phantom_ws/install/my_first_package/lib/python3.11/site-packages/my_first_package/my_node.py
/home/alejandro/ros2_ws/phantom_ws/install/my_first_package/lib/python3.11/site-packages/my_first_package/xbox_controller_reader (copy).py
/home/alejandro/ros2_ws/phantom_ws/install/my_first_package/lib/python3.11/site-packages/my_first_package/xbox_controller_reader.py
/home/alejandro/ros2_ws/phantom_ws/install/my_first_package/lib/python3.11/site-packages/my_first_package/__init__.py
/home/alejandro/ros2_ws/phantom_ws/install/my_first_package/lib/python3.11/site-packages/my_first_package/__pycache__/PhantomXController.cpython-311.pyc
/home/alejandro/ros2_ws/phantom_ws/install/my_first_package/lib/python3.11/site-packages/my_first_package/__pycache__/my_node.cpython-311.pyc
/home/alejandro/ros2_ws/phantom_ws/install/my_first_package/lib/python3.11/site-packages/my_first_package/__pycache__/xbox_controller_reader (copy).cpython-311.pyc
/home/alejandro/ros2_ws/phantom_ws/install/my_first_package/lib/python3.11/site-packages/my_first_package/__pycache__/xbox_controller_reader.cpython-311.pyc
/home/alejandro/ros2_ws/phantom_ws/install/my_first_package/lib/python3.11/site-packages/my_first_package/__pycache__/__init__.cpython-311.pyc
/home/alejandro/ros2_ws/phantom_ws/install/my_first_package/share/ament_index/resource_index/packages/my_first_package
/home/alejandro/ros2_ws/phantom_ws/install/my_first_package/share/my_first_package/package.xml
/home/alejandro/ros2_ws/phantom_ws/install/my_first_package/lib/python3.11/site-packages/my_first_package-0.0.0-py3.11.egg-info/PKG-INFO
/home/alejandro/ros2_ws/phantom_ws/install/my_first_package/lib/python3.11/site-packages/my_first_package-0.0.0-py3.11.egg-info/entry_points.txt
/home/alejandro/ros2_ws/phantom_ws/install/my_first_package/lib/python3.11/site-packages/my_first_package-0.0.0-py3.11.egg-info/SOURCES.txt
/home/alejandro/ros2_ws/phantom_ws/install/my_first_package/lib/python3.11/site-packages/my_first_package-0.0.0-py3.11.egg-info/zip-safe
/home/alejandro/ros2_ws/phantom_ws/install/my_first_package/lib/python3.11/site-packages/my_first_package-0.0.0-py3.11.egg-info/dependency_links.txt
/home/alejandro/ros2_ws/phantom_ws/install/my_first_package/lib/python3.11/site-packages/my_first_package-0.0.0-py3.11.egg-info/top_level.txt
/home/alejandro/ros2_ws/phantom_ws/install/my_first_package/lib/python3.11/site-packages/my_first_package-0.0.0-py3.11.egg-info/requires.txt
/home/alejandro/ros2_ws/phantom_ws/install/my_first_package/lib/my_first_package/dynamixel
/home/alejandro/ros2_ws/phantom_ws/install/my_first_package/lib/my_first_package/my_node
/home/alejandro/ros2_ws/phantom_ws/install/my_first_package/lib/my_first_package/reader
