/home/alejandro/.local/share/mamba/envs/ros_env/lib/python3.11/site-packages/setuptools/_distutils/dist.py:270: UserWarning: Unknown distribution option: 'tests_require'
  warnings.warn(msg)
running egg_info
creating ../../../../build/my_first_package/my_first_package.egg-info
writing ../../../../build/my_first_package/my_first_package.egg-info/PKG-INFO
writing dependency_links to ../../../../build/my_first_package/my_first_package.egg-info/dependency_links.txt
writing entry points to ../../../../build/my_first_package/my_first_package.egg-info/entry_points.txt
writing requirements to ../../../../build/my_first_package/my_first_package.egg-info/requires.txt
writing top-level names to ../../../../build/my_first_package/my_first_package.egg-info/top_level.txt
writing manifest file '../../../../build/my_first_package/my_first_package.egg-info/SOURCES.txt'
reading manifest file '../../../../build/my_first_package/my_first_package.egg-info/SOURCES.txt'
writing manifest file '../../../../build/my_first_package/my_first_package.egg-info/SOURCES.txt'
running build
running build_py
creating /home/alejandro/ros2_ws/build/my_first_package/build/lib/my_first_package
copying my_first_package/PhantomXController.py -> /home/alejandro/ros2_ws/build/my_first_package/build/lib/my_first_package
copying my_first_package/my_node.py -> /home/alejandro/ros2_ws/build/my_first_package/build/lib/my_first_package
copying my_first_package/xbox_controller_reader (copy).py -> /home/alejandro/ros2_ws/build/my_first_package/build/lib/my_first_package
copying my_first_package/xbox_controller_reader.py -> /home/alejandro/ros2_ws/build/my_first_package/build/lib/my_first_package
copying my_first_package/__init__.py -> /home/alejandro/ros2_ws/build/my_first_package/build/lib/my_first_package
running install
running install_lib
creating /home/alejandro/ros2_ws/install/my_first_package/lib/python3.11/site-packages/my_first_package
copying /home/alejandro/ros2_ws/build/my_first_package/build/lib/my_first_package/PhantomXController.py -> /home/alejandro/ros2_ws/install/my_first_package/lib/python3.11/site-packages/my_first_package
copying /home/alejandro/ros2_ws/build/my_first_package/build/lib/my_first_package/my_node.py -> /home/alejandro/ros2_ws/install/my_first_package/lib/python3.11/site-packages/my_first_package
copying /home/alejandro/ros2_ws/build/my_first_package/build/lib/my_first_package/xbox_controller_reader (copy).py -> /home/alejandro/ros2_ws/install/my_first_package/lib/python3.11/site-packages/my_first_package
copying /home/alejandro/ros2_ws/build/my_first_package/build/lib/my_first_package/xbox_controller_reader.py -> /home/alejandro/ros2_ws/install/my_first_package/lib/python3.11/site-packages/my_first_package
copying /home/alejandro/ros2_ws/build/my_first_package/build/lib/my_first_package/__init__.py -> /home/alejandro/ros2_ws/install/my_first_package/lib/python3.11/site-packages/my_first_package
byte-compiling /home/alejandro/ros2_ws/install/my_first_package/lib/python3.11/site-packages/my_first_package/PhantomXController.py to PhantomXController.cpython-311.pyc
byte-compiling /home/alejandro/ros2_ws/install/my_first_package/lib/python3.11/site-packages/my_first_package/my_node.py to my_node.cpython-311.pyc
byte-compiling /home/alejandro/ros2_ws/install/my_first_package/lib/python3.11/site-packages/my_first_package/xbox_controller_reader (copy).py to xbox_controller_reader (copy).cpython-311.pyc
byte-compiling /home/alejandro/ros2_ws/install/my_first_package/lib/python3.11/site-packages/my_first_package/xbox_controller_reader.py to xbox_controller_reader.cpython-311.pyc
byte-compiling /home/alejandro/ros2_ws/install/my_first_package/lib/python3.11/site-packages/my_first_package/__init__.py to __init__.cpython-311.pyc
running install_data
creating /home/alejandro/ros2_ws/install/my_first_package/share/ament_index/resource_index/packages
copying resource/my_first_package -> /home/alejandro/ros2_ws/install/my_first_package/share/ament_index/resource_index/packages
copying package.xml -> /home/alejandro/ros2_ws/install/my_first_package/share/my_first_package
running install_egg_info
Copying ../../../../build/my_first_package/my_first_package.egg-info to /home/alejandro/ros2_ws/install/my_first_package/lib/python3.11/site-packages/my_first_package-0.0.0-py3.11.egg-info
running install_scripts
Installing dynamixel script to /home/alejandro/ros2_ws/install/my_first_package/lib/my_first_package
Installing my_node script to /home/alejandro/ros2_ws/install/my_first_package/lib/my_first_package
Installing reader script to /home/alejandro/ros2_ws/install/my_first_package/lib/my_first_package
writing list of installed files to '/home/alejandro/ros2_ws/build/my_first_package/install.log'
