-- Found hardware_interface: 2.48.0 (/opt/ros/humble/share/hardware_interface/cmake)
-- Found Python3: /home/alejandro/.local/share/mamba/envs/ros_env/bin/python3 (found version "3.11.11") found components: Interpreter
-- Override CMake install command with custom implementation using symlinks instead of copying resources
-- Found rosidl_generator_c: 3.1.6 (/opt/ros/humble/share/rosidl_generator_c/cmake)
-- Found rosidl_adapter: 3.1.6 (/opt/ros/humble/share/rosidl_adapter/cmake)
-- Found rosidl_generator_cpp: 3.1.6 (/opt/ros/humble/share/rosidl_generator_cpp/cmake)
-- Using all available rosidl_typesupport_c: rosidl_typesupport_fastrtps_c;rosidl_typesupport_introspection_c
-- Using all available rosidl_typesupport_cpp: rosidl_typesupport_fastrtps_cpp;rosidl_typesupport_introspection_cpp
-- Found TinyXML2 via Config file: /home/alejandro/.local/share/mamba/envs/ros_env/lib/cmake/tinyxml2
-- Found rmw_implementation_cmake: 6.1.2 (/opt/ros/humble/share/rmw_implementation_cmake/cmake)
-- Found rmw_fastrtps_cpp: 6.2.7 (/opt/ros/humble/share/rmw_fastrtps_cpp/cmake)
-- Found TinyXML2 via Config file: /home/alejandro/.local/share/mamba/envs/ros_env/lib/cmake/tinyxml2
-- Found OpenSSL: /home/alejandro/.local/share/mamba/envs/ros_env/lib/libcrypto.so (found version "3.4.1")
-- Found TinyXML2 via Config file: /home/alejandro/.local/share/mamba/envs/ros_env/lib/cmake/tinyxml2
-- Found FastRTPS: /opt/ros/humble/include
-- Found TinyXML2 via Config file: /home/alejandro/.local/share/mamba/envs/ros_env/lib/cmake/tinyxml2
-- Found TinyXML2 via Config file: /home/alejandro/.local/share/mamba/envs/ros_env/lib/cmake/tinyxml2
-- Using RMW implementation 'rmw_fastrtps_cpp' as default
-- Performing Test CMAKE_HAVE_LIBC_PTHREAD
-- Performing Test CMAKE_HAVE_LIBC_PTHREAD - Failed
-- Looking for pthread_create in pthreads
-- Looking for pthread_create in pthreads - not found
-- Looking for pthread_create in pthread
-- Looking for pthread_create in pthread - found
-- Found Threads: TRUE
-- Found angles: 1.15.0 (/home/alejandro/.local/share/mamba/envs/ros_env/share/angles/cmake)
-- Found rclpy: 3.3.15 (/opt/ros/humble/share/rclpy/cmake)
-- Configuring incomplete, errors occurred!
