[0.014s] Invoking command in '/home/alejandro/ros2_ws/phantom_ws/build/phantom_control': CONDA_PROMPT_MODIFIER=(ros_env) /home/alejandro/.local/share/mamba/envs/ros_env/bin/cmake /home/alejandro/ros2_ws/phantom_ws/src/phantomx-workbench/phantom_control -DAMENT_CMAKE_SYMLINK_INSTALL=1 -DCMAKE_INSTALL_PREFIX=/home/alejandro/ros2_ws/phantom_ws/install/phantom_control
[0.021s] [0mCMake Deprecation Warning at CMakeLists.txt:1 (cmake_minimum_required):
[0.022s]   Compatibility with CMake < 3.10 will be removed from a future version of
[0.022s]   CMake.
[0.022s] 
[0.022s]   Update the VERSION argument <min> value.  Or, use the <min>...<max> syntax
[0.022s]   to tell CMake that the project requires at least <min> but has been updated
[0.023s]   to work with policies introduced by <max> or earlier.
[0.023s] 
[0.023s] [0m
[0.062s] -- Found hardware_interface: 2.48.0 (/opt/ros/humble/share/hardware_interface/cmake)
[0.361s] -- Found Python3: /home/alejandro/.local/share/mamba/envs/ros_env/bin/python3 (found version "3.11.11") found components: Interpreter
[0.570s] -- Override CMake install command with custom implementation using symlinks instead of copying resources
[0.789s] -- Found rosidl_generator_c: 3.1.6 (/opt/ros/humble/share/rosidl_generator_c/cmake)
[0.804s] -- Found rosidl_adapter: 3.1.6 (/opt/ros/humble/share/rosidl_adapter/cmake)
[0.855s] -- Found rosidl_generator_cpp: 3.1.6 (/opt/ros/humble/share/rosidl_generator_cpp/cmake)
[0.907s] -- Using all available rosidl_typesupport_c: rosidl_typesupport_fastrtps_c;rosidl_typesupport_introspection_c
[0.940s] -- Using all available rosidl_typesupport_cpp: rosidl_typesupport_fastrtps_cpp;rosidl_typesupport_introspection_cpp
[1.304s] -- Found TinyXML2 via Config file: /home/alejandro/.local/share/mamba/envs/ros_env/lib/cmake/tinyxml2
[1.415s] -- Found rmw_implementation_cmake: 6.1.2 (/opt/ros/humble/share/rmw_implementation_cmake/cmake)
[1.431s] -- Found rmw_fastrtps_cpp: 6.2.7 (/opt/ros/humble/share/rmw_fastrtps_cpp/cmake)
[1.510s] -- Found TinyXML2 via Config file: /home/alejandro/.local/share/mamba/envs/ros_env/lib/cmake/tinyxml2
[1.970s] -- Found OpenSSL: /home/alejandro/.local/share/mamba/envs/ros_env/lib/libcrypto.so (found version "3.4.1")
[1.976s] -- Found TinyXML2 via Config file: /home/alejandro/.local/share/mamba/envs/ros_env/lib/cmake/tinyxml2
[2.031s] -- Found FastRTPS: /opt/ros/humble/include
[2.036s] -- Found TinyXML2 via Config file: /home/alejandro/.local/share/mamba/envs/ros_env/lib/cmake/tinyxml2
[2.070s] -- Found TinyXML2 via Config file: /home/alejandro/.local/share/mamba/envs/ros_env/lib/cmake/tinyxml2
[2.106s] -- Using RMW implementation 'rmw_fastrtps_cpp' as default
[2.116s] -- Performing Test CMAKE_HAVE_LIBC_PTHREAD
[2.231s] -- Performing Test CMAKE_HAVE_LIBC_PTHREAD - Failed
[2.231s] -- Looking for pthread_create in pthreads
[2.329s] -- Looking for pthread_create in pthreads - not found
[2.329s] -- Looking for pthread_create in pthread
[2.440s] -- Looking for pthread_create in pthread - found
[2.440s] -- Found Threads: TRUE
[2.569s] -- Found angles: 1.15.0 (/home/alejandro/.local/share/mamba/envs/ros_env/share/angles/cmake)
[2.573s] -- Found rclpy: 3.3.15 (/opt/ros/humble/share/rclpy/cmake)
[2.578s] [31mCMake Error at CMakeLists.txt:20 (find_package):
[2.578s]   By not providing "Finddynamixel_sdk.cmake" in CMAKE_MODULE_PATH this
[2.578s]   project has asked CMake to find a package configuration file provided by
[2.578s]   "dynamixel_sdk", but CMake did not find one.
[2.578s] 
[2.578s]   Could not find a package configuration file provided by "dynamixel_sdk"
[2.578s]   with any of the following names:
[2.578s] 
[2.578s]     dynamixel_sdkConfig.cmake
[2.578s]     dynamixel_sdk-config.cmake
[2.578s] 
[2.578s]   Add the installation prefix of "dynamixel_sdk" to CMAKE_PREFIX_PATH or set
[2.578s]   "dynamixel_sdk_DIR" to a directory containing one of the above files.  If
[2.579s]   "dynamixel_sdk" provides a separate development package or SDK, be sure it
[2.579s]   has been installed.
[2.579s] 
[2.579s] [0m
[2.579s] -- Configuring incomplete, errors occurred!
[2.590s] Invoked command in '/home/alejandro/ros2_ws/phantom_ws/build/phantom_control' returned '1': CONDA_PROMPT_MODIFIER=(ros_env) /home/alejandro/.local/share/mamba/envs/ros_env/bin/cmake /home/alejandro/ros2_ws/phantom_ws/src/phantomx-workbench/phantom_control -DAMENT_CMAKE_SYMLINK_INSTALL=1 -DCMAKE_INSTALL_PREFIX=/home/alejandro/ros2_ws/phantom_ws/install/phantom_control
