-- Found hardware_interface: 2.48.0 (/opt/ros/humble/share/hardware_interface/cmake)
-- Override CMake install command with custom implementation using symlinks instead of copying resources
-- Found rosidl_generator_c: 3.1.6 (/opt/ros/humble/share/rosidl_generator_c/cmake)
-- Found rosidl_adapter: 3.1.6 (/opt/ros/humble/share/rosidl_adapter/cmake)
-- Found rosidl_generator_cpp: 3.1.6 (/opt/ros/humble/share/rosidl_generator_cpp/cmake)
-- Using all available rosidl_typesupport_c: rosidl_typesupport_fastrtps_c;rosidl_typesupport_introspection_c
-- Using all available rosidl_typesupport_cpp: rosidl_typesupport_fastrtps_cpp;rosidl_typesupport_introspection_cpp
-- Found TinyXML2 via Config file: /home/alejandro/.local/share/mamba/envs/ros_env/lib/cmake/tinyxml2
-- Found rmw_implementation_cmake: 6.1.2 (/opt/ros/humble/share/rmw_implementation_cmake/cmake)
-- Found rmw_fastrtps_cpp: 6.2.7 (/opt/ros/humble/share/rmw_fastrtps_cpp/cmake)
-- Found TinyXML2 via Config file: /home/alejandro/.local/share/mamba/envs/ros_env/lib/cmake/tinyxml2
-- Found TinyXML2 via Config file: /home/alejandro/.local/share/mamba/envs/ros_env/lib/cmake/tinyxml2
-- Found TinyXML2 via Config file: /home/alejandro/.local/share/mamba/envs/ros_env/lib/cmake/tinyxml2
-- Found TinyXML2 via Config file: /home/alejandro/.local/share/mamba/envs/ros_env/lib/cmake/tinyxml2
-- Using RMW implementation 'rmw_fastrtps_cpp' as default
-- Found angles: 1.15.0 (/home/alejandro/.local/share/mamba/envs/ros_env/share/angles/cmake)
-- Found rclpy: 3.3.15 (/opt/ros/humble/share/rclpy/cmake)
-- Found dynamixel_sdk: 3.7.60 (/opt/ros/humble/share/dynamixel_sdk/cmake)
-- Found ament_lint_auto: 0.12.11 (/home/alejandro/.local/share/mamba/envs/ros_env/share/ament_lint_auto/cmake)
-- Added test 'cppcheck' to perform static code analysis on C / C++ code
-- Configured cppcheck include dirs: $<BUILD_INTERFACE:/home/alejandro/ros2_ws/phantom_ws/src/phantomx-workbench/phantom_control/hardware/include>
-- Configured cppcheck exclude dirs and/or files: 
-- Added test 'flake8' to check Python code syntax and style conventions
-- Added test 'lint_cmake' to check CMake code style
-- Added test 'pep257' to check Python code against some of the docstring style conventions in PEP 257
-- Added test 'uncrustify' to check C / C++ code style
-- Configured uncrustify additional arguments: 
-- Added test 'xmllint' to check XML markup files
-- Configuring done (0.7s)
-- Generating done (0.1s)
-- Build files have been written to: /home/alejandro/ros2_ws/phantom_ws/build/phantom_control
[ 66%] [32mBuilding CXX object CMakeFiles/phantom_control.dir/hardware/topic_based_system.cpp.o[0m
[ 66%] [32mBuilding CXX object CMakeFiles/phantom_control.dir/hardware/phantom_pincher_system.cpp.o[0m
[100%] [32m[1mLinking CXX shared library libphantom_control.so[0m
[100%] Built target phantom_control
-- Install configuration: ""
-- Execute custom install script
-- Symlinking: /home/alejandro/ros2_ws/phantom_ws/install/phantom_control/share/phantom_control//phantom_control.xml
-- Symlinking: /home/alejandro/ros2_ws/phantom_ws/install/phantom_control/share/phantom_control//pincher_control.xml
-- Symlinking: /home/alejandro/ros2_ws/phantom_ws/install/phantom_control/include/phantom_control/phantom_control/phantom_pincher_system.hpp
-- Symlinking: /home/alejandro/ros2_ws/phantom_ws/install/phantom_control/include/phantom_control/phantom_control/topic_based_system.hpp
-- Symlinking: /home/alejandro/ros2_ws/phantom_ws/install/phantom_control/share/phantom_control//launch/bringup_launch.py
-- Symlinking: /home/alejandro/ros2_ws/phantom_ws/install/phantom_control/share/phantom_control//launch/physical_launch.py
-- Symlinking: /home/alejandro/ros2_ws/phantom_ws/install/phantom_control/share/phantom_control//launch/px100_bringup_launch.py
-- Symlinking: /home/alejandro/ros2_ws/phantom_ws/install/phantom_control/share/phantom_control//config/coppelia_rgb_depth_rviz.rviz
-- Symlinking: /home/alejandro/ros2_ws/phantom_ws/install/phantom_control/share/phantom_control//config/phantom_controllers.yaml
-- Symlinking: /home/alejandro/ros2_ws/phantom_ws/install/phantom_control/share/phantom_control//config/px100_controllers.yaml
-- Symlinking: /home/alejandro/ros2_ws/phantom_ws/install/phantom_control/share/phantom_control//hardware/include/phantom_control/phantom_pincher_system.hpp
-- Symlinking: /home/alejandro/ros2_ws/phantom_ws/install/phantom_control/share/phantom_control//hardware/include/phantom_control/topic_based_system.hpp
-- Symlinking: /home/alejandro/ros2_ws/phantom_ws/install/phantom_control/share/phantom_control//hardware/phantom_pincher_system.cpp
-- Symlinking: /home/alejandro/ros2_ws/phantom_ws/install/phantom_control/share/phantom_control//hardware/topic_based_system.cpp
-- Symlinking: /home/alejandro/ros2_ws/phantom_ws/install/phantom_control/share/phantom_control//rviz/broadcaster_viz.rviz
-- Symlinking: /home/alejandro/ros2_ws/phantom_ws/install/phantom_control/share/phantom_control//description/phantom.ros2_control.xacro
-- Symlinking: /home/alejandro/ros2_ws/phantom_ws/install/phantom_control/share/phantom_control//description/physical_phantom.ros2_control.xacro
-- Symlinking: /home/alejandro/ros2_ws/phantom_ws/install/phantom_control/share/phantom_control//description/px100.urdf.xacro
-- Symlinking: /home/alejandro/ros2_ws/phantom_ws/install/phantom_control/share/phantom_control//description/ros2_control/px100.ros2_control.xacro
-- Symlinking: /home/alejandro/ros2_ws/phantom_ws/install/phantom_control/share/ament_index/resource_index/package_run_dependencies/phantom_control
-- Symlinking: /home/alejandro/ros2_ws/phantom_ws/install/phantom_control/share/ament_index/resource_index/parent_prefix_path/phantom_control
-- Symlinking: /home/alejandro/ros2_ws/phantom_ws/install/phantom_control/share/phantom_control/environment/ament_prefix_path.sh
-- Symlinking: /home/alejandro/ros2_ws/phantom_ws/install/phantom_control/share/phantom_control/environment/ament_prefix_path.dsv
-- Symlinking: /home/alejandro/ros2_ws/phantom_ws/install/phantom_control/share/phantom_control/environment/path.sh
-- Symlinking: /home/alejandro/ros2_ws/phantom_ws/install/phantom_control/share/phantom_control/environment/path.dsv
-- Symlinking: /home/alejandro/ros2_ws/phantom_ws/install/phantom_control/share/phantom_control/local_setup.bash
-- Symlinking: /home/alejandro/ros2_ws/phantom_ws/install/phantom_control/share/phantom_control/local_setup.sh
-- Symlinking: /home/alejandro/ros2_ws/phantom_ws/install/phantom_control/share/phantom_control/local_setup.zsh
-- Symlinking: /home/alejandro/ros2_ws/phantom_ws/install/phantom_control/share/phantom_control/local_setup.dsv
-- Symlinking: /home/alejandro/ros2_ws/phantom_ws/install/phantom_control/share/phantom_control/package.dsv
-- Symlinking: /home/alejandro/ros2_ws/phantom_ws/install/phantom_control/share/ament_index/resource_index/packages/phantom_control
-- Symlinking: /home/alejandro/ros2_ws/phantom_ws/install/phantom_control/share/ament_index/resource_index/hardware_interface__pluginlib__plugin/phantom_control
-- Symlinking: /home/alejandro/ros2_ws/phantom_ws/install/phantom_control/share/phantom_control/cmake/ament_cmake_export_dependencies-extras.cmake
-- Symlinking: /home/alejandro/ros2_ws/phantom_ws/install/phantom_control/share/phantom_control/cmake/phantom_controlConfig.cmake
-- Symlinking: /home/alejandro/ros2_ws/phantom_ws/install/phantom_control/share/phantom_control/cmake/phantom_controlConfig-version.cmake
-- Symlinking: /home/alejandro/ros2_ws/phantom_ws/install/phantom_control/share/phantom_control/package.xml
-- Installing: /home/alejandro/ros2_ws/phantom_ws/install/phantom_control/lib/libphantom_control.so
-- Set non-toolchain portion of runtime path of "/home/alejandro/ros2_ws/phantom_ws/install/phantom_control/lib/libphantom_control.so" to ""
