[0.514s] Invoking command in '/home/alejandro/ros2_ws/phantom_ws/build/phantom_control': CONDA_PROMPT_MODIFIER=(ros_env) /home/alejandro/.local/share/mamba/envs/ros_env/bin/cmake --build /home/alejandro/ros2_ws/phantom_ws/build/phantom_control -- -j8 -l8
[1.591s] [100%] Built target phantom_control
[1.610s] Invoked command in '/home/alejandro/ros2_ws/phantom_ws/build/phantom_control' returned '0': CONDA_PROMPT_MODIFIER=(ros_env) /home/alejandro/.local/share/mamba/envs/ros_env/bin/cmake --build /home/alejandro/ros2_ws/phantom_ws/build/phantom_control -- -j8 -l8
[1.670s] Invoking command in '/home/alejandro/ros2_ws/phantom_ws/build/phantom_control': CONDA_PROMPT_MODIFIER=(ros_env) /home/alejandro/.local/share/mamba/envs/ros_env/bin/cmake --install /home/alejandro/ros2_ws/phantom_ws/build/phantom_control
[1.677s] -- Install configuration: ""
[1.679s] -- Execute custom install script
[1.679s] -- Up-to-date symlink: /home/alejandro/ros2_ws/phantom_ws/install/phantom_control/share/phantom_control//phantom_control.xml
[1.680s] -- Up-to-date symlink: /home/alejandro/ros2_ws/phantom_ws/install/phantom_control/share/phantom_control//pincher_control.xml
[1.682s] -- Up-to-date symlink: /home/alejandro/ros2_ws/phantom_ws/install/phantom_control/include/phantom_control/phantom_control/phantom_pincher_system.hpp
[1.683s] -- Up-to-date symlink: /home/alejandro/ros2_ws/phantom_ws/install/phantom_control/include/phantom_control/phantom_control/topic_based_system.hpp
[1.683s] -- Up-to-date symlink: /home/alejandro/ros2_ws/phantom_ws/install/phantom_control/share/phantom_control//launch/bringup_launch.py
[1.683s] -- Up-to-date symlink: /home/alejandro/ros2_ws/phantom_ws/install/phantom_control/share/phantom_control//launch/physical_launch.py
[1.683s] -- Up-to-date symlink: /home/alejandro/ros2_ws/phantom_ws/install/phantom_control/share/phantom_control//launch/px100_bringup_launch.py
[1.684s] -- Up-to-date symlink: /home/alejandro/ros2_ws/phantom_ws/install/phantom_control/share/phantom_control//config/coppelia_rgb_depth_rviz.rviz
[1.684s] -- Up-to-date symlink: /home/alejandro/ros2_ws/phantom_ws/install/phantom_control/share/phantom_control//config/phantom_controllers.yaml
[1.684s] -- Up-to-date symlink: /home/alejandro/ros2_ws/phantom_ws/install/phantom_control/share/phantom_control//config/px100_controllers.yaml
[1.684s] -- Up-to-date symlink: /home/alejandro/ros2_ws/phantom_ws/install/phantom_control/share/phantom_control//hardware/include/phantom_control/phantom_pincher_system.hpp
[1.684s] -- Up-to-date symlink: /home/alejandro/ros2_ws/phantom_ws/install/phantom_control/share/phantom_control//hardware/include/phantom_control/topic_based_system.hpp
[1.685s] -- Up-to-date symlink: /home/alejandro/ros2_ws/phantom_ws/install/phantom_control/share/phantom_control//hardware/phantom_pincher_system.cpp
[1.685s] -- Up-to-date symlink: /home/alejandro/ros2_ws/phantom_ws/install/phantom_control/share/phantom_control//hardware/topic_based_system.cpp
[1.685s] -- Up-to-date symlink: /home/alejandro/ros2_ws/phantom_ws/install/phantom_control/share/phantom_control//rviz/broadcaster_viz.rviz
[1.685s] -- Up-to-date symlink: /home/alejandro/ros2_ws/phantom_ws/install/phantom_control/share/phantom_control//description/phantom.ros2_control.xacro
[1.685s] -- Up-to-date symlink: /home/alejandro/ros2_ws/phantom_ws/install/phantom_control/share/phantom_control//description/physical_phantom.ros2_control.xacro
[1.686s] -- Up-to-date symlink: /home/alejandro/ros2_ws/phantom_ws/install/phantom_control/share/phantom_control//description/px100.urdf.xacro
[1.686s] -- Up-to-date symlink: /home/alejandro/ros2_ws/phantom_ws/install/phantom_control/share/phantom_control//description/ros2_control/px100.ros2_control.xacro
[1.687s] -- Up-to-date symlink: /home/alejandro/ros2_ws/phantom_ws/install/phantom_control/share/ament_index/resource_index/package_run_dependencies/phantom_control
[1.688s] -- Up-to-date symlink: /home/alejandro/ros2_ws/phantom_ws/install/phantom_control/share/ament_index/resource_index/parent_prefix_path/phantom_control
[1.689s] -- Up-to-date symlink: /home/alejandro/ros2_ws/phantom_ws/install/phantom_control/share/phantom_control/environment/ament_prefix_path.sh
[1.689s] -- Up-to-date symlink: /home/alejandro/ros2_ws/phantom_ws/install/phantom_control/share/phantom_control/environment/ament_prefix_path.dsv
[1.689s] -- Up-to-date symlink: /home/alejandro/ros2_ws/phantom_ws/install/phantom_control/share/phantom_control/environment/path.sh
[1.690s] -- Up-to-date symlink: /home/alejandro/ros2_ws/phantom_ws/install/phantom_control/share/phantom_control/environment/path.dsv
[1.690s] -- Up-to-date symlink: /home/alejandro/ros2_ws/phantom_ws/install/phantom_control/share/phantom_control/local_setup.bash
[1.690s] -- Up-to-date symlink: /home/alejandro/ros2_ws/phantom_ws/install/phantom_control/share/phantom_control/local_setup.sh
[1.690s] -- Up-to-date symlink: /home/alejandro/ros2_ws/phantom_ws/install/phantom_control/share/phantom_control/local_setup.zsh
[1.690s] -- Up-to-date symlink: /home/alejandro/ros2_ws/phantom_ws/install/phantom_control/share/phantom_control/local_setup.dsv
[1.691s] -- Symlinking: /home/alejandro/ros2_ws/phantom_ws/install/phantom_control/share/phantom_control/package.dsv
[1.702s] -- Up-to-date symlink: /home/alejandro/ros2_ws/phantom_ws/install/phantom_control/share/ament_index/resource_index/packages/phantom_control
[1.708s] -- Up-to-date symlink: /home/alejandro/ros2_ws/phantom_ws/install/phantom_control/share/ament_index/resource_index/hardware_interface__pluginlib__plugin/phantom_control
[1.708s] -- Up-to-date symlink: /home/alejandro/ros2_ws/phantom_ws/install/phantom_control/share/phantom_control/cmake/ament_cmake_export_dependencies-extras.cmake
[1.708s] -- Up-to-date symlink: /home/alejandro/ros2_ws/phantom_ws/install/phantom_control/share/phantom_control/cmake/phantom_controlConfig.cmake
[1.708s] -- Up-to-date symlink: /home/alejandro/ros2_ws/phantom_ws/install/phantom_control/share/phantom_control/cmake/phantom_controlConfig-version.cmake
[1.708s] -- Up-to-date symlink: /home/alejandro/ros2_ws/phantom_ws/install/phantom_control/share/phantom_control/package.xml
[1.712s] -- Installing: /home/alejandro/ros2_ws/phantom_ws/install/phantom_control/lib/libphantom_control.so
[1.725s] -- Set non-toolchain portion of runtime path of "/home/alejandro/ros2_ws/phantom_ws/install/phantom_control/lib/libphantom_control.so" to ""
[1.727s] Invoked command in '/home/alejandro/ros2_ws/phantom_ws/build/phantom_control' returned '0': CONDA_PROMPT_MODIFIER=(ros_env) /home/alejandro/.local/share/mamba/envs/ros_env/bin/cmake --install /home/alejandro/ros2_ws/phantom_ws/build/phantom_control
