[0.014s] Invoking command in '/home/alejandro/ros2_ws/phantom_ws/build/phantom_control': CONDA_PROMPT_MODIFIER=(ros_env) /home/alejandro/.local/share/mamba/envs/ros_env/bin/cmake /home/alejandro/ros2_ws/phantom_ws/src/phantomx-workbench/phantom_control -DAMENT_CMAKE_SYMLINK_INSTALL=1 -DCMAKE_INSTALL_PREFIX=/home/alejandro/ros2_ws/phantom_ws/install/phantom_control
[0.020s] [0mCMake Deprecation Warning at CMakeLists.txt:1 (cmake_minimum_required):
[0.020s]   Compatibility with CMake < 3.10 will be removed from a future version of
[0.020s]   CMake.
[0.020s] 
[0.020s]   Update the VERSION argument <min> value.  Or, use the <min>...<max> syntax
[0.021s]   to tell CMake that the project requires at least <min> but has been updated
[0.021s]   to work with policies introduced by <max> or earlier.
[0.021s] 
[0.021s] [0m
[0.145s] -- The C compiler identification is GNU 13.3.0
[0.280s] -- The CXX compiler identification is GNU 13.3.0
[0.291s] -- Detecting C compiler ABI info
[0.438s] -- Detecting C compiler ABI info - done
[0.480s] -- Check for working C compiler: /home/alejandro/.local/share/mamba/envs/ros_env/bin/x86_64-conda-linux-gnu-cc - skipped
[0.480s] -- Detecting C compile features
[0.481s] -- Detecting C compile features - done
[0.506s] -- Detecting CXX compiler ABI info
[0.660s] -- Detecting CXX compiler ABI info - done
[0.704s] -- Check for working CXX compiler: /home/alejandro/.local/share/mamba/envs/ros_env/bin/x86_64-conda-linux-gnu-c++ - skipped
[0.705s] -- Detecting CXX compile features
[0.705s] -- Detecting CXX compile features - done
[0.732s] [31mCMake Error at CMakeLists.txt:20 (find_package):
[0.732s]   By not providing "Findhardware_interface.cmake" in CMAKE_MODULE_PATH this
[0.732s]   project has asked CMake to find a package configuration file provided by
[0.732s]   "hardware_interface", but CMake did not find one.
[0.732s] 
[0.733s]   Could not find a package configuration file provided by
[0.733s]   "hardware_interface" with any of the following names:
[0.733s] 
[0.733s]     hardware_interfaceConfig.cmake
[0.733s]     hardware_interface-config.cmake
[0.733s] 
[0.733s]   Add the installation prefix of "hardware_interface" to CMAKE_PREFIX_PATH or
[0.733s]   set "hardware_interface_DIR" to a directory containing one of the above
[0.733s]   files.  If "hardware_interface" provides a separate development package or
[0.733s]   SDK, be sure it has been installed.
[0.733s] 
[0.733s] [0m
[0.733s] -- Configuring incomplete, errors occurred!
[0.737s] Invoked command in '/home/alejandro/ros2_ws/phantom_ws/build/phantom_control' returned '1': CONDA_PROMPT_MODIFIER=(ros_env) /home/alejandro/.local/share/mamba/envs/ros_env/bin/cmake /home/alejandro/ros2_ws/phantom_ws/src/phantomx-workbench/phantom_control -DAMENT_CMAKE_SYMLINK_INSTALL=1 -DCMAKE_INSTALL_PREFIX=/home/alejandro/ros2_ws/phantom_ws/install/phantom_control
