[0mCMake Deprecation Warning at CMakeLists.txt:1 (cmake_minimum_required):
  Compatibility with CMake < 3.10 will be removed from a future version of
  CMake.

  Update the VERSION argument <min> value.  Or, use the <min>...<max> syntax
  to tell CMake that the project requires at least <min> but has been updated
  to work with policies introduced by <max> or earlier.

[0m
[33mCMake Warning at CMakeLists.txt:30 (add_executable):
  Cannot generate a safe runtime search path for target ball_finder because
  files in some directories may conflict with libraries in implicit
  directories:

    runtime library [libsensor_msgs__rosidl_typesupport_fastrtps_c.so] in /home/alejandro/.local/share/mamba/envs/ros_env/lib may be hidden by files in:
      /opt/ros/humble/lib
    runtime library [libgeometry_msgs__rosidl_typesupport_fastrtps_c.so] in /home/alejandro/.local/share/mamba/envs/ros_env/lib may be hidden by files in:
      /opt/ros/humble/lib
    runtime library [libstd_msgs__rosidl_typesupport_fastrtps_c.so] in /home/alejandro/.local/share/mamba/envs/ros_env/lib may be hidden by files in:
      /opt/ros/humble/lib
    runtime library [libsensor_msgs__rosidl_typesupport_fastrtps_cpp.so] in /home/alejandro/.local/share/mamba/envs/ros_env/lib may be hidden by files in:
      /opt/ros/humble/lib
    runtime library [libgeometry_msgs__rosidl_typesupport_fastrtps_cpp.so] in /home/alejandro/.local/share/mamba/envs/ros_env/lib may be hidden by files in:
      /opt/ros/humble/lib
    runtime library [libstd_msgs__rosidl_typesupport_fastrtps_cpp.so] in /home/alejandro/.local/share/mamba/envs/ros_env/lib may be hidden by files in:
      /opt/ros/humble/lib
    runtime library [libsensor_msgs__rosidl_typesupport_introspection_c.so] in /home/alejandro/.local/share/mamba/envs/ros_env/lib may be hidden by files in:
      /opt/ros/humble/lib
    runtime library [libgeometry_msgs__rosidl_typesupport_introspection_c.so] in /home/alejandro/.local/share/mamba/envs/ros_env/lib may be hidden by files in:
      /opt/ros/humble/lib
    runtime library [libstd_msgs__rosidl_typesupport_introspection_c.so] in /home/alejandro/.local/share/mamba/envs/ros_env/lib may be hidden by files in:
      /opt/ros/humble/lib
    runtime library [libsensor_msgs__rosidl_typesupport_introspection_cpp.so] in /home/alejandro/.local/share/mamba/envs/ros_env/lib may be hidden by files in:
      /opt/ros/humble/lib
    runtime library [libgeometry_msgs__rosidl_typesupport_introspection_cpp.so] in /home/alejandro/.local/share/mamba/envs/ros_env/lib may be hidden by files in:
      /opt/ros/humble/lib
    runtime library [libstd_msgs__rosidl_typesupport_introspection_cpp.so] in /home/alejandro/.local/share/mamba/envs/ros_env/lib may be hidden by files in:
      /opt/ros/humble/lib
    runtime library [libsensor_msgs__rosidl_generator_py.so] in /home/alejandro/.local/share/mamba/envs/ros_env/lib may be hidden by files in:
      /opt/ros/humble/lib
    runtime library [libsensor_msgs__rosidl_typesupport_c.so] in /home/alejandro/.local/share/mamba/envs/ros_env/lib may be hidden by files in:
      /opt/ros/humble/lib
    runtime library [libsensor_msgs__rosidl_generator_c.so] in /home/alejandro/.local/share/mamba/envs/ros_env/lib may be hidden by files in:
      /opt/ros/humble/lib
    runtime library [libgeometry_msgs__rosidl_generator_py.so] in /home/alejandro/.local/share/mamba/envs/ros_env/lib may be hidden by files in:
      /opt/ros/humble/lib
    runtime library [libstd_msgs__rosidl_generator_py.so] in /home/alejandro/.local/share/mamba/envs/ros_env/lib may be hidden by files in:
      /opt/ros/humble/lib
    runtime library [libgeometry_msgs__rosidl_typesupport_c.so] in /home/alejandro/.local/share/mamba/envs/ros_env/lib may be hidden by files in:
      /opt/ros/humble/lib
    runtime library [libstd_msgs__rosidl_typesupport_c.so] in /home/alejandro/.local/share/mamba/envs/ros_env/lib may be hidden by files in:
      /opt/ros/humble/lib
    runtime library [libgeometry_msgs__rosidl_generator_c.so] in /home/alejandro/.local/share/mamba/envs/ros_env/lib may be hidden by files in:
      /opt/ros/humble/lib
    runtime library [libstd_msgs__rosidl_generator_c.so] in /home/alejandro/.local/share/mamba/envs/ros_env/lib may be hidden by files in:
      /opt/ros/humble/lib
    runtime library [libsensor_msgs__rosidl_typesupport_cpp.so] in /home/alejandro/.local/share/mamba/envs/ros_env/lib may be hidden by files in:
      /opt/ros/humble/lib
    runtime library [libgeometry_msgs__rosidl_typesupport_cpp.so] in /home/alejandro/.local/share/mamba/envs/ros_env/lib may be hidden by files in:
      /opt/ros/humble/lib
    runtime library [libstd_msgs__rosidl_typesupport_cpp.so] in /home/alejandro/.local/share/mamba/envs/ros_env/lib may be hidden by files in:
      /opt/ros/humble/lib
    runtime library [librclcpp.so] in /home/alejandro/.local/share/mamba/envs/ros_env/lib may be hidden by files in:
      /opt/ros/humble/lib
    runtime library [liblibstatistics_collector.so] in /home/alejandro/.local/share/mamba/envs/ros_env/lib may be hidden by files in:
      /opt/ros/humble/lib
    runtime library [librcl.so] in /home/alejandro/.local/share/mamba/envs/ros_env/lib may be hidden by files in:
      /opt/ros/humble/lib
    runtime library [librmw_implementation.so] in /home/alejandro/.local/share/mamba/envs/ros_env/lib may be hidden by files in:
      /opt/ros/humble/lib
    runtime library [libament_index_cpp.so] in /home/alejandro/.local/share/mamba/envs/ros_env/lib may be hidden by files in:
      /opt/ros/humble/lib
    runtime library [librcl_logging_spdlog.so] in /home/alejandro/.local/share/mamba/envs/ros_env/lib may be hidden by files in:
      /opt/ros/humble/lib
    runtime library [librcl_logging_interface.so] in /home/alejandro/.local/share/mamba/envs/ros_env/lib may be hidden by files in:
      /opt/ros/humble/lib
    runtime library [librcl_interfaces__rosidl_typesupport_fastrtps_c.so] in /home/alejandro/.local/share/mamba/envs/ros_env/lib may be hidden by files in:
      /opt/ros/humble/lib
    runtime library [librcl_interfaces__rosidl_typesupport_introspection_c.so] in /home/alejandro/.local/share/mamba/envs/ros_env/lib may be hidden by files in:
      /opt/ros/humble/lib
    runtime library [librcl_interfaces__rosidl_typesupport_fastrtps_cpp.so] in /home/alejandro/.local/share/mamba/envs/ros_env/lib may be hidden by files in:
      /opt/ros/humble/lib
    runtime library [librcl_interfaces__rosidl_typesupport_introspection_cpp.so] in /home/alejandro/.local/share/mamba/envs/ros_env/lib may be hidden by files in:
      /opt/ros/humble/lib
    runtime library [librcl_interfaces__rosidl_typesupport_cpp.so] in /home/alejandro/.local/share/mamba/envs/ros_env/lib may be hidden by files in:
      /opt/ros/humble/lib
    runtime library [librcl_interfaces__rosidl_generator_py.so] in /home/alejandro/.local/share/mamba/envs/ros_env/lib may be hidden by files in:
      /opt/ros/humble/lib
    runtime library [librcl_interfaces__rosidl_typesupport_c.so] in /home/alejandro/.local/share/mamba/envs/ros_env/lib may be hidden by files in:
      /opt/ros/humble/lib
    runtime library [librcl_interfaces__rosidl_generator_c.so] in /home/alejandro/.local/share/mamba/envs/ros_env/lib may be hidden by files in:
      /opt/ros/humble/lib
    runtime library [librcl_yaml_param_parser.so] in /home/alejandro/.local/share/mamba/envs/ros_env/lib may be hidden by files in:
      /opt/ros/humble/lib
    runtime library [librosgraph_msgs__rosidl_typesupport_fastrtps_c.so] in /home/alejandro/.local/share/mamba/envs/ros_env/lib may be hidden by files in:
      /opt/ros/humble/lib
    runtime library [librosgraph_msgs__rosidl_typesupport_fastrtps_cpp.so] in /home/alejandro/.local/share/mamba/envs/ros_env/lib may be hidden by files in:
      /opt/ros/humble/lib
    runtime library [librosgraph_msgs__rosidl_typesupport_introspection_c.so] in /home/alejandro/.local/share/mamba/envs/ros_env/lib may be hidden by files in:
      /opt/ros/humble/lib
    runtime library [librosgraph_msgs__rosidl_typesupport_introspection_cpp.so] in /home/alejandro/.local/share/mamba/envs/ros_env/lib may be hidden by files in:
      /opt/ros/humble/lib
    runtime library [librosgraph_msgs__rosidl_typesupport_cpp.so] in /home/alejandro/.local/share/mamba/envs/ros_env/lib may be hidden by files in:
      /opt/ros/humble/lib
    runtime library [librosgraph_msgs__rosidl_generator_py.so] in /home/alejandro/.local/share/mamba/envs/ros_env/lib may be hidden by files in:
      /opt/ros/humble/lib
    runtime library [librosgraph_msgs__rosidl_typesupport_c.so] in /home/alejandro/.local/share/mamba/envs/ros_env/lib may be hidden by files in:
      /opt/ros/humble/lib
    runtime library [librosgraph_msgs__rosidl_generator_c.so] in /home/alejandro/.local/share/mamba/envs/ros_env/lib may be hidden by files in:
      /opt/ros/humble/lib
    runtime library [libstatistics_msgs__rosidl_typesupport_fastrtps_c.so] in /home/alejandro/.local/share/mamba/envs/ros_env/lib may be hidden by files in:
      /opt/ros/humble/lib
    runtime library [libbuiltin_interfaces__rosidl_typesupport_fastrtps_c.so] in /home/alejandro/.local/share/mamba/envs/ros_env/lib may be hidden by files in:
      /opt/ros/humble/lib
    runtime library [librosidl_typesupport_fastrtps_c.so] in /home/alejandro/.local/share/mamba/envs/ros_env/lib may be hidden by files in:
      /opt/ros/humble/lib
    runtime library [libstatistics_msgs__rosidl_typesupport_fastrtps_cpp.so] in /home/alejandro/.local/share/mamba/envs/ros_env/lib may be hidden by files in:
      /opt/ros/humble/lib
    runtime library [libbuiltin_interfaces__rosidl_typesupport_fastrtps_cpp.so] in /home/alejandro/.local/share/mamba/envs/ros_env/lib may be hidden by files in:
      /opt/ros/humble/lib
    runtime library [librosidl_typesupport_fastrtps_cpp.so] in /home/alejandro/.local/share/mamba/envs/ros_env/lib may be hidden by files in:
      /opt/ros/humble/lib
    runtime library [libfastcdr.so.1] in /home/alejandro/.local/share/mamba/envs/ros_env/lib may be hidden by files in:
      /opt/ros/humble/lib
    runtime library [librmw.so] in /home/alejandro/.local/share/mamba/envs/ros_env/lib may be hidden by files in:
      /opt/ros/humble/lib
    runtime library [libstatistics_msgs__rosidl_typesupport_introspection_c.so] in /home/alejandro/.local/share/mamba/envs/ros_env/lib may be hidden by files in:
      /opt/ros/humble/lib
    runtime library [libbuiltin_interfaces__rosidl_typesupport_introspection_c.so] in /home/alejandro/.local/share/mamba/envs/ros_env/lib may be hidden by files in:
      /opt/ros/humble/lib
    runtime library [libstatistics_msgs__rosidl_typesupport_introspection_cpp.so] in /home/alejandro/.local/share/mamba/envs/ros_env/lib may be hidden by files in:
      /opt/ros/humble/lib
    runtime library [libbuiltin_interfaces__rosidl_typesupport_introspection_cpp.so] in /home/alejandro/.local/share/mamba/envs/ros_env/lib may be hidden by files in:
      /opt/ros/humble/lib
    runtime library [librosidl_typesupport_introspection_cpp.so] in /home/alejandro/.local/share/mamba/envs/ros_env/lib may be hidden by files in:
      /opt/ros/humble/lib
    runtime library [librosidl_typesupport_introspection_c.so] in /home/alejandro/.local/share/mamba/envs/ros_env/lib may be hidden by files in:
      /opt/ros/humble/lib
    runtime library [libstatistics_msgs__rosidl_typesupport_cpp.so] in /home/alejandro/.local/share/mamba/envs/ros_env/lib may be hidden by files in:
      /opt/ros/humble/lib
    runtime library [libbuiltin_interfaces__rosidl_typesupport_cpp.so] in /home/alejandro/.local/share/mamba/envs/ros_env/lib may be hidden by files in:
      /opt/ros/humble/lib
    runtime library [librosidl_typesupport_cpp.so] in /home/alejandro/.local/share/mamba/envs/ros_env/lib may be hidden by files in:
      /opt/ros/humble/lib
    runtime library [libstatistics_msgs__rosidl_generator_py.so] in /home/alejandro/.local/share/mamba/envs/ros_env/lib may be hidden by files in:
      /opt/ros/humble/lib
    runtime library [libbuiltin_interfaces__rosidl_generator_py.so] in /home/alejandro/.local/share/mamba/envs/ros_env/lib may be hidden by files in:
      /opt/ros/humble/lib
    runtime library [libstatistics_msgs__rosidl_typesupport_c.so] in /home/alejandro/.local/share/mamba/envs/ros_env/lib may be hidden by files in:
      /opt/ros/humble/lib
    runtime library [libbuiltin_interfaces__rosidl_typesupport_c.so] in /home/alejandro/.local/share/mamba/envs/ros_env/lib may be hidden by files in:
      /opt/ros/humble/lib
    runtime library [libstatistics_msgs__rosidl_generator_c.so] in /home/alejandro/.local/share/mamba/envs/ros_env/lib may be hidden by files in:
      /opt/ros/humble/lib
    runtime library [libbuiltin_interfaces__rosidl_generator_c.so] in /home/alejandro/.local/share/mamba/envs/ros_env/lib may be hidden by files in:
      /opt/ros/humble/lib
    runtime library [librosidl_typesupport_c.so] in /home/alejandro/.local/share/mamba/envs/ros_env/lib may be hidden by files in:
      /opt/ros/humble/lib
    runtime library [librcpputils.so] in /home/alejandro/.local/share/mamba/envs/ros_env/lib may be hidden by files in:
      /opt/ros/humble/lib
    runtime library [librosidl_runtime_c.so] in /home/alejandro/.local/share/mamba/envs/ros_env/lib may be hidden by files in:
      /opt/ros/humble/lib
    runtime library [libtracetools.so] in /home/alejandro/.local/share/mamba/envs/ros_env/lib may be hidden by files in:
      /opt/ros/humble/lib
    runtime library [librcutils.so] in /home/alejandro/.local/share/mamba/envs/ros_env/lib may be hidden by files in:
      /opt/ros/humble/lib

  Some of these libraries may not be found correctly.

[0m
