-- Found ament_cmake: 1.3.11 (/home/alejandro/.local/share/mamba/envs/ros_env/share/ament_cmake/cmake)
-- Override CMake install command with custom implementation using symlinks instead of copying resources
-- Found std_msgs: 4.2.4 (/home/alejandro/.local/share/mamba/envs/ros_env/share/std_msgs/cmake)
-- Found rosidl_generator_c: 3.1.6 (/home/alejandro/.local/share/mamba/envs/ros_env/share/rosidl_generator_c/cmake)
-- Found rosidl_adapter: 3.1.6 (/home/alejandro/.local/share/mamba/envs/ros_env/share/rosidl_adapter/cmake)
-- Found rosidl_generator_cpp: 3.1.6 (/home/alejandro/.local/share/mamba/envs/ros_env/share/rosidl_generator_cpp/cmake)
-- Using all available rosidl_typesupport_c: rosidl_typesupport_fastrtps_c;rosidl_typesupport_introspection_c
-- Using all available rosidl_typesupport_cpp: rosidl_typesupport_fastrtps_cpp;rosidl_typesupport_introspection_cpp
-- Found sensor_msgs: 4.2.4 (/home/alejandro/.local/share/mamba/envs/ros_env/share/sensor_msgs/cmake)
-- Found rclcpp: 16.0.11 (/home/alejandro/.local/share/mamba/envs/ros_env/share/rclcpp/cmake)
-- Found rmw_implementation_cmake: 6.1.2 (/home/alejandro/.local/share/mamba/envs/ros_env/share/rmw_implementation_cmake/cmake)
-- Found rmw_fastrtps_cpp: 6.2.7 (/home/alejandro/.local/share/mamba/envs/ros_env/share/rmw_fastrtps_cpp/cmake)
-- Using RMW implementation 'rmw_fastrtps_cpp' as default
-- Found cv_bridge: 3.2.1 (/home/alejandro/.local/share/mamba/envs/ros_env/share/cv_bridge/cmake)
-- Found image_transport: 3.1.10 (/home/alejandro/.local/share/mamba/envs/ros_env/share/image_transport/cmake)
-- Found ament_lint_auto: 0.12.11 (/home/alejandro/.local/share/mamba/envs/ros_env/share/ament_lint_auto/cmake)
-- Added test 'cppcheck' to perform static code analysis on C / C++ code
-- Configured cppcheck include dirs: 
-- Configured cppcheck exclude dirs and/or files: 
-- Added test 'lint_cmake' to check CMake code style
-- Added test 'uncrustify' to check C / C++ code style
-- Configured uncrustify additional arguments: 
-- Added test 'xmllint' to check XML markup files
-- Configuring done (3.1s)
-- Generating done (0.3s)
-- Build files have been written to: /home/alejandro/ros2_ws/phantom_ws/build/phantom_vision
[ 50%] [32mBuilding CXX object CMakeFiles/ball_finder.dir/src/ball_finder.cpp.o[0m
[100%] [32m[1mLinking CXX executable ball_finder[0m
[100%] Built target ball_finder
-- Install configuration: ""
-- Execute custom install script
-- Up-to-date symlink: /home/alejandro/ros2_ws/phantom_ws/install/phantom_vision/lib/phantom_vision/ball_finder
-- Up-to-date symlink: /home/alejandro/ros2_ws/phantom_ws/install/phantom_vision/share/ament_index/resource_index/package_run_dependencies/phantom_vision
-- Up-to-date symlink: /home/alejandro/ros2_ws/phantom_ws/install/phantom_vision/share/ament_index/resource_index/parent_prefix_path/phantom_vision
-- Up-to-date symlink: /home/alejandro/ros2_ws/phantom_ws/install/phantom_vision/share/phantom_vision/environment/ament_prefix_path.sh
-- Up-to-date symlink: /home/alejandro/ros2_ws/phantom_ws/install/phantom_vision/share/phantom_vision/environment/ament_prefix_path.dsv
-- Up-to-date symlink: /home/alejandro/ros2_ws/phantom_ws/install/phantom_vision/share/phantom_vision/environment/path.sh
-- Up-to-date symlink: /home/alejandro/ros2_ws/phantom_ws/install/phantom_vision/share/phantom_vision/environment/path.dsv
-- Up-to-date symlink: /home/alejandro/ros2_ws/phantom_ws/install/phantom_vision/share/phantom_vision/local_setup.bash
-- Up-to-date symlink: /home/alejandro/ros2_ws/phantom_ws/install/phantom_vision/share/phantom_vision/local_setup.sh
-- Up-to-date symlink: /home/alejandro/ros2_ws/phantom_ws/install/phantom_vision/share/phantom_vision/local_setup.zsh
-- Up-to-date symlink: /home/alejandro/ros2_ws/phantom_ws/install/phantom_vision/share/phantom_vision/local_setup.dsv
-- Symlinking: /home/alejandro/ros2_ws/phantom_ws/install/phantom_vision/share/phantom_vision/package.dsv
-- Up-to-date symlink: /home/alejandro/ros2_ws/phantom_ws/install/phantom_vision/share/ament_index/resource_index/packages/phantom_vision
-- Up-to-date symlink: /home/alejandro/ros2_ws/phantom_ws/install/phantom_vision/share/phantom_vision/cmake/phantom_visionConfig.cmake
-- Up-to-date symlink: /home/alejandro/ros2_ws/phantom_ws/install/phantom_vision/share/phantom_vision/cmake/phantom_visionConfig-version.cmake
-- Up-to-date symlink: /home/alejandro/ros2_ws/phantom_ws/install/phantom_vision/share/phantom_vision/package.xml
