[0.928s] Invoking command in '/home/alejandro/ros2_ws/phantom_ws/build/phantom_control': CMAKE_PREFIX_PATH=${CMAKE_PREFIX_PATH}:/home/alejandro/ros2_ws/phantom_ws/install/my_first_package CONDA_PROMPT_MODIFIER=(ros_env) /home/alejandro/.local/share/mamba/envs/ros_env/bin/cmake --build /home/alejandro/ros2_ws/phantom_ws/build/phantom_control -- -j8 -l8
[1.193s] [100%] Built target phantom_control
[1.305s] Invoked command in '/home/alejandro/ros2_ws/phantom_ws/build/phantom_control' returned '0': CMAKE_PREFIX_PATH=${CMAKE_PREFIX_PATH}:/home/alejandro/ros2_ws/phantom_ws/install/my_first_package CONDA_PROMPT_MODIFIER=(ros_env) /home/alejandro/.local/share/mamba/envs/ros_env/bin/cmake --build /home/alejandro/ros2_ws/phantom_ws/build/phantom_control -- -j8 -l8
[1.491s] Invoking command in '/home/alejandro/ros2_ws/phantom_ws/build/phantom_control': CMAKE_PREFIX_PATH=${CMAKE_PREFIX_PATH}:/home/alejandro/ros2_ws/phantom_ws/install/my_first_package CONDA_PROMPT_MODIFIER=(ros_env) /home/alejandro/.local/share/mamba/envs/ros_env/bin/cmake --install /home/alejandro/ros2_ws/phantom_ws/build/phantom_control
[1.524s] -- Install configuration: ""
[1.537s] -- Execute custom install script
[1.547s] -- Up-to-date symlink: /home/alejandro/ros2_ws/phantom_ws/install/phantom_control/share/phantom_control//phantom_control.xml
[1.549s] -- Up-to-date symlink: /home/alejandro/ros2_ws/phantom_ws/install/phantom_control/share/phantom_control//pincher_control.xml
[1.551s] -- Up-to-date symlink: /home/alejandro/ros2_ws/phantom_ws/install/phantom_control/include/phantom_control/phantom_control/phantom_pincher_system.hpp
[1.552s] -- Up-to-date symlink: /home/alejandro/ros2_ws/phantom_ws/install/phantom_control/include/phantom_control/phantom_control/topic_based_system.hpp
[1.552s] -- Up-to-date symlink: /home/alejandro/ros2_ws/phantom_ws/install/phantom_control/share/phantom_control//launch/bringup_launch.py
[1.553s] -- Up-to-date symlink: /home/alejandro/ros2_ws/phantom_ws/install/phantom_control/share/phantom_control//launch/physical_launch.py
[1.554s] -- Up-to-date symlink: /home/alejandro/ros2_ws/phantom_ws/install/phantom_control/share/phantom_control//launch/px100_bringup_launch.py
[1.560s] -- Up-to-date symlink: /home/alejandro/ros2_ws/phantom_ws/install/phantom_control/share/phantom_control//config/coppelia_rgb_depth_rviz.rviz
[1.561s] -- Up-to-date symlink: /home/alejandro/ros2_ws/phantom_ws/install/phantom_control/share/phantom_control//config/phantom_controllers.yaml
[1.567s] -- Up-to-date symlink: /home/alejandro/ros2_ws/phantom_ws/install/phantom_control/share/phantom_control//config/px100_controllers.yaml
[1.569s] -- Up-to-date symlink: /home/alejandro/ros2_ws/phantom_ws/install/phantom_control/share/phantom_control//hardware/include/phantom_control/phantom_pincher_system.hpp
[1.570s] -- Up-to-date symlink: /home/alejandro/ros2_ws/phantom_ws/install/phantom_control/share/phantom_control//hardware/include/phantom_control/topic_based_system.hpp
[1.575s] -- Up-to-date symlink: /home/alejandro/ros2_ws/phantom_ws/install/phantom_control/share/phantom_control//hardware/phantom_pincher_system.cpp
[1.577s] -- Up-to-date symlink: /home/alejandro/ros2_ws/phantom_ws/install/phantom_control/share/phantom_control//hardware/topic_based_system.cpp
[1.578s] -- Up-to-date symlink: /home/alejandro/ros2_ws/phantom_ws/install/phantom_control/share/phantom_control//rviz/broadcaster_viz.rviz
[1.579s] -- Up-to-date symlink: /home/alejandro/ros2_ws/phantom_ws/install/phantom_control/share/phantom_control//description/phantom.ros2_control.xacro
[1.579s] -- Up-to-date symlink: /home/alejandro/ros2_ws/phantom_ws/install/phantom_control/share/phantom_control//description/physical_phantom.ros2_control.xacro
[1.579s] -- Up-to-date symlink: /home/alejandro/ros2_ws/phantom_ws/install/phantom_control/share/phantom_control//description/px100.urdf.xacro
[1.580s] -- Up-to-date symlink: /home/alejandro/ros2_ws/phantom_ws/install/phantom_control/share/phantom_control//description/ros2_control/px100.ros2_control.xacro
[1.580s] -- Up-to-date symlink: /home/alejandro/ros2_ws/phantom_ws/install/phantom_control/share/ament_index/resource_index/package_run_dependencies/phantom_control
[1.581s] -- Up-to-date symlink: /home/alejandro/ros2_ws/phantom_ws/install/phantom_control/share/ament_index/resource_index/parent_prefix_path/phantom_control
[1.581s] -- Up-to-date symlink: /home/alejandro/ros2_ws/phantom_ws/install/phantom_control/share/phantom_control/environment/ament_prefix_path.sh
[1.582s] -- Up-to-date symlink: /home/alejandro/ros2_ws/phantom_ws/install/phantom_control/share/phantom_control/environment/ament_prefix_path.dsv
[1.582s] -- Up-to-date symlink: /home/alejandro/ros2_ws/phantom_ws/install/phantom_control/share/phantom_control/environment/path.sh
[1.582s] -- Up-to-date symlink: /home/alejandro/ros2_ws/phantom_ws/install/phantom_control/share/phantom_control/environment/path.dsv
[1.583s] -- Up-to-date symlink: /home/alejandro/ros2_ws/phantom_ws/install/phantom_control/share/phantom_control/local_setup.bash
[1.585s] -- Up-to-date symlink: /home/alejandro/ros2_ws/phantom_ws/install/phantom_control/share/phantom_control/local_setup.sh
[1.586s] -- Up-to-date symlink: /home/alejandro/ros2_ws/phantom_ws/install/phantom_control/share/phantom_control/local_setup.zsh
[1.589s] -- Up-to-date symlink: /home/alejandro/ros2_ws/phantom_ws/install/phantom_control/share/phantom_control/local_setup.dsv
[1.591s] -- Symlinking: /home/alejandro/ros2_ws/phantom_ws/install/phantom_control/share/phantom_control/package.dsv
[1.614s] -- Up-to-date symlink: /home/alejandro/ros2_ws/phantom_ws/install/phantom_control/share/ament_index/resource_index/packages/phantom_control
[1.615s] -- Up-to-date symlink: /home/alejandro/ros2_ws/phantom_ws/install/phantom_control/share/ament_index/resource_index/hardware_interface__pluginlib__plugin/phantom_control
[1.626s] -- Up-to-date symlink: /home/alejandro/ros2_ws/phantom_ws/install/phantom_control/share/phantom_control/cmake/ament_cmake_export_dependencies-extras.cmake
[1.627s] -- Up-to-date symlink: /home/alejandro/ros2_ws/phantom_ws/install/phantom_control/share/phantom_control/cmake/phantom_controlConfig.cmake
[1.628s] -- Up-to-date symlink: /home/alejandro/ros2_ws/phantom_ws/install/phantom_control/share/phantom_control/cmake/phantom_controlConfig-version.cmake
[1.628s] -- Up-to-date symlink: /home/alejandro/ros2_ws/phantom_ws/install/phantom_control/share/phantom_control/package.xml
[1.628s] -- Installing: /home/alejandro/ros2_ws/phantom_ws/install/phantom_control/lib/libphantom_control.so
[1.630s] -- Set non-toolchain portion of runtime path of "/home/alejandro/ros2_ws/phantom_ws/install/phantom_control/lib/libphantom_control.so" to ""
[1.689s] Invoked command in '/home/alejandro/ros2_ws/phantom_ws/build/phantom_control' returned '0': CMAKE_PREFIX_PATH=${CMAKE_PREFIX_PATH}:/home/alejandro/ros2_ws/phantom_ws/install/my_first_package CONDA_PROMPT_MODIFIER=(ros_env) /home/alejandro/.local/share/mamba/envs/ros_env/bin/cmake --install /home/alejandro/ros2_ws/phantom_ws/build/phantom_control
