-- Install configuration: ""
-- Execute custom install script
-- Symlinking: /home/alejandro/ros2_ws/phantom_ws/install/phantom_description/share/phantom_description//launch/viz_launch.py
-- Symlinking: /home/alejandro/ros2_ws/phantom_ws/install/phantom_description/share/phantom_description//urdf/arm_hardware.xacro
-- Symlinking: /home/alejandro/ros2_ws/phantom_ws/install/phantom_description/share/phantom_description//urdf/pincher_arm.urdf
-- Symlinking: /home/alejandro/ros2_ws/phantom_ws/install/phantom_description/share/phantom_description//urdf/pincher_arm.urdf.xacro
-- Symlinking: /home/alejandro/ros2_ws/phantom_ws/install/phantom_description/share/phantom_description//urdf/pincher_gripper.xacro
-- Symlinking: /home/alejandro/ros2_ws/phantom_ws/install/phantom_description/share/phantom_description//urdf/px100/px100.urdf.xacro
-- Symlinking: /home/alejandro/ros2_ws/phantom_ws/install/phantom_description/share/phantom_description//urdf/turtlebot_arm.urdf
-- Symlinking: /home/alejandro/ros2_ws/phantom_ws/install/phantom_description/share/phantom_description//urdf/turtlebot_arm.urdf.xacro
-- Symlinking: /home/alejandro/ros2_ws/phantom_ws/install/phantom_description/share/phantom_description//urdf/turtlebot_arm.xacro
-- Symlinking: /home/alejandro/ros2_ws/phantom_ws/install/phantom_description/share/phantom_description//urdf/turtlebot_gripper.xacro
-- Symlinking: /home/alejandro/ros2_ws/phantom_ws/install/phantom_description/share/phantom_description//config/a.rviz
-- Symlinking: /home/alejandro/ros2_ws/phantom_ws/install/phantom_description/share/phantom_description//config/rviz_px100.rviz
-- Symlinking: /home/alejandro/ros2_ws/phantom_ws/install/phantom_description/share/phantom_description//meshes/interbotix_black.png
-- Symlinking: /home/alejandro/ros2_ws/phantom_ws/install/phantom_description/share/phantom_description//meshes/px_100/px100_1_base.stl
-- Symlinking: /home/alejandro/ros2_ws/phantom_ws/install/phantom_description/share/phantom_description//meshes/px_100/px100_2_shoulder.stl
-- Symlinking: /home/alejandro/ros2_ws/phantom_ws/install/phantom_description/share/phantom_description//meshes/px_100/px100_3_upper_arm.stl
-- Symlinking: /home/alejandro/ros2_ws/phantom_ws/install/phantom_description/share/phantom_description//meshes/px_100/px100_4_forearm.stl
-- Symlinking: /home/alejandro/ros2_ws/phantom_ws/install/phantom_description/share/phantom_description//meshes/px_100/px100_5_gripper.stl
-- Symlinking: /home/alejandro/ros2_ws/phantom_ws/install/phantom_description/share/phantom_description//meshes/px_100/px100_6_gripper_prop.stl
-- Symlinking: /home/alejandro/ros2_ws/phantom_ws/install/phantom_description/share/phantom_description//meshes/px_100/px100_7_gripper_bar.stl
-- Symlinking: /home/alejandro/ros2_ws/phantom_ws/install/phantom_description/share/phantom_description//meshes/px_100/px100_8_gripper_finger.stl
-- Symlinking: /home/alejandro/ros2_ws/phantom_ws/install/phantom_description/share/phantom_description//meshes/px_100/px100_9_ar_tag.stl
-- Symlinking: /home/alejandro/ros2_ws/phantom_ws/install/phantom_description/share/phantom_description//meshes/turtle_bot/F10.stl
-- Symlinking: /home/alejandro/ros2_ws/phantom_ws/install/phantom_description/share/phantom_description//meshes/turtle_bot/F2.stl
-- Symlinking: /home/alejandro/ros2_ws/phantom_ws/install/phantom_description/share/phantom_description//meshes/turtle_bot/F3.stl
-- Symlinking: /home/alejandro/ros2_ws/phantom_ws/install/phantom_description/share/phantom_description//meshes/turtle_bot/F4.stl
-- Symlinking: /home/alejandro/ros2_ws/phantom_ws/install/phantom_description/share/phantom_description//meshes/turtle_bot/README
-- Symlinking: /home/alejandro/ros2_ws/phantom_ws/install/phantom_description/share/phantom_description//meshes/turtle_bot/ax12_box.stl
-- Symlinking: /home/alejandro/ros2_ws/phantom_ws/install/phantom_description/share/phantom_description//meshes/turtle_bot/mount.stl
-- Symlinking: /home/alejandro/ros2_ws/phantom_ws/install/phantom_description/share/phantom_description//meshes/turtle_bot/pincher_finger.stl
-- Symlinking: /home/alejandro/ros2_ws/phantom_ws/install/phantom_description/share/phantom_description//meshes/turtle_bot/pincher_finger_base.stl
-- Symlinking: /home/alejandro/ros2_ws/phantom_ws/install/phantom_description/share/phantom_description//meshes/turtle_bot/turtlebot_finger.stl
-- Symlinking: /home/alejandro/ros2_ws/phantom_ws/install/phantom_description/share/ament_index/resource_index/package_run_dependencies/phantom_description
-- Symlinking: /home/alejandro/ros2_ws/phantom_ws/install/phantom_description/share/ament_index/resource_index/parent_prefix_path/phantom_description
-- Symlinking: /home/alejandro/ros2_ws/phantom_ws/install/phantom_description/share/phantom_description/environment/ament_prefix_path.sh
-- Symlinking: /home/alejandro/ros2_ws/phantom_ws/install/phantom_description/share/phantom_description/environment/ament_prefix_path.dsv
-- Symlinking: /home/alejandro/ros2_ws/phantom_ws/install/phantom_description/share/phantom_description/environment/path.sh
-- Symlinking: /home/alejandro/ros2_ws/phantom_ws/install/phantom_description/share/phantom_description/environment/path.dsv
-- Symlinking: /home/alejandro/ros2_ws/phantom_ws/install/phantom_description/share/phantom_description/local_setup.bash
-- Symlinking: /home/alejandro/ros2_ws/phantom_ws/install/phantom_description/share/phantom_description/local_setup.sh
-- Symlinking: /home/alejandro/ros2_ws/phantom_ws/install/phantom_description/share/phantom_description/local_setup.zsh
-- Symlinking: /home/alejandro/ros2_ws/phantom_ws/install/phantom_description/share/phantom_description/local_setup.dsv
-- Symlinking: /home/alejandro/ros2_ws/phantom_ws/install/phantom_description/share/phantom_description/package.dsv
-- Symlinking: /home/alejandro/ros2_ws/phantom_ws/install/phantom_description/share/ament_index/resource_index/packages/phantom_description
-- Symlinking: /home/alejandro/ros2_ws/phantom_ws/install/phantom_description/share/phantom_description/cmake/phantom_descriptionConfig.cmake
-- Symlinking: /home/alejandro/ros2_ws/phantom_ws/install/phantom_description/share/phantom_description/cmake/phantom_descriptionConfig-version.cmake
-- Symlinking: /home/alejandro/ros2_ws/phantom_ws/install/phantom_description/share/phantom_description/package.xml
