[0.204s] Invoking command in '/home/alejandro/ros2_ws/phantom_ws/build/phantom_description': CONDA_PROMPT_MODIFIER=(ros_env) /home/alejandro/.local/share/mamba/envs/ros_env/bin/cmake --build /home/alejandro/ros2_ws/phantom_ws/build/phantom_description -- -j8 -l8
[0.637s] Invoked command in '/home/alejandro/ros2_ws/phantom_ws/build/phantom_description' returned '0': CONDA_PROMPT_MODIFIER=(ros_env) /home/alejandro/.local/share/mamba/envs/ros_env/bin/cmake --build /home/alejandro/ros2_ws/phantom_ws/build/phantom_description -- -j8 -l8
[0.662s] Invoking command in '/home/alejandro/ros2_ws/phantom_ws/build/phantom_description': CONDA_PROMPT_MODIFIER=(ros_env) /home/alejandro/.local/share/mamba/envs/ros_env/bin/cmake --install /home/alejandro/ros2_ws/phantom_ws/build/phantom_description
[0.679s] -- Install configuration: ""
[0.684s] -- Execute custom install script
[0.708s] -- Up-to-date symlink: /home/alejandro/ros2_ws/phantom_ws/install/phantom_description/share/phantom_description//launch/viz_launch.py
[0.718s] -- Up-to-date symlink: /home/alejandro/ros2_ws/phantom_ws/install/phantom_description/share/phantom_description//urdf/arm_hardware.xacro
[0.723s] -- Up-to-date symlink: /home/alejandro/ros2_ws/phantom_ws/install/phantom_description/share/phantom_description//urdf/pincher_arm.urdf
[0.724s] -- Up-to-date symlink: /home/alejandro/ros2_ws/phantom_ws/install/phantom_description/share/phantom_description//urdf/pincher_arm.urdf.xacro
[0.727s] -- Up-to-date symlink: /home/alejandro/ros2_ws/phantom_ws/install/phantom_description/share/phantom_description//urdf/pincher_gripper.xacro
[0.733s] -- Up-to-date symlink: /home/alejandro/ros2_ws/phantom_ws/install/phantom_description/share/phantom_description//urdf/px100/px100.urdf.xacro
[0.735s] -- Up-to-date symlink: /home/alejandro/ros2_ws/phantom_ws/install/phantom_description/share/phantom_description//urdf/turtlebot_arm.urdf
[0.737s] -- Up-to-date symlink: /home/alejandro/ros2_ws/phantom_ws/install/phantom_description/share/phantom_description//urdf/turtlebot_arm.urdf.xacro
[0.738s] -- Up-to-date symlink: /home/alejandro/ros2_ws/phantom_ws/install/phantom_description/share/phantom_description//urdf/turtlebot_arm.xacro
[0.740s] -- Up-to-date symlink: /home/alejandro/ros2_ws/phantom_ws/install/phantom_description/share/phantom_description//urdf/turtlebot_gripper.xacro
[0.747s] -- Up-to-date symlink: /home/alejandro/ros2_ws/phantom_ws/install/phantom_description/share/phantom_description//config/a.rviz
[0.748s] -- Up-to-date symlink: /home/alejandro/ros2_ws/phantom_ws/install/phantom_description/share/phantom_description//config/rviz_px100.rviz
[0.753s] -- Up-to-date symlink: /home/alejandro/ros2_ws/phantom_ws/install/phantom_description/share/phantom_description//meshes/interbotix_black.png
[0.755s] -- Up-to-date symlink: /home/alejandro/ros2_ws/phantom_ws/install/phantom_description/share/phantom_description//meshes/px_100/px100_1_base.stl
[0.756s] -- Up-to-date symlink: /home/alejandro/ros2_ws/phantom_ws/install/phantom_description/share/phantom_description//meshes/px_100/px100_2_shoulder.stl
[0.761s] -- Up-to-date symlink: /home/alejandro/ros2_ws/phantom_ws/install/phantom_description/share/phantom_description//meshes/px_100/px100_3_upper_arm.stl
[0.762s] -- Up-to-date symlink: /home/alejandro/ros2_ws/phantom_ws/install/phantom_description/share/phantom_description//meshes/px_100/px100_4_forearm.stl
[0.764s] -- Up-to-date symlink: /home/alejandro/ros2_ws/phantom_ws/install/phantom_description/share/phantom_description//meshes/px_100/px100_5_gripper.stl
[0.764s] -- Up-to-date symlink: /home/alejandro/ros2_ws/phantom_ws/install/phantom_description/share/phantom_description//meshes/px_100/px100_6_gripper_prop.stl
[0.765s] -- Up-to-date symlink: /home/alejandro/ros2_ws/phantom_ws/install/phantom_description/share/phantom_description//meshes/px_100/px100_7_gripper_bar.stl
[0.767s] -- Up-to-date symlink: /home/alejandro/ros2_ws/phantom_ws/install/phantom_description/share/phantom_description//meshes/px_100/px100_8_gripper_finger.stl
[0.768s] -- Up-to-date symlink: /home/alejandro/ros2_ws/phantom_ws/install/phantom_description/share/phantom_description//meshes/px_100/px100_9_ar_tag.stl
[0.770s] -- Up-to-date symlink: /home/alejandro/ros2_ws/phantom_ws/install/phantom_description/share/phantom_description//meshes/turtle_bot/F10.stl
[0.772s] -- Up-to-date symlink: /home/alejandro/ros2_ws/phantom_ws/install/phantom_description/share/phantom_description//meshes/turtle_bot/F2.stl
[0.773s] -- Up-to-date symlink: /home/alejandro/ros2_ws/phantom_ws/install/phantom_description/share/phantom_description//meshes/turtle_bot/F3.stl
[0.775s] -- Up-to-date symlink: /home/alejandro/ros2_ws/phantom_ws/install/phantom_description/share/phantom_description//meshes/turtle_bot/F4.stl
[0.776s] -- Up-to-date symlink: /home/alejandro/ros2_ws/phantom_ws/install/phantom_description/share/phantom_description//meshes/turtle_bot/README
[0.777s] -- Up-to-date symlink: /home/alejandro/ros2_ws/phantom_ws/install/phantom_description/share/phantom_description//meshes/turtle_bot/ax12_box.stl
[0.779s] -- Up-to-date symlink: /home/alejandro/ros2_ws/phantom_ws/install/phantom_description/share/phantom_description//meshes/turtle_bot/mount.stl
[0.782s] -- Up-to-date symlink: /home/alejandro/ros2_ws/phantom_ws/install/phantom_description/share/phantom_description//meshes/turtle_bot/pincher_finger.stl
[0.784s] -- Up-to-date symlink: /home/alejandro/ros2_ws/phantom_ws/install/phantom_description/share/phantom_description//meshes/turtle_bot/pincher_finger_base.stl
[0.785s] -- Up-to-date symlink: /home/alejandro/ros2_ws/phantom_ws/install/phantom_description/share/phantom_description//meshes/turtle_bot/turtlebot_finger.stl
[0.791s] -- Up-to-date symlink: /home/alejandro/ros2_ws/phantom_ws/install/phantom_description/share/ament_index/resource_index/package_run_dependencies/phantom_description
[0.794s] -- Up-to-date symlink: /home/alejandro/ros2_ws/phantom_ws/install/phantom_description/share/ament_index/resource_index/parent_prefix_path/phantom_description
[0.796s] -- Up-to-date symlink: /home/alejandro/ros2_ws/phantom_ws/install/phantom_description/share/phantom_description/environment/ament_prefix_path.sh
[0.797s] -- Up-to-date symlink: /home/alejandro/ros2_ws/phantom_ws/install/phantom_description/share/phantom_description/environment/ament_prefix_path.dsv
[0.799s] -- Up-to-date symlink: /home/alejandro/ros2_ws/phantom_ws/install/phantom_description/share/phantom_description/environment/path.sh
[0.802s] -- Up-to-date symlink: /home/alejandro/ros2_ws/phantom_ws/install/phantom_description/share/phantom_description/environment/path.dsv
[0.805s] -- Up-to-date symlink: /home/alejandro/ros2_ws/phantom_ws/install/phantom_description/share/phantom_description/local_setup.bash
[0.807s] -- Up-to-date symlink: /home/alejandro/ros2_ws/phantom_ws/install/phantom_description/share/phantom_description/local_setup.sh
[0.807s] -- Up-to-date symlink: /home/alejandro/ros2_ws/phantom_ws/install/phantom_description/share/phantom_description/local_setup.zsh
[0.811s] -- Up-to-date symlink: /home/alejandro/ros2_ws/phantom_ws/install/phantom_description/share/phantom_description/local_setup.dsv
[0.811s] -- Symlinking: /home/alejandro/ros2_ws/phantom_ws/install/phantom_description/share/phantom_description/package.dsv
[0.819s] -- Up-to-date symlink: /home/alejandro/ros2_ws/phantom_ws/install/phantom_description/share/ament_index/resource_index/packages/phantom_description
[0.823s] -- Up-to-date symlink: /home/alejandro/ros2_ws/phantom_ws/install/phantom_description/share/phantom_description/cmake/phantom_descriptionConfig.cmake
[0.825s] -- Up-to-date symlink: /home/alejandro/ros2_ws/phantom_ws/install/phantom_description/share/phantom_description/cmake/phantom_descriptionConfig-version.cmake
[0.826s] -- Up-to-date symlink: /home/alejandro/ros2_ws/phantom_ws/install/phantom_description/share/phantom_description/package.xml
[0.835s] Invoked command in '/home/alejandro/ros2_ws/phantom_ws/build/phantom_description' returned '0': CONDA_PROMPT_MODIFIER=(ros_env) /home/alejandro/.local/share/mamba/envs/ros_env/bin/cmake --install /home/alejandro/ros2_ws/phantom_ws/build/phantom_description
