[0.567s] Invoking command in '/home/alejandro/ros2_ws/phantom_ws/src/phantom_ex/my_first_package': CONDA_PROMPT_MODIFIER=(ros_env) PYTHONPATH=/home/alejandro/ros2_ws/phantom_ws/build/my_first_package/prefix_override:/home/alejandro/.local/share/mamba/envs/ros_env/lib/python3.11/site-packages/colcon_core/task/python/colcon_distutils_commands:/home/alejandro/ros2_ws/phantom_ws/install/my_first_package/lib/python3.11/site-packages:${PYTHONPATH} /home/alejandro/.local/share/mamba/envs/ros_env/bin/python3.11 -W ignore:setup.py install is deprecated setup.py egg_info --egg-base ../../../build/my_first_package build --build-base /home/alejandro/ros2_ws/phantom_ws/build/my_first_package/build install --record /home/alejandro/ros2_ws/phantom_ws/build/my_first_package/install.log --single-version-externally-managed install_data
[0.682s] /home/alejandro/.local/share/mamba/envs/ros_env/lib/python3.11/site-packages/setuptools/_distutils/dist.py:270: UserWarning: Unknown distribution option: 'tests_require'
[0.682s]   warnings.warn(msg)
[0.746s] running egg_info
[0.756s] writing ../../../build/my_first_package/my_first_package.egg-info/PKG-INFO
[0.757s] writing dependency_links to ../../../build/my_first_package/my_first_package.egg-info/dependency_links.txt
[0.757s] writing entry points to ../../../build/my_first_package/my_first_package.egg-info/entry_points.txt
[0.757s] writing requirements to ../../../build/my_first_package/my_first_package.egg-info/requires.txt
[0.757s] writing top-level names to ../../../build/my_first_package/my_first_package.egg-info/top_level.txt
[0.778s] reading manifest file '../../../build/my_first_package/my_first_package.egg-info/SOURCES.txt'
[0.779s] writing manifest file '../../../build/my_first_package/my_first_package.egg-info/SOURCES.txt'
[0.779s] running build
[0.779s] running build_py
[0.779s] copying my_first_package/PhantomXController.py -> /home/alejandro/ros2_ws/phantom_ws/build/my_first_package/build/lib/my_first_package
[0.779s] copying my_first_package/my_node.py -> /home/alejandro/ros2_ws/phantom_ws/build/my_first_package/build/lib/my_first_package
[0.780s] copying my_first_package/xbox_controller_reader (copy).py -> /home/alejandro/ros2_ws/phantom_ws/build/my_first_package/build/lib/my_first_package
[0.780s] copying my_first_package/xbox_controller_reader.py -> /home/alejandro/ros2_ws/phantom_ws/build/my_first_package/build/lib/my_first_package
[0.780s] copying my_first_package/__init__.py -> /home/alejandro/ros2_ws/phantom_ws/build/my_first_package/build/lib/my_first_package
[0.780s] running install
[0.785s] running install_lib
[0.796s] copying /home/alejandro/ros2_ws/phantom_ws/build/my_first_package/build/lib/my_first_package/xbox_controller_reader.py -> /home/alejandro/ros2_ws/phantom_ws/install/my_first_package/lib/python3.11/site-packages/my_first_package
[0.797s] byte-compiling /home/alejandro/ros2_ws/phantom_ws/install/my_first_package/lib/python3.11/site-packages/my_first_package/xbox_controller_reader.py to xbox_controller_reader.cpython-311.pyc
[0.798s] running install_data
[0.798s] copying resource/my_first_package -> /home/alejandro/ros2_ws/phantom_ws/install/my_first_package/share/ament_index/resource_index/packages
[0.798s] copying package.xml -> /home/alejandro/ros2_ws/phantom_ws/install/my_first_package/share/my_first_package
[0.798s] running install_egg_info
[0.809s] removing '/home/alejandro/ros2_ws/phantom_ws/install/my_first_package/lib/python3.11/site-packages/my_first_package-0.0.0-py3.11.egg-info' (and everything under it)
[0.809s] Copying ../../../build/my_first_package/my_first_package.egg-info to /home/alejandro/ros2_ws/phantom_ws/install/my_first_package/lib/python3.11/site-packages/my_first_package-0.0.0-py3.11.egg-info
[0.810s] running install_scripts
[0.874s] Installing dynamixel script to /home/alejandro/ros2_ws/phantom_ws/install/my_first_package/lib/my_first_package
[0.874s] Installing my_node script to /home/alejandro/ros2_ws/phantom_ws/install/my_first_package/lib/my_first_package
[0.874s] Installing reader script to /home/alejandro/ros2_ws/phantom_ws/install/my_first_package/lib/my_first_package
[0.874s] writing list of installed files to '/home/alejandro/ros2_ws/phantom_ws/build/my_first_package/install.log'
[0.903s] Invoked command in '/home/alejandro/ros2_ws/phantom_ws/src/phantom_ex/my_first_package' returned '0': CONDA_PROMPT_MODIFIER=(ros_env) PYTHONPATH=/home/alejandro/ros2_ws/phantom_ws/build/my_first_package/prefix_override:/home/alejandro/.local/share/mamba/envs/ros_env/lib/python3.11/site-packages/colcon_core/task/python/colcon_distutils_commands:/home/alejandro/ros2_ws/phantom_ws/install/my_first_package/lib/python3.11/site-packages:${PYTHONPATH} /home/alejandro/.local/share/mamba/envs/ros_env/bin/python3.11 -W ignore:setup.py install is deprecated setup.py egg_info --egg-base ../../../build/my_first_package build --build-base /home/alejandro/ros2_ws/phantom_ws/build/my_first_package/build install --record /home/alejandro/ros2_ws/phantom_ws/build/my_first_package/install.log --single-version-externally-managed install_data
