[0.214s] Invoking command in '/home/alejandro/ros2_ws/phantom_ws/build/phantom_vision': CONDA_PROMPT_MODIFIER=(ros_env) /home/alejandro/.local/share/mamba/envs/ros_env/bin/cmake --build /home/alejandro/ros2_ws/phantom_ws/build/phantom_vision -- -j8 -l8
[0.960s] [100%] Built target ball_finder
[0.966s] Invoked command in '/home/alejandro/ros2_ws/phantom_ws/build/phantom_vision' returned '0': CONDA_PROMPT_MODIFIER=(ros_env) /home/alejandro/.local/share/mamba/envs/ros_env/bin/cmake --build /home/alejandro/ros2_ws/phantom_ws/build/phantom_vision -- -j8 -l8
[0.986s] Invoking command in '/home/alejandro/ros2_ws/phantom_ws/build/phantom_vision': CONDA_PROMPT_MODIFIER=(ros_env) /home/alejandro/.local/share/mamba/envs/ros_env/bin/cmake --install /home/alejandro/ros2_ws/phantom_ws/build/phantom_vision
[0.993s] -- Install configuration: ""
[0.997s] -- Execute custom install script
[0.999s] -- Up-to-date symlink: /home/alejandro/ros2_ws/phantom_ws/install/phantom_vision/lib/phantom_vision/ball_finder
[1.004s] -- Up-to-date symlink: /home/alejandro/ros2_ws/phantom_ws/install/phantom_vision/share/ament_index/resource_index/package_run_dependencies/phantom_vision
[1.005s] -- Up-to-date symlink: /home/alejandro/ros2_ws/phantom_ws/install/phantom_vision/share/ament_index/resource_index/parent_prefix_path/phantom_vision
[1.006s] -- Up-to-date symlink: /home/alejandro/ros2_ws/phantom_ws/install/phantom_vision/share/phantom_vision/environment/ament_prefix_path.sh
[1.006s] -- Up-to-date symlink: /home/alejandro/ros2_ws/phantom_ws/install/phantom_vision/share/phantom_vision/environment/ament_prefix_path.dsv
[1.006s] -- Up-to-date symlink: /home/alejandro/ros2_ws/phantom_ws/install/phantom_vision/share/phantom_vision/environment/path.sh
[1.006s] -- Up-to-date symlink: /home/alejandro/ros2_ws/phantom_ws/install/phantom_vision/share/phantom_vision/environment/path.dsv
[1.006s] -- Up-to-date symlink: /home/alejandro/ros2_ws/phantom_ws/install/phantom_vision/share/phantom_vision/local_setup.bash
[1.006s] -- Up-to-date symlink: /home/alejandro/ros2_ws/phantom_ws/install/phantom_vision/share/phantom_vision/local_setup.sh
[1.006s] -- Up-to-date symlink: /home/alejandro/ros2_ws/phantom_ws/install/phantom_vision/share/phantom_vision/local_setup.zsh
[1.006s] -- Up-to-date symlink: /home/alejandro/ros2_ws/phantom_ws/install/phantom_vision/share/phantom_vision/local_setup.dsv
[1.006s] -- Symlinking: /home/alejandro/ros2_ws/phantom_ws/install/phantom_vision/share/phantom_vision/package.dsv
[1.016s] -- Up-to-date symlink: /home/alejandro/ros2_ws/phantom_ws/install/phantom_vision/share/ament_index/resource_index/packages/phantom_vision
[1.016s] -- Up-to-date symlink: /home/alejandro/ros2_ws/phantom_ws/install/phantom_vision/share/phantom_vision/cmake/phantom_visionConfig.cmake
[1.017s] -- Up-to-date symlink: /home/alejandro/ros2_ws/phantom_ws/install/phantom_vision/share/phantom_vision/cmake/phantom_visionConfig-version.cmake
[1.017s] -- Up-to-date symlink: /home/alejandro/ros2_ws/phantom_ws/install/phantom_vision/share/phantom_vision/package.xml
[1.019s] Invoked command in '/home/alejandro/ros2_ws/phantom_ws/build/phantom_vision' returned '0': CONDA_PROMPT_MODIFIER=(ros_env) /home/alejandro/.local/share/mamba/envs/ros_env/bin/cmake --install /home/alejandro/ros2_ws/phantom_ws/build/phantom_vision
