[0.011s] Invoking command in '/home/alejandro/ros2_ws/phantom_ws/build/phantom_description': CONDA_PROMPT_MODIFIER=(ros_env) /home/alejandro/.local/share/mamba/envs/ros_env/bin/cmake /home/alejandro/ros2_ws/phantom_ws/src/phantomx-workbench/phantom_description -DAMENT_CMAKE_SYMLINK_INSTALL=1 -DCMAKE_INSTALL_PREFIX=/home/alejandro/ros2_ws/phantom_ws/install/phantom_description
[0.018s] [0mCMake Deprecation Warning at CMakeLists.txt:1 (cmake_minimum_required):
[0.018s]   Compatibility with CMake < 3.10 will be removed from a future version of
[0.018s]   CMake.
[0.018s] 
[0.018s]   Update the VERSION argument <min> value.  Or, use the <min>...<max> syntax
[0.018s]   to tell CMake that the project requires at least <min> but has been updated
[0.018s]   to work with policies introduced by <max> or earlier.
[0.018s] 
[0.018s] [0m
[0.140s] -- The C compiler identification is GNU 13.3.0
[0.281s] -- The CXX compiler identification is GNU 13.3.0
[0.306s] -- Detecting C compiler ABI info
[0.439s] -- Detecting C compiler ABI info - done
[0.491s] -- Check for working C compiler: /home/alejandro/.local/share/mamba/envs/ros_env/bin/x86_64-conda-linux-gnu-cc - skipped
[0.496s] -- Detecting C compile features
[0.497s] -- Detecting C compile features - done
[0.508s] -- Detecting CXX compiler ABI info
[0.673s] -- Detecting CXX compiler ABI info - done
[0.730s] -- Check for working CXX compiler: /home/alejandro/.local/share/mamba/envs/ros_env/bin/x86_64-conda-linux-gnu-c++ - skipped
[0.730s] -- Detecting CXX compile features
[0.731s] -- Detecting CXX compile features - done
[0.740s] -- Found ament_cmake: 1.3.11 (/home/alejandro/.local/share/mamba/envs/ros_env/share/ament_cmake/cmake)
[0.921s] -- Found Python3: /home/alejandro/.local/share/mamba/envs/ros_env/bin/python3 (found version "3.11.11") found components: Interpreter
[1.021s] -- Override CMake install command with custom implementation using symlinks instead of copying resources
[1.095s] -- Found rclcpp: 16.0.11 (/home/alejandro/.local/share/mamba/envs/ros_env/share/rclcpp/cmake)
[1.200s] -- Found rosidl_generator_c: 3.1.6 (/home/alejandro/.local/share/mamba/envs/ros_env/share/rosidl_generator_c/cmake)
[1.209s] -- Found rosidl_adapter: 3.1.6 (/home/alejandro/.local/share/mamba/envs/ros_env/share/rosidl_adapter/cmake)
[1.223s] -- Found rosidl_generator_cpp: 3.1.6 (/home/alejandro/.local/share/mamba/envs/ros_env/share/rosidl_generator_cpp/cmake)
[1.271s] -- Using all available rosidl_typesupport_c: rosidl_typesupport_fastrtps_c;rosidl_typesupport_introspection_c
[1.312s] -- Using all available rosidl_typesupport_cpp: rosidl_typesupport_fastrtps_cpp;rosidl_typesupport_introspection_cpp
[1.442s] -- Checking for module 'yaml-0.1'
[1.581s] --   Found yaml-0.1, version 0.2.5
[1.815s] -- Found rmw_implementation_cmake: 6.1.2 (/home/alejandro/.local/share/mamba/envs/ros_env/share/rmw_implementation_cmake/cmake)
[1.822s] -- Found rmw_fastrtps_cpp: 6.2.7 (/home/alejandro/.local/share/mamba/envs/ros_env/share/rmw_fastrtps_cpp/cmake)
[2.323s] -- Found OpenSSL: /home/alejandro/.local/share/mamba/envs/ros_env/lib/libcrypto.so (found version "3.4.1")
[2.376s] -- Found FastRTPS: /home/alejandro/.local/share/mamba/envs/ros_env/include
[2.438s] -- Using RMW implementation 'rmw_fastrtps_cpp' as default
[2.465s] -- Performing Test CMAKE_HAVE_LIBC_PTHREAD
[2.599s] -- Performing Test CMAKE_HAVE_LIBC_PTHREAD - Failed
[2.599s] -- Looking for pthread_create in pthreads
[2.672s] -- Looking for pthread_create in pthreads - not found
[2.672s] -- Looking for pthread_create in pthread
[2.772s] -- Looking for pthread_create in pthread - found
[2.773s] -- Found Threads: TRUE
[2.898s] -- Found ament_lint_auto: 0.12.11 (/home/alejandro/.local/share/mamba/envs/ros_env/share/ament_lint_auto/cmake)
[3.102s] -- Added test 'flake8' to check Python code syntax and style conventions
[3.103s] -- Added test 'lint_cmake' to check CMake code style
[3.103s] -- Added test 'pep257' to check Python code against some of the docstring style conventions in PEP 257
[3.105s] -- Added test 'xmllint' to check XML markup files
[3.107s] -- Configuring done (3.1s)
[3.112s] -- Generating done (0.0s)
[3.112s] -- Build files have been written to: /home/alejandro/ros2_ws/phantom_ws/build/phantom_description
