[0.110s] [34mcolcon[0m [1;30mDEBUG[0m [32mCommand line arguments: ['/home/alejandro/.local/share/mamba/envs/ros_env/bin/colcon', 'build', '--symlink-install'][0m
[0.110s] [34mcolcon[0m [1;30mDEBUG[0m [32mParsed command line arguments: Namespace(log_base=None, log_level=None, verb_name='build', build_base='build', install_base='install', merge_install=False, symlink_install=True, test_result_base=None, continue_on_error=False, executor='parallel', parallel_workers=8, event_handlers=None, ignore_user_meta=False, metas=['./colcon.meta'], base_paths=['.'], packages_ignore=None, packages_ignore_regex=None, paths=None, packages_up_to=None, packages_up_to_regex=None, packages_above=None, packages_above_and_dependencies=None, packages_above_depth=None, packages_select_by_dep=None, packages_skip_by_dep=None, packages_skip_up_to=None, packages_select_build_failed=False, packages_skip_build_finished=False, packages_select_test_failures=False, packages_skip_test_passed=False, packages_select=None, packages_skip=None, packages_select_regex=None, packages_skip_regex=None, packages_start=None, packages_end=None, cmake_args=None, cmake_target=None, cmake_target_skip_unavailable=False, cmake_clean_cache=False, cmake_clean_first=False, cmake_force_configure=False, ament_cmake_args=None, catkin_cmake_args=None, catkin_skip_building_tests=False, verb_parser=<colcon_defaults.argument_parser.defaults.DefaultArgumentsDecorator object at 0x7f5b2eed2490>, verb_extension=<colcon_core.verb.build.BuildVerb object at 0x7f5b2eff7d90>, main=<bound method BuildVerb.main of <colcon_core.verb.build.BuildVerb object at 0x7f5b2eff7d90>>)[0m
[0.139s] [34mcolcon.colcon_core.package_discovery[0m [1;30mLevel 1[0m discover_packages(colcon_meta) check parameters
[0.139s] [34mcolcon.colcon_core.package_discovery[0m [1;30mLevel 1[0m discover_packages(recursive) check parameters
[0.139s] [34mcolcon.colcon_core.package_discovery[0m [1;30mLevel 1[0m discover_packages(ignore) check parameters
[0.139s] [34mcolcon.colcon_core.package_discovery[0m [1;30mLevel 1[0m discover_packages(path) check parameters
[0.139s] [34mcolcon.colcon_core.package_discovery[0m [1;30mLevel 1[0m discover_packages(colcon_meta) discover
[0.139s] [34mcolcon.colcon_core.package_discovery[0m [1;30mLevel 1[0m discover_packages(recursive) discover
[0.139s] [34mcolcon.colcon_core.package_discovery[0m [1;30mINFO[0m Crawling recursively for packages in '/home/alejandro/ros2_ws/phantom_ws'
[0.139s] [34mcolcon.colcon_core.package_identification[0m [1;30mLevel 1[0m _identify(.) by extensions ['ignore', 'ignore_ament_install']
[0.139s] [34mcolcon.colcon_core.package_identification[0m [1;30mLevel 1[0m _identify(.) by extension 'ignore'
[0.139s] [34mcolcon.colcon_core.package_identification[0m [1;30mLevel 1[0m _identify(.) by extension 'ignore_ament_install'
[0.139s] [34mcolcon.colcon_core.package_identification[0m [1;30mLevel 1[0m _identify(.) by extensions ['colcon_pkg']
[0.139s] [34mcolcon.colcon_core.package_identification[0m [1;30mLevel 1[0m _identify(.) by extension 'colcon_pkg'
[0.139s] [34mcolcon.colcon_core.package_identification[0m [1;30mLevel 1[0m _identify(.) by extensions ['colcon_meta']
[0.139s] [34mcolcon.colcon_core.package_identification[0m [1;30mLevel 1[0m _identify(.) by extension 'colcon_meta'
[0.139s] [34mcolcon.colcon_core.package_identification[0m [1;30mLevel 1[0m _identify(.) by extensions ['ros']
[0.139s] [34mcolcon.colcon_core.package_identification[0m [1;30mLevel 1[0m _identify(.) by extension 'ros'
[0.159s] [34mcolcon.colcon_core.package_identification[0m [1;30mLevel 1[0m _identify(.) by extensions ['cmake', 'python']
[0.159s] [34mcolcon.colcon_core.package_identification[0m [1;30mLevel 1[0m _identify(.) by extension 'cmake'
[0.159s] [34mcolcon.colcon_core.package_identification[0m [1;30mLevel 1[0m _identify(.) by extension 'python'
[0.159s] [34mcolcon.colcon_core.package_identification[0m [1;30mLevel 1[0m _identify(.) by extensions ['python_setup_py']
[0.160s] [34mcolcon.colcon_core.package_identification[0m [1;30mLevel 1[0m _identify(.) by extension 'python_setup_py'
[0.160s] [34mcolcon.colcon_core.package_identification[0m [1;30mLevel 1[0m _identify(build) by extensions ['ignore', 'ignore_ament_install']
[0.160s] [34mcolcon.colcon_core.package_identification[0m [1;30mLevel 1[0m _identify(build) by extension 'ignore'
[0.160s] [34mcolcon.colcon_core.package_identification[0m [1;30mLevel 1[0m _identify(build) ignored
[0.160s] [34mcolcon.colcon_core.package_identification[0m [1;30mLevel 1[0m _identify(install) by extensions ['ignore', 'ignore_ament_install']
[0.160s] [34mcolcon.colcon_core.package_identification[0m [1;30mLevel 1[0m _identify(install) by extension 'ignore'
[0.160s] [34mcolcon.colcon_core.package_identification[0m [1;30mLevel 1[0m _identify(install) ignored
[0.160s] [34mcolcon.colcon_core.package_identification[0m [1;30mLevel 1[0m _identify(log) by extensions ['ignore', 'ignore_ament_install']
[0.160s] [34mcolcon.colcon_core.package_identification[0m [1;30mLevel 1[0m _identify(log) by extension 'ignore'
[0.160s] [34mcolcon.colcon_core.package_identification[0m [1;30mLevel 1[0m _identify(log) ignored
[0.160s] [34mcolcon.colcon_core.package_identification[0m [1;30mLevel 1[0m _identify(src) by extensions ['ignore', 'ignore_ament_install']
[0.160s] [34mcolcon.colcon_core.package_identification[0m [1;30mLevel 1[0m _identify(src) by extension 'ignore'
[0.160s] [34mcolcon.colcon_core.package_identification[0m [1;30mLevel 1[0m _identify(src) by extension 'ignore_ament_install'
[0.160s] [34mcolcon.colcon_core.package_identification[0m [1;30mLevel 1[0m _identify(src) by extensions ['colcon_pkg']
[0.160s] [34mcolcon.colcon_core.package_identification[0m [1;30mLevel 1[0m _identify(src) by extension 'colcon_pkg'
[0.160s] [34mcolcon.colcon_core.package_identification[0m [1;30mLevel 1[0m _identify(src) by extensions ['colcon_meta']
[0.160s] [34mcolcon.colcon_core.package_identification[0m [1;30mLevel 1[0m _identify(src) by extension 'colcon_meta'
[0.160s] [34mcolcon.colcon_core.package_identification[0m [1;30mLevel 1[0m _identify(src) by extensions ['ros']
[0.160s] [34mcolcon.colcon_core.package_identification[0m [1;30mLevel 1[0m _identify(src) by extension 'ros'
[0.161s] [34mcolcon.colcon_core.package_identification[0m [1;30mLevel 1[0m _identify(src) by extensions ['cmake', 'python']
[0.161s] [34mcolcon.colcon_core.package_identification[0m [1;30mLevel 1[0m _identify(src) by extension 'cmake'
[0.161s] [34mcolcon.colcon_core.package_identification[0m [1;30mLevel 1[0m _identify(src) by extension 'python'
[0.161s] [34mcolcon.colcon_core.package_identification[0m [1;30mLevel 1[0m _identify(src) by extensions ['python_setup_py']
[0.161s] [34mcolcon.colcon_core.package_identification[0m [1;30mLevel 1[0m _identify(src) by extension 'python_setup_py'
[0.161s] [34mcolcon.colcon_core.package_identification[0m [1;30mLevel 1[0m _identify(src/phantomx-workbench) by extensions ['ignore', 'ignore_ament_install']
[0.161s] [34mcolcon.colcon_core.package_identification[0m [1;30mLevel 1[0m _identify(src/phantomx-workbench) by extension 'ignore'
[0.161s] [34mcolcon.colcon_core.package_identification[0m [1;30mLevel 1[0m _identify(src/phantomx-workbench) by extension 'ignore_ament_install'
[0.161s] [34mcolcon.colcon_core.package_identification[0m [1;30mLevel 1[0m _identify(src/phantomx-workbench) by extensions ['colcon_pkg']
[0.161s] [34mcolcon.colcon_core.package_identification[0m [1;30mLevel 1[0m _identify(src/phantomx-workbench) by extension 'colcon_pkg'
[0.161s] [34mcolcon.colcon_core.package_identification[0m [1;30mLevel 1[0m _identify(src/phantomx-workbench) by extensions ['colcon_meta']
[0.161s] [34mcolcon.colcon_core.package_identification[0m [1;30mLevel 1[0m _identify(src/phantomx-workbench) by extension 'colcon_meta'
[0.161s] [34mcolcon.colcon_core.package_identification[0m [1;30mLevel 1[0m _identify(src/phantomx-workbench) by extensions ['ros']
[0.161s] [34mcolcon.colcon_core.package_identification[0m [1;30mLevel 1[0m _identify(src/phantomx-workbench) by extension 'ros'
[0.161s] [34mcolcon.colcon_core.package_identification[0m [1;30mLevel 1[0m _identify(src/phantomx-workbench) by extensions ['cmake', 'python']
[0.161s] [34mcolcon.colcon_core.package_identification[0m [1;30mLevel 1[0m _identify(src/phantomx-workbench) by extension 'cmake'
[0.161s] [34mcolcon.colcon_core.package_identification[0m [1;30mLevel 1[0m _identify(src/phantomx-workbench) by extension 'python'
[0.161s] [34mcolcon.colcon_core.package_identification[0m [1;30mLevel 1[0m _identify(src/phantomx-workbench) by extensions ['python_setup_py']
[0.161s] [34mcolcon.colcon_core.package_identification[0m [1;30mLevel 1[0m _identify(src/phantomx-workbench) by extension 'python_setup_py'
[0.161s] [34mcolcon.colcon_core.package_identification[0m [1;30mLevel 1[0m _identify(src/phantomx-workbench/DynamixelSDK) by extensions ['ignore', 'ignore_ament_install']
[0.161s] [34mcolcon.colcon_core.package_identification[0m [1;30mLevel 1[0m _identify(src/phantomx-workbench/DynamixelSDK) by extension 'ignore'
[0.161s] [34mcolcon.colcon_core.package_identification[0m [1;30mLevel 1[0m _identify(src/phantomx-workbench/DynamixelSDK) by extension 'ignore_ament_install'
[0.161s] [34mcolcon.colcon_core.package_identification[0m [1;30mLevel 1[0m _identify(src/phantomx-workbench/DynamixelSDK) by extensions ['colcon_pkg']
[0.161s] [34mcolcon.colcon_core.package_identification[0m [1;30mLevel 1[0m _identify(src/phantomx-workbench/DynamixelSDK) by extension 'colcon_pkg'
[0.161s] [34mcolcon.colcon_core.package_identification[0m [1;30mLevel 1[0m _identify(src/phantomx-workbench/DynamixelSDK) by extensions ['colcon_meta']
[0.161s] [34mcolcon.colcon_core.package_identification[0m [1;30mLevel 1[0m _identify(src/phantomx-workbench/DynamixelSDK) by extension 'colcon_meta'
[0.161s] [34mcolcon.colcon_core.package_identification[0m [1;30mLevel 1[0m _identify(src/phantomx-workbench/DynamixelSDK) by extensions ['ros']
[0.161s] [34mcolcon.colcon_core.package_identification[0m [1;30mLevel 1[0m _identify(src/phantomx-workbench/DynamixelSDK) by extension 'ros'
[0.161s] [34mcolcon.colcon_core.package_identification[0m [1;30mLevel 1[0m _identify(src/phantomx-workbench/DynamixelSDK) by extensions ['cmake', 'python']
[0.161s] [34mcolcon.colcon_core.package_identification[0m [1;30mLevel 1[0m _identify(src/phantomx-workbench/DynamixelSDK) by extension 'cmake'
[0.162s] [34mcolcon.colcon_core.package_identification[0m [1;30mLevel 1[0m _identify(src/phantomx-workbench/DynamixelSDK) by extension 'python'
[0.162s] [34mcolcon.colcon_core.package_identification[0m [1;30mLevel 1[0m _identify(src/phantomx-workbench/DynamixelSDK) by extensions ['python_setup_py']
[0.162s] [34mcolcon.colcon_core.package_identification[0m [1;30mLevel 1[0m _identify(src/phantomx-workbench/DynamixelSDK) by extension 'python_setup_py'
[0.162s] [34mcolcon.colcon_core.package_identification[0m [1;30mLevel 1[0m _identify(src/phantomx-workbench/docs) by extensions ['ignore', 'ignore_ament_install']
[0.162s] [34mcolcon.colcon_core.package_identification[0m [1;30mLevel 1[0m _identify(src/phantomx-workbench/docs) by extension 'ignore'
[0.162s] [34mcolcon.colcon_core.package_identification[0m [1;30mLevel 1[0m _identify(src/phantomx-workbench/docs) by extension 'ignore_ament_install'
[0.162s] [34mcolcon.colcon_core.package_identification[0m [1;30mLevel 1[0m _identify(src/phantomx-workbench/docs) by extensions ['colcon_pkg']
[0.162s] [34mcolcon.colcon_core.package_identification[0m [1;30mLevel 1[0m _identify(src/phantomx-workbench/docs) by extension 'colcon_pkg'
[0.162s] [34mcolcon.colcon_core.package_identification[0m [1;30mLevel 1[0m _identify(src/phantomx-workbench/docs) by extensions ['colcon_meta']
[0.162s] [34mcolcon.colcon_core.package_identification[0m [1;30mLevel 1[0m _identify(src/phantomx-workbench/docs) by extension 'colcon_meta'
[0.162s] [34mcolcon.colcon_core.package_identification[0m [1;30mLevel 1[0m _identify(src/phantomx-workbench/docs) by extensions ['ros']
[0.162s] [34mcolcon.colcon_core.package_identification[0m [1;30mLevel 1[0m _identify(src/phantomx-workbench/docs) by extension 'ros'
[0.162s] [34mcolcon.colcon_core.package_identification[0m [1;30mLevel 1[0m _identify(src/phantomx-workbench/docs) by extensions ['cmake', 'python']
[0.162s] [34mcolcon.colcon_core.package_identification[0m [1;30mLevel 1[0m _identify(src/phantomx-workbench/docs) by extension 'cmake'
[0.162s] [34mcolcon.colcon_core.package_identification[0m [1;30mLevel 1[0m _identify(src/phantomx-workbench/docs) by extension 'python'
[0.162s] [34mcolcon.colcon_core.package_identification[0m [1;30mLevel 1[0m _identify(src/phantomx-workbench/docs) by extensions ['python_setup_py']
[0.162s] [34mcolcon.colcon_core.package_identification[0m [1;30mLevel 1[0m _identify(src/phantomx-workbench/docs) by extension 'python_setup_py'
[0.162s] [34mcolcon.colcon_core.package_identification[0m [1;30mLevel 1[0m _identify(src/phantomx-workbench/phantom_control) by extensions ['ignore', 'ignore_ament_install']
[0.162s] [34mcolcon.colcon_core.package_identification[0m [1;30mLevel 1[0m _identify(src/phantomx-workbench/phantom_control) by extension 'ignore'
[0.162s] [34mcolcon.colcon_core.package_identification[0m [1;30mLevel 1[0m _identify(src/phantomx-workbench/phantom_control) by extension 'ignore_ament_install'
[0.162s] [34mcolcon.colcon_core.package_identification[0m [1;30mLevel 1[0m _identify(src/phantomx-workbench/phantom_control) by extensions ['colcon_pkg']
[0.162s] [34mcolcon.colcon_core.package_identification[0m [1;30mLevel 1[0m _identify(src/phantomx-workbench/phantom_control) by extension 'colcon_pkg'
[0.162s] [34mcolcon.colcon_core.package_identification[0m [1;30mLevel 1[0m _identify(src/phantomx-workbench/phantom_control) by extensions ['colcon_meta']
[0.162s] [34mcolcon.colcon_core.package_identification[0m [1;30mLevel 1[0m _identify(src/phantomx-workbench/phantom_control) by extension 'colcon_meta'
[0.162s] [34mcolcon.colcon_core.package_identification[0m [1;30mLevel 1[0m _identify(src/phantomx-workbench/phantom_control) by extensions ['ros']
[0.162s] [34mcolcon.colcon_core.package_identification[0m [1;30mLevel 1[0m _identify(src/phantomx-workbench/phantom_control) by extension 'ros'
[0.165s] [34mcolcon.colcon_core.package_identification[0m [1;30mDEBUG[0m [32mPackage 'src/phantomx-workbench/phantom_control' with type 'ros.ament_cmake' and name 'phantom_control'[0m
[0.165s] [34mcolcon.colcon_core.package_identification[0m [1;30mLevel 1[0m _identify(src/phantomx-workbench/phantom_coppelia) by extensions ['ignore', 'ignore_ament_install']
[0.165s] [34mcolcon.colcon_core.package_identification[0m [1;30mLevel 1[0m _identify(src/phantomx-workbench/phantom_coppelia) by extension 'ignore'
[0.165s] [34mcolcon.colcon_core.package_identification[0m [1;30mLevel 1[0m _identify(src/phantomx-workbench/phantom_coppelia) by extension 'ignore_ament_install'
[0.165s] [34mcolcon.colcon_core.package_identification[0m [1;30mLevel 1[0m _identify(src/phantomx-workbench/phantom_coppelia) by extensions ['colcon_pkg']
[0.165s] [34mcolcon.colcon_core.package_identification[0m [1;30mLevel 1[0m _identify(src/phantomx-workbench/phantom_coppelia) by extension 'colcon_pkg'
[0.165s] [34mcolcon.colcon_core.package_identification[0m [1;30mLevel 1[0m _identify(src/phantomx-workbench/phantom_coppelia) by extensions ['colcon_meta']
[0.165s] [34mcolcon.colcon_core.package_identification[0m [1;30mLevel 1[0m _identify(src/phantomx-workbench/phantom_coppelia) by extension 'colcon_meta'
[0.165s] [34mcolcon.colcon_core.package_identification[0m [1;30mLevel 1[0m _identify(src/phantomx-workbench/phantom_coppelia) by extensions ['ros']
[0.165s] [34mcolcon.colcon_core.package_identification[0m [1;30mLevel 1[0m _identify(src/phantomx-workbench/phantom_coppelia) by extension 'ros'
[0.166s] [34mcolcon.colcon_core.package_identification[0m [1;30mDEBUG[0m [32mPackage 'src/phantomx-workbench/phantom_coppelia' with type 'ros.ament_cmake' and name 'phantom_coppelia'[0m
[0.166s] [34mcolcon.colcon_core.package_identification[0m [1;30mLevel 1[0m _identify(src/phantomx-workbench/phantom_description) by extensions ['ignore', 'ignore_ament_install']
[0.166s] [34mcolcon.colcon_core.package_identification[0m [1;30mLevel 1[0m _identify(src/phantomx-workbench/phantom_description) by extension 'ignore'
[0.166s] [34mcolcon.colcon_core.package_identification[0m [1;30mLevel 1[0m _identify(src/phantomx-workbench/phantom_description) by extension 'ignore_ament_install'
[0.166s] [34mcolcon.colcon_core.package_identification[0m [1;30mLevel 1[0m _identify(src/phantomx-workbench/phantom_description) by extensions ['colcon_pkg']
[0.166s] [34mcolcon.colcon_core.package_identification[0m [1;30mLevel 1[0m _identify(src/phantomx-workbench/phantom_description) by extension 'colcon_pkg'
[0.166s] [34mcolcon.colcon_core.package_identification[0m [1;30mLevel 1[0m _identify(src/phantomx-workbench/phantom_description) by extensions ['colcon_meta']
[0.166s] [34mcolcon.colcon_core.package_identification[0m [1;30mLevel 1[0m _identify(src/phantomx-workbench/phantom_description) by extension 'colcon_meta'
[0.166s] [34mcolcon.colcon_core.package_identification[0m [1;30mLevel 1[0m _identify(src/phantomx-workbench/phantom_description) by extensions ['ros']
[0.166s] [34mcolcon.colcon_core.package_identification[0m [1;30mLevel 1[0m _identify(src/phantomx-workbench/phantom_description) by extension 'ros'
[0.166s] [34mcolcon.colcon_core.package_identification[0m [1;30mDEBUG[0m [32mPackage 'src/phantomx-workbench/phantom_description' with type 'ros.ament_cmake' and name 'phantom_description'[0m
[0.166s] [34mcolcon.colcon_core.package_identification[0m [1;30mLevel 1[0m _identify(src/phantomx-workbench/phantom_vision) by extensions ['ignore', 'ignore_ament_install']
[0.166s] [34mcolcon.colcon_core.package_identification[0m [1;30mLevel 1[0m _identify(src/phantomx-workbench/phantom_vision) by extension 'ignore'
[0.166s] [34mcolcon.colcon_core.package_identification[0m [1;30mLevel 1[0m _identify(src/phantomx-workbench/phantom_vision) by extension 'ignore_ament_install'
[0.167s] [34mcolcon.colcon_core.package_identification[0m [1;30mLevel 1[0m _identify(src/phantomx-workbench/phantom_vision) by extensions ['colcon_pkg']
[0.167s] [34mcolcon.colcon_core.package_identification[0m [1;30mLevel 1[0m _identify(src/phantomx-workbench/phantom_vision) by extension 'colcon_pkg'
[0.167s] [34mcolcon.colcon_core.package_identification[0m [1;30mLevel 1[0m _identify(src/phantomx-workbench/phantom_vision) by extensions ['colcon_meta']
[0.167s] [34mcolcon.colcon_core.package_identification[0m [1;30mLevel 1[0m _identify(src/phantomx-workbench/phantom_vision) by extension 'colcon_meta'
[0.167s] [34mcolcon.colcon_core.package_identification[0m [1;30mLevel 1[0m _identify(src/phantomx-workbench/phantom_vision) by extensions ['ros']
[0.167s] [34mcolcon.colcon_core.package_identification[0m [1;30mLevel 1[0m _identify(src/phantomx-workbench/phantom_vision) by extension 'ros'
[0.167s] [34mcolcon.colcon_core.package_identification[0m [1;30mDEBUG[0m [32mPackage 'src/phantomx-workbench/phantom_vision' with type 'ros.ament_cmake' and name 'phantom_vision'[0m
[0.167s] [34mcolcon.colcon_core.package_discovery[0m [1;30mLevel 1[0m discover_packages(recursive) using defaults
[0.167s] [34mcolcon.colcon_core.package_discovery[0m [1;30mLevel 1[0m discover_packages(ignore) discover
[0.167s] [34mcolcon.colcon_core.package_discovery[0m [1;30mLevel 1[0m discover_packages(ignore) using defaults
[0.167s] [34mcolcon.colcon_core.package_discovery[0m [1;30mLevel 1[0m discover_packages(path) discover
[0.167s] [34mcolcon.colcon_core.package_discovery[0m [1;30mLevel 1[0m discover_packages(path) using defaults
[0.182s] [34mcolcon.colcon_core.verb[0m [1;30mLevel 5[0m set package 'phantom_control' build argument 'cmake_args' from command line to 'None'
[0.182s] [34mcolcon.colcon_core.verb[0m [1;30mLevel 5[0m set package 'phantom_control' build argument 'cmake_target' from command line to 'None'
[0.182s] [34mcolcon.colcon_core.verb[0m [1;30mLevel 5[0m set package 'phantom_control' build argument 'cmake_target_skip_unavailable' from command line to 'False'
[0.182s] [34mcolcon.colcon_core.verb[0m [1;30mLevel 5[0m set package 'phantom_control' build argument 'cmake_clean_cache' from command line to 'False'
[0.182s] [34mcolcon.colcon_core.verb[0m [1;30mLevel 5[0m set package 'phantom_control' build argument 'cmake_clean_first' from command line to 'False'
[0.182s] [34mcolcon.colcon_core.verb[0m [1;30mLevel 5[0m set package 'phantom_control' build argument 'cmake_force_configure' from command line to 'False'
[0.182s] [34mcolcon.colcon_core.verb[0m [1;30mLevel 5[0m set package 'phantom_control' build argument 'ament_cmake_args' from command line to 'None'
[0.182s] [34mcolcon.colcon_core.verb[0m [1;30mLevel 5[0m set package 'phantom_control' build argument 'catkin_cmake_args' from command line to 'None'
[0.182s] [34mcolcon.colcon_core.verb[0m [1;30mLevel 5[0m set package 'phantom_control' build argument 'catkin_skip_building_tests' from command line to 'False'
[0.182s] [34mcolcon.colcon_core.verb[0m [1;30mDEBUG[0m [32mBuilding package 'phantom_control' with the following arguments: {'ament_cmake_args': None, 'build_base': '/home/alejandro/ros2_ws/phantom_ws/build/phantom_control', 'catkin_cmake_args': None, 'catkin_skip_building_tests': False, 'cmake_args': None, 'cmake_clean_cache': False, 'cmake_clean_first': False, 'cmake_force_configure': False, 'cmake_target': None, 'cmake_target_skip_unavailable': False, 'install_base': '/home/alejandro/ros2_ws/phantom_ws/install/phantom_control', 'merge_install': False, 'path': '/home/alejandro/ros2_ws/phantom_ws/src/phantomx-workbench/phantom_control', 'symlink_install': True, 'test_result_base': None}[0m
[0.182s] [34mcolcon.colcon_core.verb[0m [1;30mLevel 5[0m set package 'phantom_coppelia' build argument 'cmake_args' from command line to 'None'
[0.182s] [34mcolcon.colcon_core.verb[0m [1;30mLevel 5[0m set package 'phantom_coppelia' build argument 'cmake_target' from command line to 'None'
[0.182s] [34mcolcon.colcon_core.verb[0m [1;30mLevel 5[0m set package 'phantom_coppelia' build argument 'cmake_target_skip_unavailable' from command line to 'False'
[0.182s] [34mcolcon.colcon_core.verb[0m [1;30mLevel 5[0m set package 'phantom_coppelia' build argument 'cmake_clean_cache' from command line to 'False'
[0.182s] [34mcolcon.colcon_core.verb[0m [1;30mLevel 5[0m set package 'phantom_coppelia' build argument 'cmake_clean_first' from command line to 'False'
[0.182s] [34mcolcon.colcon_core.verb[0m [1;30mLevel 5[0m set package 'phantom_coppelia' build argument 'cmake_force_configure' from command line to 'False'
[0.182s] [34mcolcon.colcon_core.verb[0m [1;30mLevel 5[0m set package 'phantom_coppelia' build argument 'ament_cmake_args' from command line to 'None'
[0.182s] [34mcolcon.colcon_core.verb[0m [1;30mLevel 5[0m set package 'phantom_coppelia' build argument 'catkin_cmake_args' from command line to 'None'
[0.182s] [34mcolcon.colcon_core.verb[0m [1;30mLevel 5[0m set package 'phantom_coppelia' build argument 'catkin_skip_building_tests' from command line to 'False'
[0.182s] [34mcolcon.colcon_core.verb[0m [1;30mDEBUG[0m [32mBuilding package 'phantom_coppelia' with the following arguments: {'ament_cmake_args': None, 'build_base': '/home/alejandro/ros2_ws/phantom_ws/build/phantom_coppelia', 'catkin_cmake_args': None, 'catkin_skip_building_tests': False, 'cmake_args': None, 'cmake_clean_cache': False, 'cmake_clean_first': False, 'cmake_force_configure': False, 'cmake_target': None, 'cmake_target_skip_unavailable': False, 'install_base': '/home/alejandro/ros2_ws/phantom_ws/install/phantom_coppelia', 'merge_install': False, 'path': '/home/alejandro/ros2_ws/phantom_ws/src/phantomx-workbench/phantom_coppelia', 'symlink_install': True, 'test_result_base': None}[0m
[0.182s] [34mcolcon.colcon_core.verb[0m [1;30mLevel 5[0m set package 'phantom_description' build argument 'cmake_args' from command line to 'None'
[0.182s] [34mcolcon.colcon_core.verb[0m [1;30mLevel 5[0m set package 'phantom_description' build argument 'cmake_target' from command line to 'None'
[0.183s] [34mcolcon.colcon_core.verb[0m [1;30mLevel 5[0m set package 'phantom_description' build argument 'cmake_target_skip_unavailable' from command line to 'False'
[0.183s] [34mcolcon.colcon_core.verb[0m [1;30mLevel 5[0m set package 'phantom_description' build argument 'cmake_clean_cache' from command line to 'False'
[0.183s] [34mcolcon.colcon_core.verb[0m [1;30mLevel 5[0m set package 'phantom_description' build argument 'cmake_clean_first' from command line to 'False'
[0.183s] [34mcolcon.colcon_core.verb[0m [1;30mLevel 5[0m set package 'phantom_description' build argument 'cmake_force_configure' from command line to 'False'
[0.183s] [34mcolcon.colcon_core.verb[0m [1;30mLevel 5[0m set package 'phantom_description' build argument 'ament_cmake_args' from command line to 'None'
[0.183s] [34mcolcon.colcon_core.verb[0m [1;30mLevel 5[0m set package 'phantom_description' build argument 'catkin_cmake_args' from command line to 'None'
[0.183s] [34mcolcon.colcon_core.verb[0m [1;30mLevel 5[0m set package 'phantom_description' build argument 'catkin_skip_building_tests' from command line to 'False'
[0.183s] [34mcolcon.colcon_core.verb[0m [1;30mDEBUG[0m [32mBuilding package 'phantom_description' with the following arguments: {'ament_cmake_args': None, 'build_base': '/home/alejandro/ros2_ws/phantom_ws/build/phantom_description', 'catkin_cmake_args': None, 'catkin_skip_building_tests': False, 'cmake_args': None, 'cmake_clean_cache': False, 'cmake_clean_first': False, 'cmake_force_configure': False, 'cmake_target': None, 'cmake_target_skip_unavailable': False, 'install_base': '/home/alejandro/ros2_ws/phantom_ws/install/phantom_description', 'merge_install': False, 'path': '/home/alejandro/ros2_ws/phantom_ws/src/phantomx-workbench/phantom_description', 'symlink_install': True, 'test_result_base': None}[0m
[0.183s] [34mcolcon.colcon_core.verb[0m [1;30mLevel 5[0m set package 'phantom_vision' build argument 'cmake_args' from command line to 'None'
[0.183s] [34mcolcon.colcon_core.verb[0m [1;30mLevel 5[0m set package 'phantom_vision' build argument 'cmake_target' from command line to 'None'
[0.183s] [34mcolcon.colcon_core.verb[0m [1;30mLevel 5[0m set package 'phantom_vision' build argument 'cmake_target_skip_unavailable' from command line to 'False'
[0.183s] [34mcolcon.colcon_core.verb[0m [1;30mLevel 5[0m set package 'phantom_vision' build argument 'cmake_clean_cache' from command line to 'False'
[0.183s] [34mcolcon.colcon_core.verb[0m [1;30mLevel 5[0m set package 'phantom_vision' build argument 'cmake_clean_first' from command line to 'False'
[0.183s] [34mcolcon.colcon_core.verb[0m [1;30mLevel 5[0m set package 'phantom_vision' build argument 'cmake_force_configure' from command line to 'False'
[0.183s] [34mcolcon.colcon_core.verb[0m [1;30mLevel 5[0m set package 'phantom_vision' build argument 'ament_cmake_args' from command line to 'None'
[0.183s] [34mcolcon.colcon_core.verb[0m [1;30mLevel 5[0m set package 'phantom_vision' build argument 'catkin_cmake_args' from command line to 'None'
[0.183s] [34mcolcon.colcon_core.verb[0m [1;30mLevel 5[0m set package 'phantom_vision' build argument 'catkin_skip_building_tests' from command line to 'False'
[0.183s] [34mcolcon.colcon_core.verb[0m [1;30mDEBUG[0m [32mBuilding package 'phantom_vision' with the following arguments: {'ament_cmake_args': None, 'build_base': '/home/alejandro/ros2_ws/phantom_ws/build/phantom_vision', 'catkin_cmake_args': None, 'catkin_skip_building_tests': False, 'cmake_args': None, 'cmake_clean_cache': False, 'cmake_clean_first': False, 'cmake_force_configure': False, 'cmake_target': None, 'cmake_target_skip_unavailable': False, 'install_base': '/home/alejandro/ros2_ws/phantom_ws/install/phantom_vision', 'merge_install': False, 'path': '/home/alejandro/ros2_ws/phantom_ws/src/phantomx-workbench/phantom_vision', 'symlink_install': True, 'test_result_base': None}[0m
[0.183s] [34mcolcon.colcon_core.executor[0m [1;30mINFO[0m Executing jobs using 'parallel' executor
[0.184s] [34mcolcon.colcon_parallel_executor.executor.parallel[0m [1;30mDEBUG[0m [32mrun_until_complete[0m
[0.184s] [34mcolcon.colcon_ros.task.ament_cmake.build[0m [1;30mINFO[0m Building ROS package in '/home/alejandro/ros2_ws/phantom_ws/src/phantomx-workbench/phantom_control' with build type 'ament_cmake'
[0.184s] [34mcolcon.colcon_cmake.task.cmake.build[0m [1;30mINFO[0m Building CMake package in '/home/alejandro/ros2_ws/phantom_ws/src/phantomx-workbench/phantom_control'
[0.185s] [34mcolcon.colcon_core.plugin_system[0m [1;30mINFO[0m Skipping extension 'colcon_core.shell.bat': Not used on non-Windows systems
[0.186s] [34mcolcon.colcon_core.shell[0m [1;30mINFO[0m Skip shell extension 'powershell' for command environment: Not usable outside of PowerShell
[0.186s] [34mcolcon.colcon_core.shell[0m [1;30mDEBUG[0m [32mSkip shell extension 'dsv' for command environment[0m
[0.188s] [34mcolcon.colcon_ros.task.ament_cmake.build[0m [1;30mINFO[0m Building ROS package in '/home/alejandro/ros2_ws/phantom_ws/src/phantomx-workbench/phantom_coppelia' with build type 'ament_cmake'
[0.189s] [34mcolcon.colcon_cmake.task.cmake.build[0m [1;30mINFO[0m Building CMake package in '/home/alejandro/ros2_ws/phantom_ws/src/phantomx-workbench/phantom_coppelia'
[0.189s] [34mcolcon.colcon_core.shell[0m [1;30mINFO[0m Skip shell extension 'powershell' for command environment: Not usable outside of PowerShell
[0.189s] [34mcolcon.colcon_core.shell[0m [1;30mDEBUG[0m [32mSkip shell extension 'dsv' for command environment[0m
[0.190s] [34mcolcon.colcon_ros.task.ament_cmake.build[0m [1;30mINFO[0m Building ROS package in '/home/alejandro/ros2_ws/phantom_ws/src/phantomx-workbench/phantom_description' with build type 'ament_cmake'
[0.191s] [34mcolcon.colcon_cmake.task.cmake.build[0m [1;30mINFO[0m Building CMake package in '/home/alejandro/ros2_ws/phantom_ws/src/phantomx-workbench/phantom_description'
[0.191s] [34mcolcon.colcon_core.shell[0m [1;30mINFO[0m Skip shell extension 'powershell' for command environment: Not usable outside of PowerShell
[0.191s] [34mcolcon.colcon_core.shell[0m [1;30mDEBUG[0m [32mSkip shell extension 'dsv' for command environment[0m
[0.194s] [34mcolcon.colcon_ros.task.ament_cmake.build[0m [1;30mINFO[0m Building ROS package in '/home/alejandro/ros2_ws/phantom_ws/src/phantomx-workbench/phantom_vision' with build type 'ament_cmake'
[0.194s] [34mcolcon.colcon_cmake.task.cmake.build[0m [1;30mINFO[0m Building CMake package in '/home/alejandro/ros2_ws/phantom_ws/src/phantomx-workbench/phantom_vision'
[0.194s] [34mcolcon.colcon_core.shell[0m [1;30mINFO[0m Skip shell extension 'powershell' for command environment: Not usable outside of PowerShell
[0.194s] [34mcolcon.colcon_core.shell[0m [1;30mDEBUG[0m [32mSkip shell extension 'dsv' for command environment[0m
[0.199s] [34mcolcon.colcon_core.event_handler.log_command[0m [1;30mDEBUG[0m [32mInvoking command in '/home/alejandro/ros2_ws/phantom_ws/build/phantom_control': CONDA_PROMPT_MODIFIER=(ros_env) /home/alejandro/.local/share/mamba/envs/ros_env/bin/cmake /home/alejandro/ros2_ws/phantom_ws/src/phantomx-workbench/phantom_control -DAMENT_CMAKE_SYMLINK_INSTALL=1 -DCMAKE_INSTALL_PREFIX=/home/alejandro/ros2_ws/phantom_ws/install/phantom_control[0m
[0.202s] [34mcolcon.colcon_core.event_handler.log_command[0m [1;30mDEBUG[0m [32mInvoking command in '/home/alejandro/ros2_ws/phantom_ws/build/phantom_coppelia': CONDA_PROMPT_MODIFIER=(ros_env) /home/alejandro/.local/share/mamba/envs/ros_env/bin/cmake --build /home/alejandro/ros2_ws/phantom_ws/build/phantom_coppelia -- -j8 -l8[0m
[0.204s] [34mcolcon.colcon_core.event_handler.log_command[0m [1;30mDEBUG[0m [32mInvoking command in '/home/alejandro/ros2_ws/phantom_ws/build/phantom_description': CONDA_PROMPT_MODIFIER=(ros_env) /home/alejandro/.local/share/mamba/envs/ros_env/bin/cmake --build /home/alejandro/ros2_ws/phantom_ws/build/phantom_description -- -j8 -l8[0m
[0.210s] [34mcolcon.colcon_core.event_handler.log_command[0m [1;30mDEBUG[0m [32mInvoking command in '/home/alejandro/ros2_ws/phantom_ws/build/phantom_vision': CONDA_PROMPT_MODIFIER=(ros_env) /home/alejandro/.local/share/mamba/envs/ros_env/bin/cmake --build /home/alejandro/ros2_ws/phantom_ws/build/phantom_vision -- -j8 -l8[0m
[0.232s] [34mcolcon.colcon_core.event_handler.log_command[0m [1;30mDEBUG[0m [32mInvoked command in '/home/alejandro/ros2_ws/phantom_ws/build/phantom_coppelia' returned '0': CONDA_PROMPT_MODIFIER=(ros_env) /home/alejandro/.local/share/mamba/envs/ros_env/bin/cmake --build /home/alejandro/ros2_ws/phantom_ws/build/phantom_coppelia -- -j8 -l8[0m
[0.234s] [34mcolcon.colcon_core.event_handler.log_command[0m [1;30mDEBUG[0m [32mInvoked command in '/home/alejandro/ros2_ws/phantom_ws/build/phantom_description' returned '0': CONDA_PROMPT_MODIFIER=(ros_env) /home/alejandro/.local/share/mamba/envs/ros_env/bin/cmake --build /home/alejandro/ros2_ws/phantom_ws/build/phantom_description -- -j8 -l8[0m
[0.253s] [34mcolcon.colcon_core.event_handler.log_command[0m [1;30mDEBUG[0m [32mInvoking command in '/home/alejandro/ros2_ws/phantom_ws/build/phantom_coppelia': CONDA_PROMPT_MODIFIER=(ros_env) /home/alejandro/.local/share/mamba/envs/ros_env/bin/cmake --install /home/alejandro/ros2_ws/phantom_ws/build/phantom_coppelia[0m
[0.254s] [34mcolcon.colcon_core.event_handler.log_command[0m [1;30mDEBUG[0m [32mInvoking command in '/home/alejandro/ros2_ws/phantom_ws/build/phantom_description': CONDA_PROMPT_MODIFIER=(ros_env) /home/alejandro/.local/share/mamba/envs/ros_env/bin/cmake --install /home/alejandro/ros2_ws/phantom_ws/build/phantom_description[0m
[0.260s] [34mcolcon.colcon_core.event_handler.log_command[0m [1;30mDEBUG[0m [32mInvoked command in '/home/alejandro/ros2_ws/phantom_ws/build/phantom_vision' returned '0': CONDA_PROMPT_MODIFIER=(ros_env) /home/alejandro/.local/share/mamba/envs/ros_env/bin/cmake --build /home/alejandro/ros2_ws/phantom_ws/build/phantom_vision -- -j8 -l8[0m
[0.267s] [34mcolcon.colcon_core.environment[0m [1;30mLevel 1[0m create_environment_scripts_only(phantom_coppelia)
[0.268s] [34mcolcon.colcon_core.event_handler.log_command[0m [1;30mDEBUG[0m [32mInvoked command in '/home/alejandro/ros2_ws/phantom_ws/build/phantom_coppelia' returned '0': CONDA_PROMPT_MODIFIER=(ros_env) /home/alejandro/.local/share/mamba/envs/ros_env/bin/cmake --install /home/alejandro/ros2_ws/phantom_ws/build/phantom_coppelia[0m
[0.270s] [34mcolcon.colcon_core.environment[0m [1;30mLevel 1[0m checking '/home/alejandro/ros2_ws/phantom_ws/install/phantom_coppelia' for CMake module files
[0.271s] [34mcolcon.colcon_core.environment[0m [1;30mLevel 1[0m checking '/home/alejandro/ros2_ws/phantom_ws/install/phantom_coppelia' for CMake config files
[0.271s] [34mcolcon.colcon_core.shell[0m [1;30mLevel 1[0m create_environment_hook('phantom_coppelia', 'cmake_prefix_path')
[0.271s] [34mcolcon.colcon_core.shell[0m [1;30mINFO[0m Creating environment hook '/home/alejandro/ros2_ws/phantom_ws/install/phantom_coppelia/share/phantom_coppelia/hook/cmake_prefix_path.ps1'
[0.271s] [34mcolcon.colcon_core.shell[0m [1;30mINFO[0m Creating environment descriptor '/home/alejandro/ros2_ws/phantom_ws/install/phantom_coppelia/share/phantom_coppelia/hook/cmake_prefix_path.dsv'
[0.272s] [34mcolcon.colcon_core.shell[0m [1;30mINFO[0m Creating environment hook '/home/alejandro/ros2_ws/phantom_ws/install/phantom_coppelia/share/phantom_coppelia/hook/cmake_prefix_path.sh'
[0.272s] [34mcolcon.colcon_core.environment[0m [1;30mLevel 1[0m checking '/home/alejandro/ros2_ws/phantom_ws/install/phantom_coppelia/bin'
[0.272s] [34mcolcon.colcon_core.environment[0m [1;30mLevel 1[0m checking '/home/alejandro/ros2_ws/phantom_ws/install/phantom_coppelia/lib/pkgconfig/phantom_coppelia.pc'
[0.273s] [34mcolcon.colcon_core.environment[0m [1;30mLevel 1[0m checking '/home/alejandro/ros2_ws/phantom_ws/install/phantom_coppelia/lib/python3.11/site-packages'
[0.274s] [34mcolcon.colcon_core.environment[0m [1;30mLevel 1[0m checking '/home/alejandro/ros2_ws/phantom_ws/install/phantom_coppelia/bin'
[0.274s] [34mcolcon.colcon_core.shell[0m [1;30mINFO[0m Creating package script '/home/alejandro/ros2_ws/phantom_ws/install/phantom_coppelia/share/phantom_coppelia/package.ps1'
[0.274s] [34mcolcon.colcon_core.shell[0m [1;30mINFO[0m Creating package descriptor '/home/alejandro/ros2_ws/phantom_ws/install/phantom_coppelia/share/phantom_coppelia/package.dsv'
[0.275s] [34mcolcon.colcon_core.shell[0m [1;30mINFO[0m Creating package script '/home/alejandro/ros2_ws/phantom_ws/install/phantom_coppelia/share/phantom_coppelia/package.sh'
[0.276s] [34mcolcon.colcon_core.shell[0m [1;30mINFO[0m Creating package script '/home/alejandro/ros2_ws/phantom_ws/install/phantom_coppelia/share/phantom_coppelia/package.bash'
[0.277s] [34mcolcon.colcon_core.shell[0m [1;30mINFO[0m Creating package script '/home/alejandro/ros2_ws/phantom_ws/install/phantom_coppelia/share/phantom_coppelia/package.zsh'
[0.277s] [34mcolcon.colcon_core.environment[0m [1;30mLevel 1[0m create_file_with_runtime_dependencies(/home/alejandro/ros2_ws/phantom_ws/install/phantom_coppelia/share/colcon-core/packages/phantom_coppelia)
[0.279s] [34mcolcon.colcon_core.event_handler.log_command[0m [1;30mDEBUG[0m [32mInvoking command in '/home/alejandro/ros2_ws/phantom_ws/build/phantom_vision': CONDA_PROMPT_MODIFIER=(ros_env) /home/alejandro/.local/share/mamba/envs/ros_env/bin/cmake --install /home/alejandro/ros2_ws/phantom_ws/build/phantom_vision[0m
[0.280s] [34mcolcon.colcon_core.environment[0m [1;30mLevel 1[0m create_environment_scripts_only(phantom_description)
[0.280s] [34mcolcon.colcon_core.environment[0m [1;30mLevel 1[0m checking '/home/alejandro/ros2_ws/phantom_ws/install/phantom_description' for CMake module files
[0.280s] [34mcolcon.colcon_core.event_handler.log_command[0m [1;30mDEBUG[0m [32mInvoked command in '/home/alejandro/ros2_ws/phantom_ws/build/phantom_description' returned '0': CONDA_PROMPT_MODIFIER=(ros_env) /home/alejandro/.local/share/mamba/envs/ros_env/bin/cmake --install /home/alejandro/ros2_ws/phantom_ws/build/phantom_description[0m
[0.281s] [34mcolcon.colcon_core.environment[0m [1;30mLevel 1[0m checking '/home/alejandro/ros2_ws/phantom_ws/install/phantom_description' for CMake config files
[0.281s] [34mcolcon.colcon_core.shell[0m [1;30mLevel 1[0m create_environment_hook('phantom_description', 'cmake_prefix_path')
[0.281s] [34mcolcon.colcon_core.shell[0m [1;30mINFO[0m Creating environment hook '/home/alejandro/ros2_ws/phantom_ws/install/phantom_description/share/phantom_description/hook/cmake_prefix_path.ps1'
[0.282s] [34mcolcon.colcon_core.shell[0m [1;30mINFO[0m Creating environment descriptor '/home/alejandro/ros2_ws/phantom_ws/install/phantom_description/share/phantom_description/hook/cmake_prefix_path.dsv'
[0.282s] [34mcolcon.colcon_core.shell[0m [1;30mINFO[0m Creating environment hook '/home/alejandro/ros2_ws/phantom_ws/install/phantom_description/share/phantom_description/hook/cmake_prefix_path.sh'
[0.288s] [34mcolcon.colcon_core.environment[0m [1;30mLevel 1[0m checking '/home/alejandro/ros2_ws/phantom_ws/install/phantom_description/bin'
[0.289s] [34mcolcon.colcon_core.environment[0m [1;30mLevel 1[0m checking '/home/alejandro/ros2_ws/phantom_ws/install/phantom_description/lib/pkgconfig/phantom_description.pc'
[0.294s] [34mcolcon.colcon_core.environment[0m [1;30mLevel 1[0m checking '/home/alejandro/ros2_ws/phantom_ws/install/phantom_description/lib/python3.11/site-packages'
[0.298s] [34mcolcon.colcon_core.environment[0m [1;30mLevel 1[0m checking '/home/alejandro/ros2_ws/phantom_ws/install/phantom_description/bin'
[0.298s] [34mcolcon.colcon_core.shell[0m [1;30mINFO[0m Creating package script '/home/alejandro/ros2_ws/phantom_ws/install/phantom_description/share/phantom_description/package.ps1'
[0.299s] [34mcolcon.colcon_core.shell[0m [1;30mINFO[0m Creating package descriptor '/home/alejandro/ros2_ws/phantom_ws/install/phantom_description/share/phantom_description/package.dsv'
[0.299s] [34mcolcon.colcon_core.shell[0m [1;30mINFO[0m Creating package script '/home/alejandro/ros2_ws/phantom_ws/install/phantom_description/share/phantom_description/package.sh'
[0.300s] [34mcolcon.colcon_core.shell[0m [1;30mINFO[0m Creating package script '/home/alejandro/ros2_ws/phantom_ws/install/phantom_description/share/phantom_description/package.bash'
[0.303s] [34mcolcon.colcon_core.shell[0m [1;30mINFO[0m Creating package script '/home/alejandro/ros2_ws/phantom_ws/install/phantom_description/share/phantom_description/package.zsh'
[0.304s] [34mcolcon.colcon_core.environment[0m [1;30mLevel 1[0m create_file_with_runtime_dependencies(/home/alejandro/ros2_ws/phantom_ws/install/phantom_description/share/colcon-core/packages/phantom_description)
[0.307s] [34mcolcon.colcon_core.environment[0m [1;30mLevel 1[0m create_environment_scripts_only(phantom_coppelia)
[0.307s] [34mcolcon.colcon_core.environment[0m [1;30mLevel 1[0m checking '/home/alejandro/ros2_ws/phantom_ws/install/phantom_coppelia' for CMake module files
[0.308s] [34mcolcon.colcon_core.environment[0m [1;30mLevel 1[0m checking '/home/alejandro/ros2_ws/phantom_ws/install/phantom_coppelia' for CMake config files
[0.308s] [34mcolcon.colcon_core.shell[0m [1;30mLevel 1[0m create_environment_hook('phantom_coppelia', 'cmake_prefix_path')
[0.308s] [34mcolcon.colcon_core.shell[0m [1;30mINFO[0m Creating environment hook '/home/alejandro/ros2_ws/phantom_ws/install/phantom_coppelia/share/phantom_coppelia/hook/cmake_prefix_path.ps1'
[0.308s] [34mcolcon.colcon_core.shell[0m [1;30mINFO[0m Creating environment descriptor '/home/alejandro/ros2_ws/phantom_ws/install/phantom_coppelia/share/phantom_coppelia/hook/cmake_prefix_path.dsv'
[0.308s] [34mcolcon.colcon_core.shell[0m [1;30mINFO[0m Creating environment hook '/home/alejandro/ros2_ws/phantom_ws/install/phantom_coppelia/share/phantom_coppelia/hook/cmake_prefix_path.sh'
[0.309s] [34mcolcon.colcon_core.environment[0m [1;30mLevel 1[0m checking '/home/alejandro/ros2_ws/phantom_ws/install/phantom_coppelia/bin'
[0.309s] [34mcolcon.colcon_core.environment[0m [1;30mLevel 1[0m checking '/home/alejandro/ros2_ws/phantom_ws/install/phantom_coppelia/lib/pkgconfig/phantom_coppelia.pc'
[0.309s] [34mcolcon.colcon_core.environment[0m [1;30mLevel 1[0m checking '/home/alejandro/ros2_ws/phantom_ws/install/phantom_coppelia/lib/python3.11/site-packages'
[0.309s] [34mcolcon.colcon_core.environment[0m [1;30mLevel 1[0m checking '/home/alejandro/ros2_ws/phantom_ws/install/phantom_coppelia/bin'
[0.309s] [34mcolcon.colcon_core.shell[0m [1;30mINFO[0m Creating package script '/home/alejandro/ros2_ws/phantom_ws/install/phantom_coppelia/share/phantom_coppelia/package.ps1'
[0.310s] [34mcolcon.colcon_core.shell[0m [1;30mINFO[0m Creating package descriptor '/home/alejandro/ros2_ws/phantom_ws/install/phantom_coppelia/share/phantom_coppelia/package.dsv'
[0.310s] [34mcolcon.colcon_core.shell[0m [1;30mINFO[0m Creating package script '/home/alejandro/ros2_ws/phantom_ws/install/phantom_coppelia/share/phantom_coppelia/package.sh'
[0.311s] [34mcolcon.colcon_core.shell[0m [1;30mINFO[0m Creating package script '/home/alejandro/ros2_ws/phantom_ws/install/phantom_coppelia/share/phantom_coppelia/package.bash'
[0.311s] [34mcolcon.colcon_core.shell[0m [1;30mINFO[0m Creating package script '/home/alejandro/ros2_ws/phantom_ws/install/phantom_coppelia/share/phantom_coppelia/package.zsh'
[0.312s] [34mcolcon.colcon_core.environment[0m [1;30mLevel 1[0m create_file_with_runtime_dependencies(/home/alejandro/ros2_ws/phantom_ws/install/phantom_coppelia/share/colcon-core/packages/phantom_coppelia)
[0.319s] [34mcolcon.colcon_core.environment[0m [1;30mLevel 1[0m create_environment_scripts_only(phantom_description)
[0.319s] [34mcolcon.colcon_core.environment[0m [1;30mLevel 1[0m checking '/home/alejandro/ros2_ws/phantom_ws/install/phantom_description' for CMake module files
[0.320s] [34mcolcon.colcon_core.environment[0m [1;30mLevel 1[0m checking '/home/alejandro/ros2_ws/phantom_ws/install/phantom_description' for CMake config files
[0.320s] [34mcolcon.colcon_core.shell[0m [1;30mLevel 1[0m create_environment_hook('phantom_description', 'cmake_prefix_path')
[0.320s] [34mcolcon.colcon_core.shell[0m [1;30mINFO[0m Creating environment hook '/home/alejandro/ros2_ws/phantom_ws/install/phantom_description/share/phantom_description/hook/cmake_prefix_path.ps1'
[0.321s] [34mcolcon.colcon_core.shell[0m [1;30mINFO[0m Creating environment descriptor '/home/alejandro/ros2_ws/phantom_ws/install/phantom_description/share/phantom_description/hook/cmake_prefix_path.dsv'
[0.321s] [34mcolcon.colcon_core.shell[0m [1;30mINFO[0m Creating environment hook '/home/alejandro/ros2_ws/phantom_ws/install/phantom_description/share/phantom_description/hook/cmake_prefix_path.sh'
[0.321s] [34mcolcon.colcon_core.environment[0m [1;30mLevel 1[0m checking '/home/alejandro/ros2_ws/phantom_ws/install/phantom_description/bin'
[0.321s] [34mcolcon.colcon_core.environment[0m [1;30mLevel 1[0m checking '/home/alejandro/ros2_ws/phantom_ws/install/phantom_description/lib/pkgconfig/phantom_description.pc'
[0.322s] [34mcolcon.colcon_core.environment[0m [1;30mLevel 1[0m checking '/home/alejandro/ros2_ws/phantom_ws/install/phantom_description/lib/python3.11/site-packages'
[0.322s] [34mcolcon.colcon_core.environment[0m [1;30mLevel 1[0m checking '/home/alejandro/ros2_ws/phantom_ws/install/phantom_description/bin'
[0.322s] [34mcolcon.colcon_core.shell[0m [1;30mINFO[0m Creating package script '/home/alejandro/ros2_ws/phantom_ws/install/phantom_description/share/phantom_description/package.ps1'
[0.322s] [34mcolcon.colcon_core.shell[0m [1;30mINFO[0m Creating package descriptor '/home/alejandro/ros2_ws/phantom_ws/install/phantom_description/share/phantom_description/package.dsv'
[0.323s] [34mcolcon.colcon_core.shell[0m [1;30mINFO[0m Creating package script '/home/alejandro/ros2_ws/phantom_ws/install/phantom_description/share/phantom_description/package.sh'
[0.324s] [34mcolcon.colcon_core.shell[0m [1;30mINFO[0m Creating package script '/home/alejandro/ros2_ws/phantom_ws/install/phantom_description/share/phantom_description/package.bash'
[0.324s] [34mcolcon.colcon_core.shell[0m [1;30mINFO[0m Creating package script '/home/alejandro/ros2_ws/phantom_ws/install/phantom_description/share/phantom_description/package.zsh'
[0.325s] [34mcolcon.colcon_core.environment[0m [1;30mLevel 1[0m create_file_with_runtime_dependencies(/home/alejandro/ros2_ws/phantom_ws/install/phantom_description/share/colcon-core/packages/phantom_description)
[0.387s] [34mcolcon.colcon_core.environment[0m [1;30mLevel 1[0m create_environment_scripts_only(phantom_vision)
[0.395s] [34mcolcon.colcon_core.event_handler.log_command[0m [1;30mDEBUG[0m [32mInvoked command in '/home/alejandro/ros2_ws/phantom_ws/build/phantom_vision' returned '0': CONDA_PROMPT_MODIFIER=(ros_env) /home/alejandro/.local/share/mamba/envs/ros_env/bin/cmake --install /home/alejandro/ros2_ws/phantom_ws/build/phantom_vision[0m
[0.395s] [34mcolcon.colcon_core.environment[0m [1;30mLevel 1[0m checking '/home/alejandro/ros2_ws/phantom_ws/install/phantom_vision' for CMake module files
[0.396s] [34mcolcon.colcon_core.environment[0m [1;30mLevel 1[0m checking '/home/alejandro/ros2_ws/phantom_ws/install/phantom_vision' for CMake config files
[0.396s] [34mcolcon.colcon_core.shell[0m [1;30mLevel 1[0m create_environment_hook('phantom_vision', 'cmake_prefix_path')
[0.396s] [34mcolcon.colcon_core.shell[0m [1;30mINFO[0m Creating environment hook '/home/alejandro/ros2_ws/phantom_ws/install/phantom_vision/share/phantom_vision/hook/cmake_prefix_path.ps1'
[0.396s] [34mcolcon.colcon_core.shell[0m [1;30mINFO[0m Creating environment descriptor '/home/alejandro/ros2_ws/phantom_ws/install/phantom_vision/share/phantom_vision/hook/cmake_prefix_path.dsv'
[0.396s] [34mcolcon.colcon_core.shell[0m [1;30mINFO[0m Creating environment hook '/home/alejandro/ros2_ws/phantom_ws/install/phantom_vision/share/phantom_vision/hook/cmake_prefix_path.sh'
[0.397s] [34mcolcon.colcon_core.environment[0m [1;30mLevel 1[0m checking '/home/alejandro/ros2_ws/phantom_ws/install/phantom_vision/lib'
[0.397s] [34mcolcon.colcon_core.environment[0m [1;30mLevel 1[0m checking '/home/alejandro/ros2_ws/phantom_ws/install/phantom_vision/bin'
[0.397s] [34mcolcon.colcon_core.environment[0m [1;30mLevel 1[0m checking '/home/alejandro/ros2_ws/phantom_ws/install/phantom_vision/lib/pkgconfig/phantom_vision.pc'
[0.397s] [34mcolcon.colcon_core.environment[0m [1;30mLevel 1[0m checking '/home/alejandro/ros2_ws/phantom_ws/install/phantom_vision/lib/python3.11/site-packages'
[0.397s] [34mcolcon.colcon_core.environment[0m [1;30mLevel 1[0m checking '/home/alejandro/ros2_ws/phantom_ws/install/phantom_vision/bin'
[0.397s] [34mcolcon.colcon_core.shell[0m [1;30mINFO[0m Creating package script '/home/alejandro/ros2_ws/phantom_ws/install/phantom_vision/share/phantom_vision/package.ps1'
[0.398s] [34mcolcon.colcon_core.shell[0m [1;30mINFO[0m Creating package descriptor '/home/alejandro/ros2_ws/phantom_ws/install/phantom_vision/share/phantom_vision/package.dsv'
[0.398s] [34mcolcon.colcon_core.shell[0m [1;30mINFO[0m Creating package script '/home/alejandro/ros2_ws/phantom_ws/install/phantom_vision/share/phantom_vision/package.sh'
[0.398s] [34mcolcon.colcon_core.shell[0m [1;30mINFO[0m Creating package script '/home/alejandro/ros2_ws/phantom_ws/install/phantom_vision/share/phantom_vision/package.bash'
[0.398s] [34mcolcon.colcon_core.shell[0m [1;30mINFO[0m Creating package script '/home/alejandro/ros2_ws/phantom_ws/install/phantom_vision/share/phantom_vision/package.zsh'
[0.399s] [34mcolcon.colcon_core.environment[0m [1;30mLevel 1[0m create_file_with_runtime_dependencies(/home/alejandro/ros2_ws/phantom_ws/install/phantom_vision/share/colcon-core/packages/phantom_vision)
[0.414s] [34mcolcon.colcon_core.environment[0m [1;30mLevel 1[0m create_environment_scripts_only(phantom_vision)
[0.414s] [34mcolcon.colcon_core.environment[0m [1;30mLevel 1[0m checking '/home/alejandro/ros2_ws/phantom_ws/install/phantom_vision' for CMake module files
[0.415s] [34mcolcon.colcon_core.environment[0m [1;30mLevel 1[0m checking '/home/alejandro/ros2_ws/phantom_ws/install/phantom_vision' for CMake config files
[0.415s] [34mcolcon.colcon_core.shell[0m [1;30mLevel 1[0m create_environment_hook('phantom_vision', 'cmake_prefix_path')
[0.415s] [34mcolcon.colcon_core.shell[0m [1;30mINFO[0m Creating environment hook '/home/alejandro/ros2_ws/phantom_ws/install/phantom_vision/share/phantom_vision/hook/cmake_prefix_path.ps1'
[0.415s] [34mcolcon.colcon_core.shell[0m [1;30mINFO[0m Creating environment descriptor '/home/alejandro/ros2_ws/phantom_ws/install/phantom_vision/share/phantom_vision/hook/cmake_prefix_path.dsv'
[0.415s] [34mcolcon.colcon_core.shell[0m [1;30mINFO[0m Creating environment hook '/home/alejandro/ros2_ws/phantom_ws/install/phantom_vision/share/phantom_vision/hook/cmake_prefix_path.sh'
[0.416s] [34mcolcon.colcon_core.environment[0m [1;30mLevel 1[0m checking '/home/alejandro/ros2_ws/phantom_ws/install/phantom_vision/lib'
[0.416s] [34mcolcon.colcon_core.environment[0m [1;30mLevel 1[0m checking '/home/alejandro/ros2_ws/phantom_ws/install/phantom_vision/bin'
[0.416s] [34mcolcon.colcon_core.environment[0m [1;30mLevel 1[0m checking '/home/alejandro/ros2_ws/phantom_ws/install/phantom_vision/lib/pkgconfig/phantom_vision.pc'
[0.416s] [34mcolcon.colcon_core.environment[0m [1;30mLevel 1[0m checking '/home/alejandro/ros2_ws/phantom_ws/install/phantom_vision/lib/python3.11/site-packages'
[0.416s] [34mcolcon.colcon_core.environment[0m [1;30mLevel 1[0m checking '/home/alejandro/ros2_ws/phantom_ws/install/phantom_vision/bin'
[0.416s] [34mcolcon.colcon_core.shell[0m [1;30mINFO[0m Creating package script '/home/alejandro/ros2_ws/phantom_ws/install/phantom_vision/share/phantom_vision/package.ps1'
[0.417s] [34mcolcon.colcon_core.shell[0m [1;30mINFO[0m Creating package descriptor '/home/alejandro/ros2_ws/phantom_ws/install/phantom_vision/share/phantom_vision/package.dsv'
[0.418s] [34mcolcon.colcon_core.shell[0m [1;30mINFO[0m Creating package script '/home/alejandro/ros2_ws/phantom_ws/install/phantom_vision/share/phantom_vision/package.sh'
[0.418s] [34mcolcon.colcon_core.shell[0m [1;30mINFO[0m Creating package script '/home/alejandro/ros2_ws/phantom_ws/install/phantom_vision/share/phantom_vision/package.bash'
[0.418s] [34mcolcon.colcon_core.shell[0m [1;30mINFO[0m Creating package script '/home/alejandro/ros2_ws/phantom_ws/install/phantom_vision/share/phantom_vision/package.zsh'
[0.419s] [34mcolcon.colcon_core.environment[0m [1;30mLevel 1[0m create_file_with_runtime_dependencies(/home/alejandro/ros2_ws/phantom_ws/install/phantom_vision/share/colcon-core/packages/phantom_vision)
[1.046s] [34mcolcon.colcon_core.event_handler.log_command[0m [1;30mDEBUG[0m [32mInvoked command in '/home/alejandro/ros2_ws/phantom_ws/build/phantom_control' returned '0': CONDA_PROMPT_MODIFIER=(ros_env) /home/alejandro/.local/share/mamba/envs/ros_env/bin/cmake /home/alejandro/ros2_ws/phantom_ws/src/phantomx-workbench/phantom_control -DAMENT_CMAKE_SYMLINK_INSTALL=1 -DCMAKE_INSTALL_PREFIX=/home/alejandro/ros2_ws/phantom_ws/install/phantom_control[0m
[1.047s] [34mcolcon.colcon_core.event_handler.log_command[0m [1;30mDEBUG[0m [32mInvoking command in '/home/alejandro/ros2_ws/phantom_ws/build/phantom_control': CONDA_PROMPT_MODIFIER=(ros_env) /home/alejandro/.local/share/mamba/envs/ros_env/bin/cmake --build /home/alejandro/ros2_ws/phantom_ws/build/phantom_control -- -j8 -l8[0m
[12.399s] [34mcolcon.colcon_core.event_handler.log_command[0m [1;30mDEBUG[0m [32mInvoked command in '/home/alejandro/ros2_ws/phantom_ws/build/phantom_control' returned '0': CONDA_PROMPT_MODIFIER=(ros_env) /home/alejandro/.local/share/mamba/envs/ros_env/bin/cmake --build /home/alejandro/ros2_ws/phantom_ws/build/phantom_control -- -j8 -l8[0m
[12.420s] [34mcolcon.colcon_core.event_handler.log_command[0m [1;30mDEBUG[0m [32mInvoking command in '/home/alejandro/ros2_ws/phantom_ws/build/phantom_control': CONDA_PROMPT_MODIFIER=(ros_env) /home/alejandro/.local/share/mamba/envs/ros_env/bin/cmake --install /home/alejandro/ros2_ws/phantom_ws/build/phantom_control[0m
[12.623s] [34mcolcon.colcon_core.environment[0m [1;30mLevel 1[0m create_environment_scripts_only(phantom_control)
[12.623s] [34mcolcon.colcon_core.environment[0m [1;30mLevel 1[0m checking '/home/alejandro/ros2_ws/phantom_ws/install/phantom_control' for CMake module files
[12.623s] [34mcolcon.colcon_core.event_handler.log_command[0m [1;30mDEBUG[0m [32mInvoked command in '/home/alejandro/ros2_ws/phantom_ws/build/phantom_control' returned '0': CONDA_PROMPT_MODIFIER=(ros_env) /home/alejandro/.local/share/mamba/envs/ros_env/bin/cmake --install /home/alejandro/ros2_ws/phantom_ws/build/phantom_control[0m
[12.624s] [34mcolcon.colcon_core.environment[0m [1;30mLevel 1[0m checking '/home/alejandro/ros2_ws/phantom_ws/install/phantom_control' for CMake config files
[12.624s] [34mcolcon.colcon_core.shell[0m [1;30mLevel 1[0m create_environment_hook('phantom_control', 'cmake_prefix_path')
[12.624s] [34mcolcon.colcon_core.shell[0m [1;30mINFO[0m Creating environment hook '/home/alejandro/ros2_ws/phantom_ws/install/phantom_control/share/phantom_control/hook/cmake_prefix_path.ps1'
[12.625s] [34mcolcon.colcon_core.shell[0m [1;30mINFO[0m Creating environment descriptor '/home/alejandro/ros2_ws/phantom_ws/install/phantom_control/share/phantom_control/hook/cmake_prefix_path.dsv'
[12.625s] [34mcolcon.colcon_core.shell[0m [1;30mINFO[0m Creating environment hook '/home/alejandro/ros2_ws/phantom_ws/install/phantom_control/share/phantom_control/hook/cmake_prefix_path.sh'
[12.626s] [34mcolcon.colcon_core.environment[0m [1;30mLevel 1[0m checking '/home/alejandro/ros2_ws/phantom_ws/install/phantom_control/lib'
[12.626s] [34mcolcon.colcon_core.shell[0m [1;30mLevel 1[0m create_environment_hook('phantom_control', 'ld_library_path_lib')
[12.626s] [34mcolcon.colcon_core.shell[0m [1;30mINFO[0m Creating environment hook '/home/alejandro/ros2_ws/phantom_ws/install/phantom_control/share/phantom_control/hook/ld_library_path_lib.ps1'
[12.626s] [34mcolcon.colcon_core.shell[0m [1;30mINFO[0m Creating environment descriptor '/home/alejandro/ros2_ws/phantom_ws/install/phantom_control/share/phantom_control/hook/ld_library_path_lib.dsv'
[12.627s] [34mcolcon.colcon_core.shell[0m [1;30mINFO[0m Creating environment hook '/home/alejandro/ros2_ws/phantom_ws/install/phantom_control/share/phantom_control/hook/ld_library_path_lib.sh'
[12.627s] [34mcolcon.colcon_core.environment[0m [1;30mLevel 1[0m checking '/home/alejandro/ros2_ws/phantom_ws/install/phantom_control/bin'
[12.627s] [34mcolcon.colcon_core.environment[0m [1;30mLevel 1[0m checking '/home/alejandro/ros2_ws/phantom_ws/install/phantom_control/lib/pkgconfig/phantom_control.pc'
[12.627s] [34mcolcon.colcon_core.environment[0m [1;30mLevel 1[0m checking '/home/alejandro/ros2_ws/phantom_ws/install/phantom_control/lib/python3.11/site-packages'
[12.627s] [34mcolcon.colcon_core.environment[0m [1;30mLevel 1[0m checking '/home/alejandro/ros2_ws/phantom_ws/install/phantom_control/bin'
[12.628s] [34mcolcon.colcon_core.shell[0m [1;30mINFO[0m Creating package script '/home/alejandro/ros2_ws/phantom_ws/install/phantom_control/share/phantom_control/package.ps1'
[12.628s] [34mcolcon.colcon_core.shell[0m [1;30mINFO[0m Creating package descriptor '/home/alejandro/ros2_ws/phantom_ws/install/phantom_control/share/phantom_control/package.dsv'
[12.628s] [34mcolcon.colcon_core.shell[0m [1;30mINFO[0m Creating package script '/home/alejandro/ros2_ws/phantom_ws/install/phantom_control/share/phantom_control/package.sh'
[12.628s] [34mcolcon.colcon_core.shell[0m [1;30mINFO[0m Creating package script '/home/alejandro/ros2_ws/phantom_ws/install/phantom_control/share/phantom_control/package.bash'
[12.629s] [34mcolcon.colcon_core.shell[0m [1;30mINFO[0m Creating package script '/home/alejandro/ros2_ws/phantom_ws/install/phantom_control/share/phantom_control/package.zsh'
[12.629s] [34mcolcon.colcon_core.environment[0m [1;30mLevel 1[0m create_file_with_runtime_dependencies(/home/alejandro/ros2_ws/phantom_ws/install/phantom_control/share/colcon-core/packages/phantom_control)
[12.648s] [34mcolcon.colcon_core.environment[0m [1;30mLevel 1[0m create_environment_scripts_only(phantom_control)
[12.648s] [34mcolcon.colcon_core.environment[0m [1;30mLevel 1[0m checking '/home/alejandro/ros2_ws/phantom_ws/install/phantom_control' for CMake module files
[12.648s] [34mcolcon.colcon_core.environment[0m [1;30mLevel 1[0m checking '/home/alejandro/ros2_ws/phantom_ws/install/phantom_control' for CMake config files
[12.648s] [34mcolcon.colcon_core.shell[0m [1;30mLevel 1[0m create_environment_hook('phantom_control', 'cmake_prefix_path')
[12.649s] [34mcolcon.colcon_core.shell[0m [1;30mINFO[0m Creating environment hook '/home/alejandro/ros2_ws/phantom_ws/install/phantom_control/share/phantom_control/hook/cmake_prefix_path.ps1'
[12.649s] [34mcolcon.colcon_core.shell[0m [1;30mINFO[0m Creating environment descriptor '/home/alejandro/ros2_ws/phantom_ws/install/phantom_control/share/phantom_control/hook/cmake_prefix_path.dsv'
[12.649s] [34mcolcon.colcon_core.shell[0m [1;30mINFO[0m Creating environment hook '/home/alejandro/ros2_ws/phantom_ws/install/phantom_control/share/phantom_control/hook/cmake_prefix_path.sh'
[12.650s] [34mcolcon.colcon_core.environment[0m [1;30mLevel 1[0m checking '/home/alejandro/ros2_ws/phantom_ws/install/phantom_control/lib'
[12.650s] [34mcolcon.colcon_core.shell[0m [1;30mLevel 1[0m create_environment_hook('phantom_control', 'ld_library_path_lib')
[12.650s] [34mcolcon.colcon_core.shell[0m [1;30mINFO[0m Creating environment hook '/home/alejandro/ros2_ws/phantom_ws/install/phantom_control/share/phantom_control/hook/ld_library_path_lib.ps1'
[12.650s] [34mcolcon.colcon_core.shell[0m [1;30mINFO[0m Creating environment descriptor '/home/alejandro/ros2_ws/phantom_ws/install/phantom_control/share/phantom_control/hook/ld_library_path_lib.dsv'
[12.650s] [34mcolcon.colcon_core.shell[0m [1;30mINFO[0m Creating environment hook '/home/alejandro/ros2_ws/phantom_ws/install/phantom_control/share/phantom_control/hook/ld_library_path_lib.sh'
[12.651s] [34mcolcon.colcon_core.environment[0m [1;30mLevel 1[0m checking '/home/alejandro/ros2_ws/phantom_ws/install/phantom_control/bin'
[12.651s] [34mcolcon.colcon_core.environment[0m [1;30mLevel 1[0m checking '/home/alejandro/ros2_ws/phantom_ws/install/phantom_control/lib/pkgconfig/phantom_control.pc'
[12.651s] [34mcolcon.colcon_core.environment[0m [1;30mLevel 1[0m checking '/home/alejandro/ros2_ws/phantom_ws/install/phantom_control/lib/python3.11/site-packages'
[12.651s] [34mcolcon.colcon_core.environment[0m [1;30mLevel 1[0m checking '/home/alejandro/ros2_ws/phantom_ws/install/phantom_control/bin'
[12.651s] [34mcolcon.colcon_core.shell[0m [1;30mINFO[0m Creating package script '/home/alejandro/ros2_ws/phantom_ws/install/phantom_control/share/phantom_control/package.ps1'
[12.652s] [34mcolcon.colcon_core.shell[0m [1;30mINFO[0m Creating package descriptor '/home/alejandro/ros2_ws/phantom_ws/install/phantom_control/share/phantom_control/package.dsv'
[12.652s] [34mcolcon.colcon_core.shell[0m [1;30mINFO[0m Creating package script '/home/alejandro/ros2_ws/phantom_ws/install/phantom_control/share/phantom_control/package.sh'
[12.652s] [34mcolcon.colcon_core.shell[0m [1;30mINFO[0m Creating package script '/home/alejandro/ros2_ws/phantom_ws/install/phantom_control/share/phantom_control/package.bash'
[12.652s] [34mcolcon.colcon_core.shell[0m [1;30mINFO[0m Creating package script '/home/alejandro/ros2_ws/phantom_ws/install/phantom_control/share/phantom_control/package.zsh'
[12.653s] [34mcolcon.colcon_core.environment[0m [1;30mLevel 1[0m create_file_with_runtime_dependencies(/home/alejandro/ros2_ws/phantom_ws/install/phantom_control/share/colcon-core/packages/phantom_control)
[12.653s] [34mcolcon.colcon_parallel_executor.executor.parallel[0m [1;30mDEBUG[0m [32mclosing loop[0m
[12.653s] [34mcolcon.colcon_parallel_executor.executor.parallel[0m [1;30mDEBUG[0m [32mloop closed[0m
[12.653s] [34mcolcon.colcon_parallel_executor.executor.parallel[0m [1;30mDEBUG[0m [32mrun_until_complete finished with '0'[0m
[12.653s] [34mcolcon.colcon_core.event_reactor[0m [1;30mDEBUG[0m [32mjoining thread[0m
[12.654s] [34mcolcon.colcon_core.event_reactor[0m [1;30mDEBUG[0m [32mjoined thread[0m
[12.654s] [34mcolcon.colcon_core.shell[0m [1;30mINFO[0m Creating prefix script '/home/alejandro/ros2_ws/phantom_ws/install/local_setup.ps1'
[12.655s] [34mcolcon.colcon_core.shell[0m [1;30mINFO[0m Creating prefix util module '/home/alejandro/ros2_ws/phantom_ws/install/_local_setup_util_ps1.py'
[12.656s] [34mcolcon.colcon_core.shell[0m [1;30mINFO[0m Creating prefix chain script '/home/alejandro/ros2_ws/phantom_ws/install/setup.ps1'
[12.656s] [34mcolcon.colcon_core.shell[0m [1;30mINFO[0m Creating prefix script '/home/alejandro/ros2_ws/phantom_ws/install/local_setup.sh'
[12.657s] [34mcolcon.colcon_core.shell[0m [1;30mINFO[0m Creating prefix util module '/home/alejandro/ros2_ws/phantom_ws/install/_local_setup_util_sh.py'
[12.657s] [34mcolcon.colcon_core.shell[0m [1;30mINFO[0m Creating prefix chain script '/home/alejandro/ros2_ws/phantom_ws/install/setup.sh'
[12.658s] [34mcolcon.colcon_core.shell[0m [1;30mINFO[0m Creating prefix script '/home/alejandro/ros2_ws/phantom_ws/install/local_setup.bash'
[12.658s] [34mcolcon.colcon_core.shell[0m [1;30mINFO[0m Creating prefix chain script '/home/alejandro/ros2_ws/phantom_ws/install/setup.bash'
[12.659s] [34mcolcon.colcon_core.shell[0m [1;30mINFO[0m Creating prefix script '/home/alejandro/ros2_ws/phantom_ws/install/local_setup.zsh'
[12.659s] [34mcolcon.colcon_core.shell[0m [1;30mINFO[0m Creating prefix chain script '/home/alejandro/ros2_ws/phantom_ws/install/setup.zsh'
